2025-11-27 11:54:17,132 - INFO - Loading embeddings...
2025-11-27 11:54:17,170 - INFO - Loaded 4026 samples with dimension 256 from /zhome/ea/6/187439/computational-tools-project/data/embeddings_small.npz

2025-11-27 11:54:17,170 - INFO - Fitting CURE hierarchical clustering...
2025-11-27 11:57:10,193 - INFO - Fitted CURE model.

2025-11-27 11:57:10,195 - INFO - Saving linkage matrix and sample data to /zhome/ea/6/187439/computational-tools-project/locals/test_cure_5...
2025-11-27 11:57:11,931 - INFO - Saving dendrogram plot...
2025-11-27 11:57:26,136 - INFO - Davies-Bouldin Index scores for different cluster counts:
2025-11-27 11:57:26,138 - INFO -  - 2 clusters: DBI = 1.3428, Noise% = 26.65%
2025-11-27 11:57:26,712 - INFO -  - 5 clusters: DBI = 1.2572, Noise% = 15.72%
2025-11-27 11:57:26,713 - INFO -  - 10 clusters: DBI = 1.3387, Noise% = 7.48%
2025-11-27 11:57:26,713 - INFO -  - 20 clusters: DBI = 1.3767, Noise% = 4.62%
2025-11-27 11:57:26,714 - INFO - Done.
[1;34mwandb[0m: 
[1;34mwandb[0m: 🚀 View run [33mtune_cure_coarse_5[0m at: [34m[0m
[1;34mwandb[0m: Find logs at: [1;35mwandb/run-20251127_115415-g8bf5ini/logs[0m
2025-11-27 11:57:38,688 - INFO - Loading embeddings...
2025-11-27 11:57:38,730 - INFO - Loaded 4026 samples with dimension 256 from /zhome/ea/6/187439/computational-tools-project/data/embeddings_small.npz

2025-11-27 11:57:38,731 - INFO - Fitting CURE hierarchical clustering...
2025-11-27 12:00:29,381 - INFO - Fitted CURE model.

2025-11-27 12:00:29,383 - INFO - Saving linkage matrix and sample data to /zhome/ea/6/187439/computational-tools-project/locals/test_cure_5...
2025-11-27 12:00:31,052 - INFO - Saving dendrogram plot...
2025-11-27 12:00:44,913 - INFO - Davies-Bouldin Index scores for different cluster counts:
2025-11-27 12:00:44,915 - INFO -  - 2 clusters: DBI = 1.3882, Noise% = 15.25%
2025-11-27 12:00:45,522 - INFO -  - 5 clusters: DBI = 1.2989, Noise% = 8.12%
2025-11-27 12:00:45,523 - INFO -  - 10 clusters: DBI = 1.3650, Noise% = 3.95%
2025-11-27 12:00:45,523 - INFO -  - 20 clusters: DBI = 1.3921, Noise% = 2.58%
2025-11-27 12:00:45,524 - INFO - Done.
[1;34mwandb[0m: 
[1;34mwandb[0m: 🚀 View run [33mtune_cure_coarse_5[0m at: [34m[0m
[1;34mwandb[0m: Find logs at: [1;35mwandb/run-20251127_115737-7b87sye4/logs[0m
2025-11-27 12:00:55,961 - INFO - Loading embeddings...
2025-11-27 12:00:56,011 - INFO - Loaded 4026 samples with dimension 256 from /zhome/ea/6/187439/computational-tools-project/data/embeddings_small.npz

2025-11-27 12:00:56,013 - INFO - Fitting CURE hierarchical clustering...
2025-11-27 12:03:48,427 - INFO - Fitted CURE model.

2025-11-27 12:03:48,429 - INFO - Saving linkage matrix and sample data to /zhome/ea/6/187439/computational-tools-project/locals/test_cure_5...
2025-11-27 12:03:50,085 - INFO - Saving dendrogram plot...
2025-11-27 12:04:04,268 - INFO - Davies-Bouldin Index scores for different cluster counts:
2025-11-27 12:04:04,271 - INFO -  - 2 clusters: DBI = 1.4309, Noise% = 8.35%
2025-11-27 12:04:04,733 - INFO -  - 5 clusters: DBI = 1.3259, Noise% = 4.67%
2025-11-27 12:04:04,734 - INFO -  - 10 clusters: DBI = 1.3802, Noise% = 2.61%
2025-11-27 12:04:04,734 - INFO -  - 20 clusters: DBI = 1.4020, Noise% = 1.79%
2025-11-27 12:04:04,735 - INFO - Done.
[1;34mwandb[0m: 
[1;34mwandb[0m: 🚀 View run [33mtune_cure_coarse_5[0m at: [34m[0m
[1;34mwandb[0m: Find logs at: [1;35mwandb/run-20251127_120054-a9vwubvn/logs[0m
2025-11-27 12:04:15,667 - INFO - Loading embeddings...
2025-11-27 12:04:15,702 - INFO - Loaded 4026 samples with dimension 256 from /zhome/ea/6/187439/computational-tools-project/data/embeddings_small.npz

2025-11-27 12:04:15,703 - INFO - Fitting CURE hierarchical clustering...
2025-11-27 12:06:39,635 - INFO - Fitted CURE model.

2025-11-27 12:06:39,637 - INFO - Saving linkage matrix and sample data to /zhome/ea/6/187439/computational-tools-project/locals/test_cure_5...
2025-11-27 12:06:41,349 - INFO - Saving dendrogram plot...
2025-11-27 12:06:56,465 - INFO - Davies-Bouldin Index scores for different cluster counts:
2025-11-27 12:06:56,468 - INFO -  - 2 clusters: DBI = 1.5608, Noise% = 4.42%
2025-11-27 12:06:56,871 - INFO -  - 5 clusters: DBI = 1.4933, Noise% = 1.74%
2025-11-27 12:06:56,872 - INFO -  - 10 clusters: DBI = 1.4424, Noise% = 1.37%
2025-11-27 12:06:56,873 - INFO -  - 20 clusters: DBI = 1.5090, Noise% = 1.02%
2025-11-27 12:06:56,874 - INFO - Done.
[1;34mwandb[0m: 
[1;34mwandb[0m: 🚀 View run [33mtune_cure_coarse_5[0m at: [34m[0m
[1;34mwandb[0m: Find logs at: [1;35mwandb/run-20251127_120414-k4ie555h/logs[0m
2025-11-27 12:07:07,920 - INFO - Loading embeddings...
2025-11-27 12:07:07,958 - INFO - Loaded 4026 samples with dimension 256 from /zhome/ea/6/187439/computational-tools-project/data/embeddings_small.npz

2025-11-27 12:07:07,959 - INFO - Fitting CURE hierarchical clustering...
2025-11-27 12:09:58,661 - INFO - Fitted CURE model.

2025-11-27 12:09:58,664 - INFO - Saving linkage matrix and sample data to /zhome/ea/6/187439/computational-tools-project/locals/test_cure_5...
2025-11-27 12:10:00,318 - INFO - Saving dendrogram plot...
2025-11-27 12:10:13,600 - INFO - Davies-Bouldin Index scores for different cluster counts:
2025-11-27 12:10:13,603 - INFO -  - 2 clusters: DBI = 1.4779, Noise% = 2.36%
2025-11-27 12:10:13,988 - INFO -  - 5 clusters: DBI = 1.3562, Noise% = 1.49%
2025-11-27 12:10:13,989 - INFO -  - 10 clusters: DBI = 1.4041, Noise% = 0.87%
2025-11-27 12:10:13,990 - INFO -  - 20 clusters: DBI = 1.4150, Noise% = 0.77%
2025-11-27 12:10:13,991 - INFO - Done.
[1;34mwandb[0m: 
[1;34mwandb[0m: 🚀 View run [33mtune_cure_coarse_5[0m at: [34m[0m
[1;34mwandb[0m: Find logs at: [1;35mwandb/run-20251127_120706-3w7jezrn/logs[0m
2025-11-27 12:10:24,742 - INFO - Loading embeddings...
2025-11-27 12:10:24,779 - INFO - Loaded 4026 samples with dimension 256 from /zhome/ea/6/187439/computational-tools-project/data/embeddings_small.npz

2025-11-27 12:10:24,779 - INFO - Fitting CURE hierarchical clustering...
2025-11-27 12:13:16,596 - INFO - Fitted CURE model.

2025-11-27 12:13:16,598 - INFO - Saving linkage matrix and sample data to /zhome/ea/6/187439/computational-tools-project/locals/test_cure_5...
2025-11-27 12:13:18,287 - INFO - Saving dendrogram plot...
2025-11-27 12:13:31,862 - INFO - Davies-Bouldin Index scores for different cluster counts:
2025-11-27 12:13:31,863 - INFO -  - 2 clusters: DBI = 1.4911, Noise% = 1.34%
2025-11-27 12:13:32,251 - INFO -  - 5 clusters: DBI = 1.3637, Noise% = 0.87%
2025-11-27 12:13:32,252 - INFO -  - 10 clusters: DBI = 1.4072, Noise% = 0.67%
2025-11-27 12:13:32,253 - INFO -  - 20 clusters: DBI = 1.4242, Noise% = 0.45%
2025-11-27 12:13:32,254 - INFO - Done.
[1;34mwandb[0m: 
[1;34mwandb[0m: 🚀 View run [33mtune_cure_coarse_5[0m at: [34m[0m
[1;34mwandb[0m: Find logs at: [1;35mwandb/run-20251127_121023-mubfwj75/logs[0m
2025-11-27 12:13:42,912 - INFO - Loading embeddings...
2025-11-27 12:13:42,950 - INFO - Loaded 4026 samples with dimension 256 from /zhome/ea/6/187439/computational-tools-project/data/embeddings_small.npz

2025-11-27 12:13:42,950 - INFO - Fitting CURE hierarchical clustering...
2025-11-27 12:16:39,084 - INFO - Fitted CURE model.

2025-11-27 12:16:39,087 - INFO - Saving linkage matrix and sample data to /zhome/ea/6/187439/computational-tools-project/locals/test_cure_5...
2025-11-27 12:16:40,826 - INFO - Saving dendrogram plot...
2025-11-27 12:16:56,134 - INFO - Davies-Bouldin Index scores for different cluster counts:
2025-11-27 12:16:56,135 - INFO -  - 2 clusters: DBI = 1.1844, Noise% = 55.44%
2025-11-27 12:16:56,530 - INFO -  - 5 clusters: DBI = 1.1250, Noise% = 34.33%
2025-11-27 12:16:56,531 - INFO -  - 10 clusters: DBI = 1.2749, Noise% = 16.52%
2025-11-27 12:16:56,532 - INFO -  - 20 clusters: DBI = 1.3505, Noise% = 8.17%
2025-11-27 12:16:56,533 - INFO - Done.
[1;34mwandb[0m: 
[1;34mwandb[0m: 🚀 View run [33mtune_cure_coarse_5[0m at: [34m[0m
[1;34mwandb[0m: Find logs at: [1;35mwandb/run-20251127_121341-as86xjin/logs[0m
2025-11-27 12:17:07,471 - INFO - Loading embeddings...
2025-11-27 12:17:07,510 - INFO - Loaded 4026 samples with dimension 256 from /zhome/ea/6/187439/computational-tools-project/data/embeddings_small.npz

2025-11-27 12:17:07,510 - INFO - Fitting CURE hierarchical clustering...
2025-11-27 12:19:55,914 - INFO - Fitted CURE model.

2025-11-27 12:19:55,915 - INFO - Saving linkage matrix and sample data to /zhome/ea/6/187439/computational-tools-project/locals/test_cure_5...
2025-11-27 12:19:57,558 - INFO - Saving dendrogram plot...
2025-11-27 12:20:11,041 - INFO - Davies-Bouldin Index scores for different cluster counts:
2025-11-27 12:20:11,042 - INFO -  - 2 clusters: DBI = 1.2439, Noise% = 40.19%
2025-11-27 12:20:11,424 - INFO -  - 5 clusters: DBI = 1.2144, Noise% = 22.43%
2025-11-27 12:20:11,425 - INFO -  - 10 clusters: DBI = 1.3285, Noise% = 9.41%
2025-11-27 12:20:11,426 - INFO -  - 20 clusters: DBI = 1.3815, Noise% = 4.30%
2025-11-27 12:20:11,426 - INFO - Done.
[1;34mwandb[0m: 
[1;34mwandb[0m: 🚀 View run [33mtune_cure_coarse_5[0m at: [34m[0m
[1;34mwandb[0m: Find logs at: [1;35mwandb/run-20251127_121706-099f0o8m/logs[0m
2025-11-27 12:20:22,118 - INFO - Loading embeddings...
2025-11-27 12:20:22,159 - INFO - Loaded 4026 samples with dimension 256 from /zhome/ea/6/187439/computational-tools-project/data/embeddings_small.npz

2025-11-27 12:20:22,159 - INFO - Fitting CURE hierarchical clustering...
2025-11-27 12:23:13,983 - INFO - Fitted CURE model.

2025-11-27 12:23:13,985 - INFO - Saving linkage matrix and sample data to /zhome/ea/6/187439/computational-tools-project/locals/test_cure_5...
2025-11-27 12:23:15,714 - INFO - Saving dendrogram plot...
2025-11-27 12:23:29,237 - INFO - Davies-Bouldin Index scores for different cluster counts:
2025-11-27 12:23:29,238 - INFO -  - 2 clusters: DBI = 1.3045, Noise% = 28.34%
2025-11-27 12:23:29,684 - INFO -  - 5 clusters: DBI = 1.2687, Noise% = 13.71%
2025-11-27 12:23:29,685 - INFO -  - 10 clusters: DBI = 1.3672, Noise% = 5.04%
2025-11-27 12:23:29,686 - INFO -  - 20 clusters: DBI = 1.3965, Noise% = 2.46%
2025-11-27 12:23:29,687 - INFO - Done.
[1;34mwandb[0m: 
[1;34mwandb[0m: 🚀 View run [33mtune_cure_coarse_5[0m at: [34m[0m
[1;34mwandb[0m: Find logs at: [1;35mwandb/run-20251127_122020-xqqbk5bx/logs[0m
2025-11-27 12:23:40,542 - INFO - Loading embeddings...
2025-11-27 12:23:40,577 - INFO - Loaded 4026 samples with dimension 256 from /zhome/ea/6/187439/computational-tools-project/data/embeddings_small.npz

2025-11-27 12:23:40,577 - INFO - Fitting CURE hierarchical clustering...
2025-11-27 12:26:34,136 - INFO - Fitted CURE model.

2025-11-27 12:26:34,138 - INFO - Saving linkage matrix and sample data to /zhome/ea/6/187439/computational-tools-project/locals/test_cure_5...
2025-11-27 12:26:35,843 - INFO - Saving dendrogram plot...
2025-11-27 12:26:49,616 - INFO - Davies-Bouldin Index scores for different cluster counts:
2025-11-27 12:26:49,617 - INFO -  - 2 clusters: DBI = 1.3548, Noise% = 17.78%
2025-11-27 12:26:49,995 - INFO -  - 5 clusters: DBI = 1.3010, Noise% = 7.58%
2025-11-27 12:26:49,996 - INFO -  - 10 clusters: DBI = 1.3875, Noise% = 3.01%
2025-11-27 12:26:49,997 - INFO -  - 20 clusters: DBI = 1.4038, Noise% = 1.59%
2025-11-27 12:26:49,998 - INFO - Done.
[1;34mwandb[0m: 
[1;34mwandb[0m: 🚀 View run [33mtune_cure_coarse_5[0m at: [34m[0m
[1;34mwandb[0m: Find logs at: [1;35mwandb/run-20251127_122339-nbpr2nkh/logs[0m
2025-11-27 12:27:00,874 - INFO - Loading embeddings...
2025-11-27 12:27:00,909 - INFO - Loaded 4026 samples with dimension 256 from /zhome/ea/6/187439/computational-tools-project/data/embeddings_small.npz

2025-11-27 12:27:00,909 - INFO - Fitting CURE hierarchical clustering...
2025-11-27 12:29:54,039 - INFO - Fitted CURE model.

2025-11-27 12:29:54,043 - INFO - Saving linkage matrix and sample data to /zhome/ea/6/187439/computational-tools-project/locals/test_cure_5...
2025-11-27 12:29:55,736 - INFO - Saving dendrogram plot...
2025-11-27 12:30:09,559 - INFO - Davies-Bouldin Index scores for different cluster counts:
2025-11-27 12:30:09,561 - INFO -  - 2 clusters: DBI = 1.3931, Noise% = 10.36%
2025-11-27 12:30:09,947 - INFO -  - 5 clusters: DBI = 1.3235, Noise% = 4.25%
2025-11-27 12:30:09,948 - INFO -  - 10 clusters: DBI = 1.4029, Noise% = 1.91%
2025-11-27 12:30:09,948 - INFO -  - 20 clusters: DBI = 1.4145, Noise% = 1.02%
2025-11-27 12:30:09,949 - INFO - Done.
[1;34mwandb[0m: 
[1;34mwandb[0m: 🚀 View run [33mtune_cure_coarse_5[0m at: [34m[0m
[1;34mwandb[0m: Find logs at: [1;35mwandb/run-20251127_122659-dy9u1866/logs[0m
2025-11-27 12:30:20,510 - INFO - Loading embeddings...
2025-11-27 12:30:20,544 - INFO - Loaded 4026 samples with dimension 256 from /zhome/ea/6/187439/computational-tools-project/data/embeddings_small.npz

2025-11-27 12:30:20,544 - INFO - Fitting CURE hierarchical clustering...
2025-11-27 12:33:07,747 - INFO - Fitted CURE model.

2025-11-27 12:33:07,749 - INFO - Saving linkage matrix and sample data to /zhome/ea/6/187439/computational-tools-project/locals/test_cure_5...
2025-11-27 12:33:09,461 - INFO - Saving dendrogram plot...
2025-11-27 12:33:22,967 - INFO - Davies-Bouldin Index scores for different cluster counts:
2025-11-27 12:33:22,968 - INFO -  - 2 clusters: DBI = 1.4255, Noise% = 5.81%
2025-11-27 12:33:23,360 - INFO -  - 5 clusters: DBI = 1.3408, Noise% = 2.31%
2025-11-27 12:33:23,361 - INFO -  - 10 clusters: DBI = 1.4214, Noise% = 0.92%
2025-11-27 12:33:23,362 - INFO -  - 20 clusters: DBI = 1.4217, Noise% = 0.70%
2025-11-27 12:33:23,364 - INFO - Done.
[1;34mwandb[0m: 
[1;34mwandb[0m: 🚀 View run [33mtune_cure_coarse_5[0m at: [34m[0m
[1;34mwandb[0m: Find logs at: [1;35mwandb/run-20251127_123019-8wv160g8/logs[0m
