2025-11-26 23:13:03,054 - INFO - Loading embeddings...
2025-11-26 23:13:05,541 - INFO - Loaded 362986 samples with dimension 256 from /zhome/ea/6/187439/computational-tools-project/data/embeddings.npz

2025-11-26 23:13:05,542 - INFO - Fitting CURE hierarchical clustering...
2025-11-27 00:12:10,370 - INFO - Fitted CURE model.

2025-11-27 00:12:10,372 - INFO - Saving linkage matrix and sample data to /zhome/ea/6/187439/computational-tools-project/locals/test_cure...
2025-11-27 00:12:12,106 - INFO - Saving dendrogram plot...
2025-11-27 00:12:15,280 - INFO - Saving interactive dendrogram plot...
Saving interactive plot to /zhome/ea/6/187439/computational-tools-project/locals/test_cure/interactive_dendrogram.html...
2025-11-27 00:12:17,719 - INFO - Evaluating for 2 clusters...
2025-11-27 00:12:46,467 - WARNING -  - 2 clusters: Skipped (Not enough valid clusters found after noise removal)
2025-11-27 00:12:46,468 - INFO - Evaluating for 5 clusters...
2025-11-27 00:13:14,872 - WARNING -  - 5 clusters: Skipped (Not enough valid clusters found after noise removal)
2025-11-27 00:13:14,873 - INFO - Evaluating for 10 clusters...
2025-11-27 00:13:43,458 - WARNING -  - 10 clusters: Skipped (Not enough valid clusters found after noise removal)
2025-11-27 00:13:43,459 - INFO - Evaluating for 20 clusters...
2025-11-27 00:14:11,924 - WARNING -  - 20 clusters: Skipped (Not enough valid clusters found after noise removal)
2025-11-27 00:14:11,925 - INFO - Evaluating for 50 clusters...
2025-11-27 00:14:40,554 - WARNING -  - 50 clusters: Skipped (Not enough valid clusters found after noise removal)
2025-11-27 00:14:40,555 - INFO - Evaluating for 100 clusters...
2025-11-27 00:15:08,916 - WARNING -  - 100 clusters: Skipped (Not enough valid clusters found after noise removal)
2025-11-27 00:15:08,917 - INFO - Davies-Bouldin Index scores for different cluster counts:
2025-11-27 00:15:08,917 - INFO - Done.
[1;34mwandb[0m: 
[1;34mwandb[0m: 🚀 View run [33mtune_cure_fine[0m at: [34m[0m
[1;34mwandb[0m: Find logs at: [1;35mwandb/run-20251126_231301-vdk8nmoi/logs[0m
2025-11-27 00:15:40,540 - INFO - Loading embeddings...
2025-11-27 00:15:42,995 - INFO - Loaded 362986 samples with dimension 256 from /zhome/ea/6/187439/computational-tools-project/data/embeddings.npz

2025-11-27 00:15:42,996 - INFO - Fitting CURE hierarchical clustering...
2025-11-27 01:12:35,914 - INFO - Fitted CURE model.

2025-11-27 01:12:35,916 - INFO - Saving linkage matrix and sample data to /zhome/ea/6/187439/computational-tools-project/locals/test_cure...
2025-11-27 01:12:37,591 - INFO - Saving dendrogram plot...
2025-11-27 01:12:40,622 - INFO - Saving interactive dendrogram plot...
Saving interactive plot to /zhome/ea/6/187439/computational-tools-project/locals/test_cure/interactive_dendrogram.html...
2025-11-27 01:12:42,986 - INFO - Evaluating for 2 clusters...
2025-11-27 01:13:09,511 - WARNING -  - 2 clusters: Skipped (Not enough valid clusters found after noise removal)
2025-11-27 01:13:09,511 - INFO - Evaluating for 5 clusters...
2025-11-27 01:13:36,509 - WARNING -  - 5 clusters: Skipped (Not enough valid clusters found after noise removal)
2025-11-27 01:13:36,509 - INFO - Evaluating for 10 clusters...
2025-11-27 01:14:03,177 - WARNING -  - 10 clusters: Skipped (Not enough valid clusters found after noise removal)
2025-11-27 01:14:03,178 - INFO - Evaluating for 20 clusters...
2025-11-27 01:14:30,858 - WARNING -  - 20 clusters: Skipped (Not enough valid clusters found after noise removal)
2025-11-27 01:14:30,859 - INFO - Evaluating for 50 clusters...
2025-11-27 01:14:57,711 - WARNING -  - 50 clusters: Skipped (Not enough valid clusters found after noise removal)
2025-11-27 01:14:57,712 - INFO - Evaluating for 100 clusters...
2025-11-27 01:15:24,361 - WARNING -  - 100 clusters: Skipped (Not enough valid clusters found after noise removal)
2025-11-27 01:15:24,362 - INFO - Davies-Bouldin Index scores for different cluster counts:
2025-11-27 01:15:24,362 - INFO - Done.
[1;34mwandb[0m: 
[1;34mwandb[0m: 🚀 View run [33mtune_cure_fine[0m at: [34m[0m
[1;34mwandb[0m: Find logs at: [1;35mwandb/run-20251127_001539-hq2gv8yw/logs[0m
2025-11-27 01:15:35,199 - INFO - Loading embeddings...
2025-11-27 01:15:37,659 - INFO - Loaded 362986 samples with dimension 256 from /zhome/ea/6/187439/computational-tools-project/data/embeddings.npz

2025-11-27 01:15:37,660 - INFO - Fitting CURE hierarchical clustering...
2025-11-27 02:15:23,569 - INFO - Fitted CURE model.

2025-11-27 02:15:23,570 - INFO - Saving linkage matrix and sample data to /zhome/ea/6/187439/computational-tools-project/locals/test_cure...
2025-11-27 02:15:25,253 - INFO - Saving dendrogram plot...
2025-11-27 02:15:28,239 - INFO - Saving interactive dendrogram plot...
Saving interactive plot to /zhome/ea/6/187439/computational-tools-project/locals/test_cure/interactive_dendrogram.html...
2025-11-27 02:15:30,563 - INFO - Evaluating for 2 clusters...
2025-11-27 02:16:00,218 - WARNING -  - 2 clusters: Skipped (Not enough valid clusters found after noise removal)
2025-11-27 02:16:00,219 - INFO - Evaluating for 5 clusters...
2025-11-27 02:16:30,037 - WARNING -  - 5 clusters: Skipped (Not enough valid clusters found after noise removal)
2025-11-27 02:16:30,037 - INFO - Evaluating for 10 clusters...
2025-11-27 02:16:59,710 - WARNING -  - 10 clusters: Skipped (Not enough valid clusters found after noise removal)
2025-11-27 02:16:59,711 - INFO - Evaluating for 20 clusters...
2025-11-27 02:17:29,818 - WARNING -  - 20 clusters: Skipped (Not enough valid clusters found after noise removal)
2025-11-27 02:17:29,819 - INFO - Evaluating for 50 clusters...
2025-11-27 02:17:59,360 - WARNING -  - 50 clusters: Skipped (Not enough valid clusters found after noise removal)
2025-11-27 02:17:59,361 - INFO - Evaluating for 100 clusters...
2025-11-27 02:18:28,907 - WARNING -  - 100 clusters: Skipped (Not enough valid clusters found after noise removal)
2025-11-27 02:18:28,908 - INFO - Davies-Bouldin Index scores for different cluster counts:
2025-11-27 02:18:28,909 - INFO - Done.
[1;34mwandb[0m: 
[1;34mwandb[0m: 🚀 View run [33mtune_cure_fine[0m at: [34m[0m
[1;34mwandb[0m: Find logs at: [1;35mwandb/run-20251127_011534-u8qmn69b/logs[0m
2025-11-27 02:18:40,643 - INFO - Loading embeddings...
2025-11-27 02:18:43,095 - INFO - Loaded 362986 samples with dimension 256 from /zhome/ea/6/187439/computational-tools-project/data/embeddings.npz

2025-11-27 02:18:43,096 - INFO - Fitting CURE hierarchical clustering...
2025-11-27 03:19:40,684 - INFO - Fitted CURE model.

2025-11-27 03:19:40,685 - INFO - Saving linkage matrix and sample data to /zhome/ea/6/187439/computational-tools-project/locals/test_cure...
2025-11-27 03:19:42,566 - INFO - Saving dendrogram plot...
2025-11-27 03:19:45,696 - INFO - Saving interactive dendrogram plot...
Saving interactive plot to /zhome/ea/6/187439/computational-tools-project/locals/test_cure/interactive_dendrogram.html...
2025-11-27 03:19:47,913 - INFO - Evaluating for 2 clusters...
2025-11-27 03:20:16,014 - WARNING -  - 2 clusters: Skipped (Not enough valid clusters found after noise removal)
2025-11-27 03:20:16,014 - INFO - Evaluating for 5 clusters...
2025-11-27 03:20:43,710 - WARNING -  - 5 clusters: Skipped (Not enough valid clusters found after noise removal)
2025-11-27 03:20:43,711 - INFO - Evaluating for 10 clusters...
2025-11-27 03:21:11,647 - WARNING -  - 10 clusters: Skipped (Not enough valid clusters found after noise removal)
2025-11-27 03:21:11,648 - INFO - Evaluating for 20 clusters...
2025-11-27 03:21:40,169 - WARNING -  - 20 clusters: Skipped (Not enough valid clusters found after noise removal)
2025-11-27 03:21:40,170 - INFO - Evaluating for 50 clusters...
2025-11-27 03:22:08,466 - WARNING -  - 50 clusters: Skipped (Not enough valid clusters found after noise removal)
2025-11-27 03:22:08,467 - INFO - Evaluating for 100 clusters...
2025-11-27 03:22:36,214 - WARNING -  - 100 clusters: Skipped (Not enough valid clusters found after noise removal)
2025-11-27 03:22:36,215 - INFO - Davies-Bouldin Index scores for different cluster counts:
2025-11-27 03:22:36,215 - INFO - Done.
[1;34mwandb[0m: 
[1;34mwandb[0m: 🚀 View run [33mtune_cure_fine[0m at: [34m[0m
[1;34mwandb[0m: Find logs at: [1;35mwandb/run-20251127_021839-r9t490jp/logs[0m
2025-11-27 03:22:47,345 - INFO - Loading embeddings...
2025-11-27 03:22:49,795 - INFO - Loaded 362986 samples with dimension 256 from /zhome/ea/6/187439/computational-tools-project/data/embeddings.npz

2025-11-27 03:22:49,796 - INFO - Fitting CURE hierarchical clustering...
2025-11-27 04:18:10,936 - INFO - Fitted CURE model.

2025-11-27 04:18:10,937 - INFO - Saving linkage matrix and sample data to /zhome/ea/6/187439/computational-tools-project/locals/test_cure...
2025-11-27 04:18:12,509 - INFO - Saving dendrogram plot...
2025-11-27 04:18:15,485 - INFO - Saving interactive dendrogram plot...
Saving interactive plot to /zhome/ea/6/187439/computational-tools-project/locals/test_cure/interactive_dendrogram.html...
2025-11-27 04:18:17,740 - INFO - Evaluating for 2 clusters...
2025-11-27 04:18:45,396 - WARNING -  - 2 clusters: Skipped (Not enough valid clusters found after noise removal)
2025-11-27 04:18:45,396 - INFO - Evaluating for 5 clusters...
2025-11-27 04:19:13,089 - WARNING -  - 5 clusters: Skipped (Not enough valid clusters found after noise removal)
2025-11-27 04:19:13,089 - INFO - Evaluating for 10 clusters...
2025-11-27 04:19:40,509 - WARNING -  - 10 clusters: Skipped (Not enough valid clusters found after noise removal)
2025-11-27 04:19:40,510 - INFO - Evaluating for 20 clusters...
2025-11-27 04:20:08,117 - WARNING -  - 20 clusters: Skipped (Not enough valid clusters found after noise removal)
2025-11-27 04:20:08,118 - INFO - Evaluating for 50 clusters...
2025-11-27 04:20:35,536 - WARNING -  - 50 clusters: Skipped (Not enough valid clusters found after noise removal)
2025-11-27 04:20:35,537 - INFO - Evaluating for 100 clusters...
2025-11-27 04:21:02,987 - WARNING -  - 100 clusters: Skipped (Not enough valid clusters found after noise removal)
2025-11-27 04:21:02,988 - INFO - Davies-Bouldin Index scores for different cluster counts:
2025-11-27 04:21:02,988 - INFO - Done.
[1;34mwandb[0m: 
[1;34mwandb[0m: 🚀 View run [33mtune_cure_fine[0m at: [34m[0m
[1;34mwandb[0m: Find logs at: [1;35mwandb/run-20251127_032246-4g6btt9j/logs[0m
2025-11-27 04:21:12,512 - INFO - Loading embeddings...
2025-11-27 04:21:14,968 - INFO - Loaded 362986 samples with dimension 256 from /zhome/ea/6/187439/computational-tools-project/data/embeddings.npz

2025-11-27 04:21:14,969 - INFO - Fitting CURE hierarchical clustering...
2025-11-27 05:17:25,961 - INFO - Fitted CURE model.

2025-11-27 05:17:25,962 - INFO - Saving linkage matrix and sample data to /zhome/ea/6/187439/computational-tools-project/locals/test_cure...
2025-11-27 05:17:27,584 - INFO - Saving dendrogram plot...
2025-11-27 05:17:30,642 - INFO - Saving interactive dendrogram plot...
Saving interactive plot to /zhome/ea/6/187439/computational-tools-project/locals/test_cure/interactive_dendrogram.html...
2025-11-27 05:17:33,003 - INFO - Evaluating for 2 clusters...
2025-11-27 05:18:00,009 - WARNING -  - 2 clusters: Skipped (Not enough valid clusters found after noise removal)
2025-11-27 05:18:00,010 - INFO - Evaluating for 5 clusters...
2025-11-27 05:18:26,939 - WARNING -  - 5 clusters: Skipped (Not enough valid clusters found after noise removal)
2025-11-27 05:18:26,940 - INFO - Evaluating for 10 clusters...
2025-11-27 05:18:53,883 - WARNING -  - 10 clusters: Skipped (Not enough valid clusters found after noise removal)
2025-11-27 05:18:53,884 - INFO - Evaluating for 20 clusters...
2025-11-27 05:19:20,692 - WARNING -  - 20 clusters: Skipped (Not enough valid clusters found after noise removal)
2025-11-27 05:19:20,693 - INFO - Evaluating for 50 clusters...
2025-11-27 05:19:47,677 - WARNING -  - 50 clusters: Skipped (Not enough valid clusters found after noise removal)
2025-11-27 05:19:47,678 - INFO - Evaluating for 100 clusters...
2025-11-27 05:20:14,759 - WARNING -  - 100 clusters: Skipped (Not enough valid clusters found after noise removal)
2025-11-27 05:20:14,760 - INFO - Davies-Bouldin Index scores for different cluster counts:
2025-11-27 05:20:14,760 - INFO - Done.
[1;34mwandb[0m: 
[1;34mwandb[0m: 🚀 View run [33mtune_cure_fine[0m at: [34m[0m
[1;34mwandb[0m: Find logs at: [1;35mwandb/run-20251127_042111-efoa64uh/logs[0m
2025-11-27 05:20:26,375 - INFO - Loading embeddings...
2025-11-27 05:20:28,831 - INFO - Loaded 362986 samples with dimension 256 from /zhome/ea/6/187439/computational-tools-project/data/embeddings.npz

2025-11-27 05:20:28,832 - INFO - Fitting CURE hierarchical clustering...
2025-11-27 06:19:31,211 - INFO - Fitted CURE model.

2025-11-27 06:19:31,212 - INFO - Saving linkage matrix and sample data to /zhome/ea/6/187439/computational-tools-project/locals/test_cure...
2025-11-27 06:19:32,903 - INFO - Saving dendrogram plot...
2025-11-27 06:19:35,998 - INFO - Saving interactive dendrogram plot...
Saving interactive plot to /zhome/ea/6/187439/computational-tools-project/locals/test_cure/interactive_dendrogram.html...
2025-11-27 06:19:38,206 - INFO - Evaluating for 2 clusters...
2025-11-27 06:20:05,203 - WARNING -  - 2 clusters: Skipped (Not enough valid clusters found after noise removal)
2025-11-27 06:20:05,203 - INFO - Evaluating for 5 clusters...
2025-11-27 06:20:32,145 - WARNING -  - 5 clusters: Skipped (Not enough valid clusters found after noise removal)
2025-11-27 06:20:32,146 - INFO - Evaluating for 10 clusters...
2025-11-27 06:20:58,889 - WARNING -  - 10 clusters: Skipped (Not enough valid clusters found after noise removal)
2025-11-27 06:20:58,889 - INFO - Evaluating for 20 clusters...
2025-11-27 06:21:25,680 - WARNING -  - 20 clusters: Skipped (Not enough valid clusters found after noise removal)
2025-11-27 06:21:25,681 - INFO - Evaluating for 50 clusters...
2025-11-27 06:21:52,795 - WARNING -  - 50 clusters: Skipped (Not enough valid clusters found after noise removal)
2025-11-27 06:21:52,796 - INFO - Evaluating for 100 clusters...
2025-11-27 06:22:20,564 - WARNING -  - 100 clusters: Skipped (Not enough valid clusters found after noise removal)
2025-11-27 06:22:20,565 - INFO - Davies-Bouldin Index scores for different cluster counts:
2025-11-27 06:22:20,565 - INFO - Done.
[1;34mwandb[0m: 
[1;34mwandb[0m: 🚀 View run [33mtune_cure_fine[0m at: [34m[0m
[1;34mwandb[0m: Find logs at: [1;35mwandb/run-20251127_052025-48mssd4h/logs[0m
2025-11-27 06:22:31,763 - INFO - Loading embeddings...
2025-11-27 06:22:34,225 - INFO - Loaded 362986 samples with dimension 256 from /zhome/ea/6/187439/computational-tools-project/data/embeddings.npz

2025-11-27 06:22:34,225 - INFO - Fitting CURE hierarchical clustering...
2025-11-27 07:19:29,000 - INFO - Fitted CURE model.

2025-11-27 07:19:29,002 - INFO - Saving linkage matrix and sample data to /zhome/ea/6/187439/computational-tools-project/locals/test_cure...
2025-11-27 07:19:30,597 - INFO - Saving dendrogram plot...
2025-11-27 07:19:33,624 - INFO - Saving interactive dendrogram plot...
Saving interactive plot to /zhome/ea/6/187439/computational-tools-project/locals/test_cure/interactive_dendrogram.html...
2025-11-27 07:19:35,970 - INFO - Evaluating for 2 clusters...
2025-11-27 07:20:08,553 - INFO - Evaluating for 5 clusters...
2025-11-27 07:20:50,373 - INFO - Evaluating for 10 clusters...
2025-11-27 07:21:50,512 - INFO - Evaluating for 20 clusters...
2025-11-27 07:23:10,492 - INFO - Evaluating for 50 clusters...
2025-11-27 07:25:39,228 - INFO - Evaluating for 100 clusters...
2025-11-27 07:29:32,909 - INFO - Davies-Bouldin Index scores for different cluster counts:
2025-11-27 07:29:32,910 - INFO -  - 2 clusters: DBI = 1.1285, Noise% = 4.33%
2025-11-27 07:29:35,838 - INFO -  - 5 clusters: DBI = 1.9057, Noise% = 3.80%
2025-11-27 07:29:35,839 - INFO -  - 10 clusters: DBI = 1.7024, Noise% = 2.93%
2025-11-27 07:29:35,840 - INFO -  - 20 clusters: DBI = 1.6774, Noise% = 1.88%
2025-11-27 07:29:35,841 - INFO -  - 50 clusters: DBI = 1.7065, Noise% = 0.46%
2025-11-27 07:29:35,841 - INFO -  - 100 clusters: DBI = 1.8514, Noise% = 0.28%
2025-11-27 07:29:35,842 - INFO - Done.
[1;34mwandb[0m: 
[1;34mwandb[0m: 🚀 View run [33mtune_cure_fine[0m at: [34m[0m
[1;34mwandb[0m: Find logs at: [1;35mwandb/run-20251127_062230-r928y7sx/logs[0m
2025-11-27 07:29:47,126 - INFO - Loading embeddings...
2025-11-27 07:29:49,578 - INFO - Loaded 362986 samples with dimension 256 from /zhome/ea/6/187439/computational-tools-project/data/embeddings.npz

2025-11-27 07:29:49,579 - INFO - Fitting CURE hierarchical clustering...
2025-11-27 08:27:26,723 - INFO - Fitted CURE model.

2025-11-27 08:27:26,724 - INFO - Saving linkage matrix and sample data to /zhome/ea/6/187439/computational-tools-project/locals/test_cure...
2025-11-27 08:27:28,350 - INFO - Saving dendrogram plot...
2025-11-27 08:27:31,397 - INFO - Saving interactive dendrogram plot...
Saving interactive plot to /zhome/ea/6/187439/computational-tools-project/locals/test_cure/interactive_dendrogram.html...
2025-11-27 08:27:33,774 - INFO - Evaluating for 2 clusters...
2025-11-27 08:28:02,992 - INFO - Evaluating for 5 clusters...
2025-11-27 08:28:39,191 - INFO - Evaluating for 10 clusters...
2025-11-27 08:29:26,057 - INFO - Evaluating for 20 clusters...
2025-11-27 08:30:32,097 - INFO - Evaluating for 50 clusters...
2025-11-27 08:32:28,478 - INFO - Evaluating for 100 clusters...
2025-11-27 08:36:08,121 - INFO - Davies-Bouldin Index scores for different cluster counts:
2025-11-27 08:36:08,122 - INFO -  - 2 clusters: DBI = 1.1720, Noise% = 4.58%
2025-11-27 08:36:08,613 - INFO -  - 5 clusters: DBI = 1.1747, Noise% = 3.92%
2025-11-27 08:36:08,613 - INFO -  - 10 clusters: DBI = 1.3995, Noise% = 4.15%
2025-11-27 08:36:08,614 - INFO -  - 20 clusters: DBI = 1.5616, Noise% = 2.09%
2025-11-27 08:36:08,615 - INFO -  - 50 clusters: DBI = 1.6653, Noise% = 0.73%
2025-11-27 08:36:08,615 - INFO -  - 100 clusters: DBI = 1.7527, Noise% = 0.11%
2025-11-27 08:36:08,616 - INFO - Done.
[1;34mwandb[0m: 
[1;34mwandb[0m: 🚀 View run [33mtune_cure_fine[0m at: [34m[0m
[1;34mwandb[0m: Find logs at: [1;35mwandb/run-20251127_072945-r1boa1zq/logs[0m
