2025-11-26 13:01:34,290 - INFO - Extracted embeddings shape: (10000, 256)
2025-11-26 13:01:34,292 - INFO - 
--- Starting Grid Search (Small Sample) ---
2025-11-26 13:01:34,294 - INFO - Sample   | Reps  | Comp.  | DB Index (Lower is better) | Time (s)  
2025-11-26 13:01:34,294 - INFO - -----------------------------------------------------------------
2025-11-26 13:01:36,647 - INFO - 75       | 5     | 0.2    | 1.8572 (min of [2, 5, 10]: 1.9039, 2.0333, 1.8572) | 2.35      
2025-11-26 13:01:39,012 - INFO - 75       | 5     | 0.5    | 1.2946 (min of [2, 5, 10]: 1.2946, 1.5143, 1.4353) | 2.36      
2025-11-26 13:01:41,822 - INFO - 75       | 10    | 0.2    | 1.4470 (min of [2, 5, 10]: 1.4801, 1.4470, 1.5703) | 2.81      
2025-11-26 13:01:44,838 - INFO - 75       | 10    | 0.5    | 1.0827 (min of [2, 5, 10]: 1.0827, 1.4340, 1.6320) | 3.01      
2025-11-26 13:01:48,952 - INFO - 75       | 20    | 0.2    | 1.0520 (min of [2, 5, 10]: 1.0520, 1.2666, 1.4870) | 4.11      
2025-11-26 13:01:53,021 - INFO - 75       | 20    | 0.5    | 1.1365 (min of [2, 5, 10]: 1.1365, 1.3638, 1.4486) | 4.07      
2025-11-26 13:02:03,791 - INFO - 150      | 5     | 0.2    | 1.5842 (min of [2, 5, 10]: 1.5842, 2.3224, 1.7903) | 10.77     
2025-11-26 13:02:14,571 - INFO - 150      | 5     | 0.5    | 1.4096 (min of [2, 5, 10]: 1.4145, 1.5355, 1.4096) | 10.78     
2025-11-26 13:02:25,759 - INFO - 150      | 10    | 0.2    | 1.1485 (min of [2, 5, 10]: 1.1485, 1.4275, 2.1641) | 11.19     
2025-11-26 13:02:36,963 - INFO - 150      | 10    | 0.5    | 1.3481 (min of [2, 5, 10]: 1.4297, 1.3481, 1.7269) | 11.20     
2025-11-26 13:02:49,603 - INFO - 150      | 20    | 0.2    | 1.4044 (min of [2, 5, 10]: 1.4212, 1.7182, 1.4044) | 12.64     
2025-11-26 13:03:02,016 - INFO - 150      | 20    | 0.5    | 1.1927 (min of [2, 5, 10]: 1.1927, 1.3641, 1.5478) | 12.41     
2025-11-26 13:04:20,695 - INFO - 300      | 5     | 0.2    | 1.1115 (min of [2, 5, 10]: 1.1115, 1.4314, 1.9397) | 78.68     
2025-11-26 13:05:39,084 - INFO - 300      | 5     | 0.5    | 1.4206 (min of [2, 5, 10]: 1.4234, 1.4206, 1.5683) | 78.39     
2025-11-26 13:06:56,317 - INFO - 300      | 10    | 0.2    | 1.4312 (min of [2, 5, 10]: 1.7642, 1.4312, 1.5045) | 77.23     
2025-11-26 13:08:14,461 - INFO - 300      | 10    | 0.5    | 1.1622 (min of [2, 5, 10]: 1.1622, 1.2953, 1.3873) | 78.14     
2025-11-26 13:09:32,913 - INFO - 300      | 20    | 0.2    | 0.8899 (min of [2, 5, 10]: 0.8899, 1.2980, 1.5817) | 78.45     
2025-11-26 13:10:53,767 - INFO - 300      | 20    | 0.5    | 1.0887 (min of [2, 5, 10]: 1.0887, 1.5501, 1.4368) | 80.85     
2025-11-26 13:58:40,255 - INFO - 1000     | 5     | 0.2    | 1.3467 (min of [2, 5, 10]: 1.3467, 1.4787, 1.4831) | 2866.49   
2025-11-26 14:46:04,190 - INFO - 1000     | 5     | 0.5    | 0.9317 (min of [2, 5, 10]: 0.9317, 1.3002, 1.4141) | 2843.93   
