2025-11-27 17:12:31,677 - INFO - Loading embeddings...
2025-11-27 17:12:33,665 - INFO - Loaded 362986 samples with dimension 256 from /zhome/ea/6/187439/computational-tools-project/data/embeddings.npz

2025-11-27 17:12:33,667 - INFO - Fitting CURE hierarchical clustering...
2025-11-27 18:19:14,904 - INFO - Fitted CURE model.

2025-11-27 18:19:14,906 - INFO - Saving linkage matrix and sample data to /zhome/ea/6/187439/computational-tools-project/locals/train_cure...
2025-11-27 18:19:16,912 - INFO - Saving dendrogram plot...
2025-11-27 18:34:56,093 - INFO - Davies-Bouldin Index scores for different cluster counts:
2025-11-27 18:34:56,095 - INFO -  - 2 clusters: DBI = 1.4751, Noise% = 9.32%
2025-11-27 18:34:57,003 - INFO -  - 5 clusters: DBI = 1.6905, Noise% = 2.52%
2025-11-27 18:34:57,005 - INFO -  - 10 clusters: DBI = 1.4207, Noise% = 0.84%
2025-11-27 18:34:57,007 - INFO -  - 20 clusters: DBI = 1.5168, Noise% = 0.38%
2025-11-27 18:34:57,008 - INFO - Done.
[1;34mwandb[0m: 
[1;34mwandb[0m: 🚀 View run [33mtrain_cure_final[0m at: [34m[0m
[1;34mwandb[0m: Find logs at: [1;35mwandb/run-20251127_171230-my5km6t9/logs[0m
2025-11-27 18:35:12,940 - INFO - Loading embeddings...
2025-11-27 18:35:14,915 - INFO - Loaded 362986 samples with dimension 256 from /zhome/ea/6/187439/computational-tools-project/data/embeddings.npz

2025-11-27 18:35:14,918 - INFO - Fitting CURE hierarchical clustering...
2025-11-27 19:45:42,371 - INFO - Fitted CURE model.

2025-11-27 19:45:42,372 - INFO - Saving linkage matrix and sample data to /zhome/ea/6/187439/computational-tools-project/locals/train_cure...
2025-11-27 19:45:44,319 - INFO - Saving dendrogram plot...
2025-11-27 20:01:58,438 - INFO - Davies-Bouldin Index scores for different cluster counts:
2025-11-27 20:01:58,439 - INFO -  - 2 clusters: DBI = 1.4180, Noise% = 11.37%
2025-11-27 20:01:59,310 - INFO -  - 5 clusters: DBI = 1.6694, Noise% = 3.39%
2025-11-27 20:01:59,312 - INFO -  - 10 clusters: DBI = 1.3942, Noise% = 0.78%
2025-11-27 20:01:59,313 - INFO -  - 20 clusters: DBI = 1.4864, Noise% = 0.29%
2025-11-27 20:01:59,315 - INFO - Done.
[1;34mwandb[0m: 
[1;34mwandb[0m: 🚀 View run [33mtrain_cure_final[0m at: [34m[0m
[1;34mwandb[0m: Find logs at: [1;35mwandb/run-20251127_183511-fu5cubsc/logs[0m
