Test job 1 running successfully
Job <26962009> is submitted to queue <hpc>.

------------------------------------------------------------
Sender: LSF System <lsfadmin@hpc.dtu.dk>
Subject: Job 26962001: <csv2pkl_2024> in cluster <dcc> Done

Job <csv2pkl_2024> was submitted from host <hpclogin1> by user <s224918> in cluster <dcc> at Thu Nov 13 17:16:15 2025
Job was executed on host(s) <n-62-31-23>, in queue <hpc>, as user <s224918> in cluster <dcc> at Thu Nov 13 17:16:16 2025
</zhome/ea/6/187439> was used as the home directory.
</zhome/ea/6/187439/computational-tools-project> was used as the working directory.
Started at Thu Nov 13 17:16:16 2025
Terminated at Thu Nov 13 17:16:18 2025
Results reported at Thu Nov 13 17:16:18 2025

Your job looked like:

------------------------------------------------------------
# LSBATCH: User input
#!/bin/sh

#BSUB -J csv2pkl_2024

#BSUB -q hpc

#BSUB -n 1

#BSUB -R "rusage[mem=4GB]"

#BSUB -W 00:05

#BSUB -o hpc_jobs/logs/Output_%J.out
#BSUB -e hpc_jobs/logs/Output_%J.err

cd ~/computational-tools-project

. .venv/bin/activate

python -c "print('Test job 1 running successfully')"

bsub < hpc_jobs/test_2.sh
------------------------------------------------------------

Successfully completed.

Resource usage summary:

    CPU time :                                   0.78 sec.
    Max Memory :                                 -
    Average Memory :                             -
    Total Requested Memory :                     4096.00 MB
    Delta Memory :                               -
    Max Swap :                                   -
    Max Processes :                              -
    Max Threads :                                -
    Run time :                                   55 sec.
    Turnaround time :                            3 sec.

The output (if any) is above this job summary.



PS:

Read file <hpc_jobs/logs/Output_26962001.err> for stderr output of this job.

