wandb: Currently logged in as: bertram-hage (bertram-hage-danmarks-tekniske-universitet-dtu) to https://api.wandb.ai. Use `wandb login --relogin` to force relogin
wandb: setting up run u884wz5l
wandb: Tracking run with wandb version 0.23.0
wandb: Run data is saved locally in /zhome/ea/6/187439/computational-tools-project/wandb/run-20251126_213524-u884wz5l
wandb: Run `wandb offline` to turn off syncing.
wandb: Syncing run tune_cure_coarse
wandb: ⭐️ View project at https://wandb.ai/bertram-hage-danmarks-tekniske-universitet-dtu/Computational-Tools
wandb: 🚀 View run at https://wandb.ai/bertram-hage-danmarks-tekniske-universitet-dtu/Computational-Tools/runs/u884wz5l
Error in sys.excepthook:
Traceback (most recent call last):
  File "/zhome/ea/6/187439/computational-tools-project/.venv/lib/python3.12/site-packages/wandb/sdk/lib/exit_hooks.py", line 41, in exc_handler
    def exc_handler(

KeyboardInterrupt

Original exception was:
Traceback (most recent call last):
  File "<frozen runpy>", line 198, in _run_module_as_main
  File "<frozen runpy>", line 88, in _run_code
  File "/zhome/ea/6/187439/computational-tools-project/src/clustering/hierarchical.py", line 716, in <module>
    labels = cure.predict(embeddings, n_clusters=n_clusters, assignment_threshold=threshold)
             ^^^^^^^^^^^^^^^^^^^^^^^^^^^^^^^^^^^^^^^^^^^^^^^^^^^^^^^^^^^^^^^^^^^^^^^^^^^^^^^
  File "/zhome/ea/6/187439/computational-tools-project/src/clustering/hierarchical.py", line 592, in predict
    dist = self._euclidean_distance(point, r)
           ^^socket.send() raised exception.
^^^^^^^^socket.send() raised exception.
^^^^^^^^^^socket.send() raised exception.
^^^^^^^^^^^^^^
socket.send() raised exception.
  File "/zhome/ea/6/187439/computational-tools-project/src/clustering/hierarchical.py", line 378, in _euclidean_distance
socket.send() raised exception.
socket.send() raised exception.
socket.send() raised exception.
    return np.linalg.norm(a - b)
           ^^^^^^^^^^^^^^^^^^^^^
  File "/zhome/ea/6/187439/computational-tools-project/.venv/lib/python3.12/site-packages/numpy/linalg/_linalg.py", line 2793, in norm
socket.send() raised exception.
socket.send() raised exception.
socket.send() raised exception.
socket.send() raised exception.
socket.send() raised exception.
socket.send() raised exception.
socket.send() raised exception.
socket.send() raised exception.
socket.send() raised exception.
socket.send() raised exception.
socket.send() raised exception.
socket.send() raised exception.
    ret = sqrt(sqnorm)
socket.send() raised exception.
socket.send() raised exception.
socket.send() raised exception.
socket.send() raised exception.
socket.send() raised exception.
socket.send() raised exception.
socket.send() raised exception.
socket.send() raised exception.
socket.send() raised exception.
socket.send() raised exception.
socket.send() raised exception.
socket.send() raised exception.
socket.send() raised exception.
socket.send() raised exception.
socket.send() raised exception.
socket.send() raised exception.
socket.send() raised exception.
socket.send() raised exception.
socket.send() raised exception.
socket.send() raised exception.
socket.send() raised exception.
socket.send() raised exception.
socket.send() raised exception.
socket.send() raised exception.
socket.send() raised exception.
socket.send() raised exception.
socket.send() raised exception.
socket.send() raised exception.
socket.send() raised exception.
socket.send() raised exception.
socket.send() raised exception.
socket.send() raised exception.
socket.send() raised exception.
socket.send() raised exception.
socket.send() raised exception.
socket.send() raised exception.
socket.send() raised exception.
socket.send() raised exception.
socket.send() raised exception.
socket.send() raised exception.
socket.send() raised exception.
socket.send() raised exception.
socket.send() raised exception.
socket.send() raised exception.
socket.send() raised exception.
socket.send() raised exception.
socket.send() raised exception.
socket.send() raised exception.
socket.send() raised exception.
  socket.send() raised exception.
socket.send() raised exception.
socket.send() raised exception.
socket.send() raised exception.
socket.send() raised exception.
socket.send() raised exception.
socket.send() raised exception.
socket.send() raised exception.
socket.send() raised exception.
socket.send() raised exception.
socket.send() raised exception.
socket.send() raised exception.
socket.send() raised exception.
socket.send() raised exception.
socket.send() raised exception.
socket.send() raised exception.
socket.send() raised exception.
socket.send() raised exception.
socket.send() raised exception.
socket.send() raised exception.
socket.send() raised exception.
socket.send() raised exception.
socket.send() raised exception.
socket.send() raised exception.
socket.send() raised exception.
socket.send() raised exception.
socket.send() raised exception.
socket.send() raised exception.
socket.send() raised exception.
socket.send() raised exception.
socket.send() raised exception.
socket.send() raised exception.
socket.send() raised exception.
socket.send() raised exception.
socket.send() raised exception.
socket.send() raised exception.
socket.send() raised exception.
socket.send() raised exception.
socket.send() raised exception.
socket.send() raised exception.
socket.send() raised exception.
socket.send() raised exception.
socket.send() raised exception.
socket.send() raised exception.
socket.send() raised exception.
 socket.send() raised exception.
socket.send() raised exception.
socket.send() raised exception.
socket.send() raised exception.
socket.send() raised exception.
socket.send() raised exception.
socket.send() raised exception.
socket.send() raised exception.
socket.send() raised exception.
socket.send() raised exception.
socket.send() raised exception.
socket.send() raised exception.
socket.send() raised exception.
socket.send() raised exception.
socket.send() raised exception.
socket.send() raised exception.
socket.send() raised exception.
socket.send() raised exception.
socket.send() raised exception.
socket.send() raised exception.
socket.send() raised exception.
socket.send() raised exception.
socket.send() raised exception.
socket.send() raised exception.
socket.send() raised exception.
socket.send() raised exception.
socket.send() raised exception.
socket.send() raised exception.
socket.send() raised exception.
socket.send() raised exception.
socket.send() raised exception.
socket.send() raised exception.
socket.send() raised exception.
socket.send() raised exception.
socket.send() raised exception.
socket.send() raised exception.
socket.send() raised exception.
socket.send() raised exception.
socket.send() raised exception.
socket.send() raised exception.
socket.send() raised exception.
socket.send() raised exception.
socket.send() raised exception.
socket.send() raised exception.
socket.send() raised exception.
socket.send() raised exception.
socket.send() raised exception.
socket.send() raised exception.
socket.send() raised exception.
socket.send() raised exception.
socket.send() raised exception.
socket.send() raised exception.
socket.send() raised exception.
socket.send() raised exception.
socket.send() raised exception.
socket.send() raised exception.
socket.send() raised exception.
socket.send() raised exception.
socket.send() raised exception.
socket.send() raised exception.
socket.send() raised exception.
socket.send() raised exception.
socket.send() raised exception.
socket.send() raised exception.
socket.send() raised exception.
socket.send() raised exception.
socket.send() raised exception.
socket.send() raised exception.
socket.send() raised exception.
socket.send() raised exception.
socket.send() raised exception.
socket.send() raised exception.
socket.send() raised exception.
socket.send() raised exception.
socket.send() raised exception.
socket.send() raised exception.
socket.send() raised exception.
socket.send() raised exception.
socket.send() raised exception.
socket.send() raised exception.
socket.send() raised exception.
socket.send() raised exception.
socket.send() raised exception.
 socket.send() raised exception.
socket.send() raised exception.
socket.send() raised exception.
socket.send() raised exception.
socket.send() raised exception.
socket.send() raised exception.
socket.send() raised exception.
socket.send() raised exception.
socket.send() raised exception.
socket.send() raised exception.
socket.send() raised exception.
socket.send() raised exception.
socket.send() raised exception.
socket.send() raised exception.
socket.send() raised exception.
socket.send() raised exception.
socket.send() raised exception.
socket.send() raised exception.
socket.send() raised exception.
socket.send() raised exception.
socket.send() raised exception.
socket.send() raised exception.
socket.send() raised exception.
socket.send() raised exception.
socket.send() raised exception.
socket.send() raised exception.
socket.send() raised exception.
socket.send() raised exception.
socket.send() raised exception.
socket.send() raised exception.
socket.send() raised exception.
socket.send() raised exception.
socket.send() raised exception.
socket.send() raised exception.
socket.send() raised exception.
socket.send() raised exception.
socket.send() raised exception.
 socket.send() raised exception.
socket.send() raised exception.
socket.send() raised exception.
socket.send() raised exception.
socket.send() raised exception.
socket.send() raised exception.
socket.send() raised exception.
socket.send() raised exception.
socket.send() raised exception.
socket.send() raised exception.
socket.send() raised exception.
socket.send() raised exception.
     ^^^^^^^^^^^^
KeyboardInterrupt
socket.send() raised exception.
socket.send() raised exception.
socket.send() raised exception.
socket.send() raised exception.
socket.send() raised exception.
socket.send() raised exception.
socket.send() raised exception.
socket.send() raised exception.
socket.send() raised exception.
socket.send() raised exception.
socket.send() raised exception.
socket.send() raised exception.
socket.send() raised exception.
socket.send() raised exception.
socket.send() raised exception.
socket.send() raised exception.
socket.send() raised exception.
socket.send() raised exception.
socket.send() raised exception.
socket.send() raised exception.
socket.send() raised exception.
socket.send() raised exception.
socket.send() raised exception.
socket.send() raised exception.
socket.send() raised exception.
socket.send() raised exception.
socket.send() raised exception.
socket.send() raised exception.
socket.send() raised exception.
socket.send() raised exception.
socket.send() raised exception.
socket.send() raised exception.
socket.send() raised exception.
socket.send() raised exception.
socket.send() raised exception.
socket.send() raised exception.
socket.send() raised exception.
socket.send() raised exception.
socket.send() raised exception.
socket.send() raised exception.
socket.send() raised exception.
socket.send() raised exception.
socket.send() raised exception.
socket.send() raised exception.
socket.send() raised exception.
socket.send() raised exception.
socket.send() raised exception.
socket.send() raised exception.
socket.send() raised exception.
socket.send() raised exception.
socket.send() raised exception.
socket.send() raised exception.
socket.send() raised exception.
socket.send() raised exception.
socket.send() raised exception.
socket.send() raised exception.
socket.send() raised exception.
socket.send() raised exception.
socket.send() raised exception.
socket.send() raised exception.
socket.send() raised exception.
socket.send() raised exception.
socket.send() raised exception.
socket.send() raised exception.
socket.send() raised exception.
socket.send() raised exception.
socket.send() raised exception.
socket.send() raised exception.
socket.send() raised exception.
socket.send() raised exception.
socket.send() raised exception.
socket.send() raised exception.
socket.send() raised exception.
socket.send() raised exception.
socket.send() raised exception.
socket.send() raised exception.
socket.send() raised exception.
socket.send() raised exception.
socket.send() raised exception.
socket.send() raised exception.
socket.send() raised exception.
socket.send() raised exception.
socket.send() raised exception.
socket.send() raised exception.
socket.send() raised exception.
socket.send() raised exception.
socket.send() raised exception.
socket.send() raised exception.
socket.send() raised exception.
socket.send() raised exception.
socket.send() raised exception.
socket.send() raised exception.
socket.send() raised exception.
socket.send() raised exception.
socket.send() raised exception.
socket.send() raised exception.
socket.send() raised exception.
socket.send() raised exception.
socket.send() raised exception.
socket.send() raised exception.
socket.send() raised exception.
socket.send() raised exception.
socket.send() raised exception.
socket.send() raised exception.
socket.send() raised exception.
socket.send() raised exception.
socket.send() raised exception.
socket.send() raised exception.
socket.send() raised exception.
socket.send() raised exception.
socket.send() raised exception.
socket.send() raised exception.
socket.send() raised exception.
socket.send() raised exception.
socket.send() raised exception.
socket.send() raised exception.
socket.send() raised exception.
socket.send() raised exception.
socket.send() raised exception.
socket.send() raised exception.
socket.send() raised exception.
socket.send() raised exception.
socket.send() raised exception.
socket.send() raised exception.
socket.send() raised exception.
socket.send() raised exception.
socket.send() raised exception.
socket.send() raised exception.
socket.send() raised exception.
socket.send() raised exception.
socket.send() raised exception.
socket.send() raised exception.
socket.send() raised exception.
socket.send() raised exception.
socket.send() raised exception.
socket.send() raised exception.
socket.send() raised exception.
socket.send() raised exception.
socket.send() raised exception.
socket.send() raised exception.
socket.send() raised exception.
socket.send() raised exception.
socket.send() raised exception.
socket.send() raised exception.
socket.send() raised exception.
socket.send() raised exception.
socket.send() raised exception.
socket.send() raised exception.
socket.send() raised exception.
socket.send() raised exception.
socket.send() raised exception.
socket.send() raised exception.
socket.send() raised exception.
socket.send() raised exception.
socket.send() raised exception.
socket.send() raised exception.
socket.send() raised exception.
socket.send() raised exception.
socket.send() raised exception.
socket.send() raised exception.
socket.send() raised exception.
socket.send() raised exception.
socket.send() raised exception.
socket.send() raised exception.
socket.send() raised exception.
socket.send() raised exception.
socket.send() raised exception.
socket.send() raised exception.
socket.send() raised exception.
socket.send() raised exception.
socket.send() raised exception.
socket.send() raised exception.
socket.send() raised exception.
socket.send() raised exception.
socket.send() raised exception.
socket.send() raised exception.
socket.send() raised exception.
socket.send() raised exception.
socket.send() raised exception.
socket.send() raised exception.
socket.send() raised exception.
socket.send() raised exception.
socket.send() raised exception.
socket.send() raised exception.
socket.send() raised exception.
socket.send() raised exception.
socket.send() raised exception.
socket.send() raised exception.
socket.send() raised exception.
socket.send() raised exception.
socket.send() raised exception.
socket.send() raised exception.
socket.send() raised exception.
socket.send() raised exception.
socket.send() raised exception.
socket.send() raised exception.
socket.send() raised exception.
socket.send() raised exception.
socket.send() raised exception.
socket.send() raised exception.
socket.send() raised exception.
socket.send() raised exception.
socket.send() raised exception.
socket.send() raised exception.
socket.send() raised exception.
socket.send() raised exception.
socket.send() raised exception.
socket.send() raised exception.
socket.send() raised exception.
socket.send() raised exception.
socket.send() raised exception.
socket.send() raised exception.
socket.send() raised exception.
socket.send() raised exception.
socket.send() raised exception.
socket.send() raised exception.
socket.send() raised exception.
socket.send() raised exception.
socket.send() raised exception.
socket.send() raised exception.
socket.send() raised exception.
socket.send() raised exception.
socket.send() raised exception.
socket.send() raised exception.
socket.send() raised exception.
socket.send() raised exception.
socket.send() raised exception.
socket.send() raised exception.
socket.send() raised exception.
socket.send() raised exception.
socket.send() raised exception.
socket.send() raised exception.
socket.send() raised exception.
socket.send() raised exception.
socket.send() raised exception.
socket.send() raised exception.
socket.send() raised exception.
socket.send() raised exception.
socket.send() raised exception.
socket.send() raised exception.
socket.send() raised exception.
socket.send() raised exception.
socket.send() raised exception.
socket.send() raised exception.
socket.send() raised exception.
socket.send() raised exception.
socket.send() raised exception.
socket.send() raised exception.
socket.send() raised exception.
socket.send() raised exception.
socket.send() raised exception.
socket.send() raised exception.
socket.send() raised exception.
socket.send() raised exception.
socket.send() raised exception.
socket.send() raised exception.
socket.send() raised exception.
socket.send() raised exception.
socket.send() raised exception.
socket.send() raised exception.
socket.send() raised exception.
socket.send() raised exception.
socket.send() raised exception.
socket.send() raised exception.
socket.send() raised exception.
socket.send() raised exception.
Exception ignored in atexit callback: <function _start_and_connect_service.<locals>.teardown_atexit at 0x7f71df0b16c0>socket.send() raised exception.
socket.send() raised exception.

Traceback (most recent call last):
  File "/zhome/ea/6/187439/computational-tools-project/.venv/lib/python3.12/site-packages/wandb/sdk/lib/service/service_connection.py", line 61, in teardown_atexit
    conn.teardown(hooks.exit_code)
  File "/zhome/ea/6/187439/computational-tools-project/.venv/lib/python3.12/site-packages/wandb/sdk/lib/service/service_connection.py", line 236, in teardown
socket.send() raised exception.
socket.send() raised exception.
    self._asyncer.run(publish_teardown_and_close)
socket.send() raised exception.
socket.send() raised exception.
  File "/zhome/ea/6/187439/computational-tools-project/.venv/lib/python3.12/site-packages/wandb/sdk/lib/asyncio_manager.py", line 136, in run
socket.send() raised exception.
socket.send() raised exception.
    return future.result()
   socket.send() raised exception.
socket.send() raised exception.
   socket.send() raised exception.
socket.send() raised exception.
     ^^^^^^^^^^^^^^^
  File "/appl9/python/3.12.11/lib/python3.12/concurrent/futures/_base.py", line 456, in result
    return self.__get_result()
          socket.send() raised exception.
 ^^socket.send() raised exception.
^^^^^^socket.send() raised exception.
socket.send() raised exception.
^^^socket.send() raised exception.
socket.send() raised exception.
^^^socket.send() raised exception.
socket.send() raised exception.
^^^^^
socket.send() raised exception.
socket.send() raised exception.
  File "/appl9/python/3.12.11/lib/python3.12/concurrent/futures/_base.py", line 401, in __get_result
socket.send() raised exception.
socket.send() raised exception.
socket.send() raised exception.
socket.send() raised exception.
    raise self._exceptionsocket.send() raised exception.
socket.send() raised exception.

  File "/zhome/ea/6/187439/computational-tools-project/.venv/lib/python3.12/site-packages/wandb/sdk/lib/asyncio_manager.py", line 181, in fn_wrap_exceptions
socket.send() raised exception.
socket.send() raised exception.
    await fn()
  File "/zhome/ea/6/187439/computational-tools-project/.venv/lib/python3.12/site-packages/wandb/sdk/lib/service/service_client.py", line 38, in publish
socket.send() raised exception.
socket.send() raised exception.
    socket.send() raised exception.
socket.send() raised exception.
await self._send_server_request(request)
  File "/zhome/ea/6/187439/computational-tools-project/.venv/lib/python3.12/site-packages/wandb/sdk/lib/service/service_client.py", line 64, in _send_server_request
socket.send() raised exception.
    await self._writer.drain()
socket.send() raised exception.
  File "/appl9/python/3.12.11/lib/python3.12/asyncio/streams.py", line 380, in drain
socket.send() raised exception.
socket.send() raised exception.
    raise excsocket.send() raised exception.
socket.send() raised exception.

  File "/zhome/ea/6/187439/computational-tools-project/.venv/lib/python3.12/site-packages/wandb/sdk/lib/asyncio_manager.py", line 181, in fn_wrap_exceptions
socket.send() raised exception.
    await fn()
socket.send() raised exception.
  File "/zhome/ea/6/187439/computational-tools-project/.venv/lib/python3.12/site-packages/wandb/sdk/lib/service/service_client.py", line 38, in publish
socket.send() raised exception.
socket.send() raised exception.
    await self._send_server_request(request)
  File "/zhome/ea/6/187439/computational-tools-project/.venv/lib/python3.12/site-packages/wandb/sdk/lib/service/service_client.py", line 64, in _send_server_request
socket.send() raised exception.
socket.send() raised exception.
    socket.send() raised exception.
socket.send() raised exception.
await self._writer.drain()
  File "/appl9/python/3.12.11/lib/python3.12/asyncio/streams.py", line 380, in drain
socket.send() raised exception.
socket.send() raised exception.
    raise excsocket.send() raised exception.
socket.send() raised exception.

  File "/zhome/ea/6/187439/computational-tools-project/.venv/lib/python3.12/site-packages/wandb/sdk/lib/asyncio_manager.py", line 181, in fn_wrap_exceptions
socket.send() raised exception.
socket.send() raised exception.
    await fn()
  File "/zhome/ea/6/187439/computational-tools-project/.venv/lib/python3.12/site-packages/wandb/sdk/lib/service/service_client.py", line 38, in publish
socket.send() raised exception.
socket.send() raised exception.
    await self._send_server_request(request)
  File "/zhome/ea/6/187439/computational-tools-project/.venv/lib/python3.12/site-packages/wandb/sdk/lib/service/service_client.py", line 64, in _send_server_request
socket.send() raised exception.
socket.send() raised exception.
    await self._writer.drain()
  File "/appl9/python/3.12.11/lib/python3.12/asyncio/streams.py", line 380, in drain
socket.send() raised exception.
socket.send() raised exception.
    raise exc
  File "/zhome/ea/6/187439/computational-tools-project/.venv/lib/python3.12/site-packages/wandb/sdk/lib/asyncio_manager.py", line 181, in fn_wrap_exceptions
socket.send() raised exception.
socket.send() raised exception.
    await fn()
  File "/zhome/ea/6/187439/computational-tools-project/.venv/lib/python3.12/site-packages/wandb/sdk/lib/service/service_client.py", line 38, in publish
socket.send() raised exception.
socket.send() raised exception.
    await self._send_server_request(request)
  File "/zhome/ea/6/187439/computational-tools-project/.venv/lib/python3.12/site-packages/wandb/sdk/lib/service/service_client.py", line 64, in _send_server_request
socket.send() raised exception.
socket.send() raised exception.
    await self._writer.drain()
  File "/appl9/python/3.12.11/lib/python3.12/asyncio/streams.py", line 380, in drain
socket.send() raised exception.
socket.send() raised exception.
    raise exc
socket.send() raised exception.
socket.send() raised exception.
  File "/zhome/ea/6/187439/computational-tools-project/.venv/lib/python3.12/site-packages/wandb/sdk/lib/asyncio_manager.py", line 181, in fn_wrap_exceptions
socket.send() raised exception.
socket.send() raised exception.
    await fn()
  File "/zhome/ea/6/187439/computational-tools-project/.venv/lib/python3.12/site-packages/wandb/sdk/lib/service/service_client.py", line 38, in publish
socket.send() raised exception.
    await self._send_server_request(request)
socket.send() raised exception.
  File "/zhome/ea/6/187439/computational-tools-project/.venv/lib/python3.12/site-packages/wandb/sdk/lib/service/service_client.py", line 64, in _send_server_request
socket.send() raised exception.
socket.send() raised exception.
    await self._writer.drain()
  File "/appl9/python/3.12.11/lib/python3.12/asyncio/streams.py", line 380, in drain
socket.send() raised exception.
socket.send() raised exception.
    raise exc
socket.send() raised exception.
socket.send() raised exception.
  File "/zhome/ea/6/187439/computational-tools-project/.venv/lib/python3.12/site-packages/wandb/sdk/lib/asyncio_manager.py", line 181, in fn_wrap_exceptions
socket.send() raised exception.
socket.send() raised exception.
    await fn()
  File "/zhome/ea/6/187439/computational-tools-project/.venv/lib/python3.12/site-packages/wandb/sdk/lib/service/service_client.py", line 38, in publish
socket.send() raised exception.
socket.send() raised exception.
    await self._send_server_request(request)
  File "/zhome/ea/6/187439/computational-tools-project/.venv/lib/python3.12/site-packages/wandb/sdk/lib/service/service_client.py", line 64, in _send_server_request
socket.send() raised exception.
socket.send() raised exception.
    await self._writer.drain()
  File "/appl9/python/3.12.11/lib/python3.12/asyncio/streams.py", line 380, in drain
socket.send() raised exception.
socket.send() raised exception.
    raise exc
socket.send() raised exception.
socket.send() raised exception.
  File "/zhome/ea/6/187439/computational-tools-project/.venv/lib/python3.12/site-packages/wandb/sdk/lib/asyncio_manager.py", line 181, in fn_wrap_exceptions
socket.send() raised exception.
socket.send() raised exception.
    await fn()
socket.send() raised exception.
socket.send() raised exception.
  File "/zhome/ea/6/187439/computational-tools-project/.venv/lib/python3.12/site-packages/wandb/sdk/lib/service/service_client.py", line 38, in publish
socket.send() raised exception.
socket.send() raised exception.
    await self._send_server_request(request)
  File "/zhome/ea/6/187439/computational-tools-project/.venv/lib/python3.12/site-packages/wandb/sdk/lib/service/service_client.py", line 64, in _send_server_request
socket.send() raised exception.
    await self._writer.drain()
socket.send() raised exception.
  File "/appl9/python/3.12.11/lib/python3.12/asyncio/streams.py", line 380, in drain
socket.send() raised exception.
socket.send() raised exception.
    raise exc
  File "/zhome/ea/6/187439/computational-tools-project/.venv/lib/python3.12/site-packages/wandb/sdk/lib/asyncio_manager.py", line 181, in fn_wrap_exceptions
socket.send() raised exception.
socket.send() raised exception.
    await fn()
  File "/zhome/ea/6/187439/computational-tools-project/.venv/lib/python3.12/site-packages/wandb/sdk/lib/service/service_client.py", line 38, in publish
socket.send() raised exception.
    await self._send_server_request(request)
socket.send() raised exception.
  File "/zhome/ea/6/187439/computational-tools-project/.venv/lib/python3.12/site-packages/wandb/sdk/lib/service/service_client.py", line 64, in _send_server_request
socket.send() raised exception.
    await self._writer.drain()
socket.send() raised exception.
  File "/appl9/python/3.12.11/lib/python3.12/asyncio/streams.py", line 380, in drain
socket.send() raised exception.
socket.send() raised exception.
    raise exc
  File "/zhome/ea/6/187439/computational-tools-project/.venv/lib/python3.12/site-packages/wandb/sdk/lib/asyncio_manager.py", line 181, in fn_wrap_exceptions
socket.send() raised exception.
    await fn()
socket.send() raised exception.
  File "/zhome/ea/6/187439/computational-tools-project/.venv/lib/python3.12/site-packages/wandb/sdk/lib/service/service_client.py", line 38, in publish
socket.send() raised exception.
    await self._send_server_request(request)
socket.send() raised exception.
  File "/zhome/ea/6/187439/computational-tools-project/.venv/lib/python3.12/site-packages/wandb/sdk/lib/service/service_client.py", line 64, in _send_server_request
socket.send() raised exception.
socket.send() raised exception.
    await self._writer.drain()
socket.send() raised exception.
socket.send() raised exception.
  File "/appl9/python/3.12.11/lib/python3.12/asyncio/streams.py", line 380, in drain
socket.send() raised exception.
socket.send() raised exception.
    raise exc
socket.send() raised exception.
socket.send() raised exception.
  File "/zhome/ea/6/187439/computational-tools-project/.venv/lib/python3.12/site-packages/wandb/sdk/lib/asyncio_manager.py", line 181, in fn_wrap_exceptions
socket.send() raised exception.
    await fn()socket.send() raised exception.

  File "/zhome/ea/6/187439/computational-tools-project/.venv/lib/python3.12/site-packages/wandb/sdk/lib/service/service_client.py", line 38, in publish
    socket.send() raised exception.
socket.send() raised exception.
await self._send_server_request(request)
  File "/zhome/ea/6/187439/computational-tools-project/.venv/lib/python3.12/site-packages/wandb/sdk/lib/service/service_client.py", line 64, in _send_server_request
socket.send() raised exception.
socket.send() raised exception.
    await self._writer.drain()
  File "/appl9/python/3.12.11/lib/python3.12/asyncio/streams.py", line 380, in drain
socket.send() raised exception.
socket.send() raised exception.
    raise exc
socket.send() raised exception.
socket.send() raised exception.
  File "/zhome/ea/6/187439/computational-tools-project/.venv/lib/python3.12/site-packages/wandb/sdk/lib/asyncio_manager.py", line 181, in fn_wrap_exceptions
socket.send() raised exception.
socket.send() raised exception.
    await fn()
  File "/zhome/ea/6/187439/computational-tools-project/.venv/lib/python3.12/site-packages/wandb/sdk/lib/service/service_client.py", line 38, in publish
socket.send() raised exception.
socket.send() raised exception.
    await self._send_server_request(request)
  File "/zhome/ea/6/187439/computational-tools-project/.venv/lib/python3.12/site-packages/wandb/sdk/lib/service/service_client.py", line 64, in _send_server_request
socket.send() raised exception.
socket.send() raised exception.
    await self._writer.drain()
  File "/appl9/python/3.12.11/lib/python3.12/asyncio/streams.py", line 380, in drain
socket.send() raised exception.
socket.send() raised exception.
    raise exc
socket.send() raised exception.
socket.send() raised exception.
  File "/zhome/ea/6/187439/computational-tools-project/.venv/lib/python3.12/site-packages/wandb/sdk/lib/asyncio_manager.py", line 181, in fn_wrap_exceptions
socket.send() raised exception.
socket.send() raised exception.
    await fn()
  File "/zhome/ea/6/187439/computational-tools-project/.venv/lib/python3.12/site-packages/wandb/sdk/lib/service/service_client.py", line 38, in publish
socket.send() raised exception.
socket.send() raised exception.
    await self._send_server_request(request)
  File "/zhome/ea/6/187439/computational-tools-project/.venv/lib/python3.12/site-packages/wandb/sdk/lib/service/service_client.py", line 64, in _send_server_request
socket.send() raised exception.
    await self._writer.drain()
socket.send() raised exception.
  File "/appl9/python/3.12.11/lib/python3.12/asyncio/streams.py", line 380, in drain
socket.send() raised exception.
socket.send() raised exception.
    raise exc
  File "/zhome/ea/6/187439/computational-tools-project/.venv/lib/python3.12/site-packages/wandb/sdk/lib/asyncio_manager.py", line 181, in fn_wrap_exceptions
socket.send() raised exception.
socket.send() raised exception.
    await fn()
  File "/zhome/ea/6/187439/computational-tools-project/.venv/lib/python3.12/site-packages/wandb/sdk/lib/service/service_client.py", line 38, in publish
socket.send() raised exception.
socket.send() raised exception.
    await self._send_server_request(request)
  File "/zhome/ea/6/187439/computational-tools-project/.venv/lib/python3.12/site-packages/wandb/sdk/lib/service/service_client.py", line 64, in _send_server_request
socket.send() raised exception.
socket.send() raised exception.
    await self._writer.drain()
  File "/appl9/python/3.12.11/lib/python3.12/asyncio/streams.py", line 380, in drain
socket.send() raised exception.
socket.send() raised exception.
    raise exc
  File "/zhome/ea/6/187439/computational-tools-project/.venv/lib/python3.12/site-packages/wandb/sdk/lib/asyncio_manager.py", line 181, in fn_wrap_exceptions
socket.send() raised exception.
socket.send() raised exception.
    await fn()
  File "/zhome/ea/6/187439/computational-tools-project/.venv/lib/python3.12/site-packages/wandb/sdk/lib/service/service_client.py", line 38, in publish
socket.send() raised exception.
    await self._send_server_request(request)
socket.send() raised exception.
  File "/zhome/ea/6/187439/computational-tools-project/.venv/lib/python3.12/site-packages/wandb/sdk/lib/service/service_client.py", line 64, in _send_server_request
socket.send() raised exception.
socket.send() raised exception.
    await self._writer.drain()
  File "/appl9/python/3.12.11/lib/python3.12/asyncio/streams.py", line 380, in drain
socket.send() raised exception.
socket.send() raised exception.
    raise exc
socket.send() raised exception.
socket.send() raised exception.
  File "/zhome/ea/6/187439/computational-tools-project/.venv/lib/python3.12/site-packages/wandb/sdk/lib/asyncio_manager.py", line 181, in fn_wrap_exceptions
socket.send() raised exception.
socket.send() raised exception.
    await fn()
  File "/zhome/ea/6/187439/computational-tools-project/.venv/lib/python3.12/site-packages/wandb/sdk/lib/service/service_client.py", line 38, in publish
socket.send() raised exception.
socket.send() raised exception.
    await self._send_server_request(request)socket.send() raised exception.
socket.send() raised exception.

  File "/zhome/ea/6/187439/computational-tools-project/.venv/lib/python3.12/site-packages/wandb/sdk/lib/service/service_client.py", line 64, in _send_server_request
socket.send() raised exception.
socket.send() raised exception.
    await self._writer.drain()
  File "/appl9/python/3.12.11/lib/python3.12/asyncio/streams.py", line 380, in drain
socket.send() raised exception.
socket.send() raised exception.
    raise exc
  File "/zhome/ea/6/187439/computational-tools-project/.venv/lib/python3.12/site-packages/wandb/sdk/lib/asyncio_manager.py", line 181, in fn_wrap_exceptions
socket.send() raised exception.
socket.send() raised exception.
    await fn()
  File "/zhome/ea/6/187439/computational-tools-project/.venv/lib/python3.12/site-packages/wandb/sdk/lib/service/service_client.py", line 38, in publish
socket.send() raised exception.
socket.send() raised exception.
    await self._send_server_request(request)
  File "/zhome/ea/6/187439/computational-tools-project/.venv/lib/python3.12/site-packages/wandb/sdk/lib/service/service_client.py", line 64, in _send_server_request
socket.send() raised exception.
socket.send() raised exception.
    await self._writer.drain()
  File "/appl9/python/3.12.11/lib/python3.12/asyncio/streams.py", line 380, in drain
socket.send() raised exception.
socket.send() raised exception.
    raise exc
socket.send() raised exception.
socket.send() raised exception.
  File "/zhome/ea/6/187439/computational-tools-project/.venv/lib/python3.12/site-packages/wandb/sdk/lib/asyncio_manager.py", line 181, in fn_wrap_exceptions
socket.send() raised exception.
socket.send() raised exception.
    await fn()
  File "/zhome/ea/6/187439/computational-tools-project/.venv/lib/python3.12/site-packages/wandb/sdk/lib/service/service_client.py", line 38, in publish
socket.send() raised exception.
socket.send() raised exception.
    await self._send_server_request(request)
  File "/zhome/ea/6/187439/computational-tools-project/.venv/lib/python3.12/site-packages/wandb/sdk/lib/service/service_client.py", line 64, in _send_server_request
socket.send() raised exception.
socket.send() raised exception.
    await self._writer.drain()
  File "/appl9/python/3.12.11/lib/python3.12/asyncio/streams.py", line 380, in drain
socket.send() raised exception.
socket.send() raised exception.
socket.send() raised exception.
socket.send() raised exception.
    raise exc
  File "/zhome/ea/6/187439/computational-tools-project/.venv/lib/python3.12/site-packages/wandb/sdk/lib/asyncio_manager.py", line 181, in fn_wrap_exceptions
socket.send() raised exception.
socket.send() raised exception.
    await fn()
  File "/zhome/ea/6/187439/computational-tools-project/.venv/lib/python3.12/site-packages/wandb/sdk/lib/service/service_client.py", line 38, in publish
socket.send() raised exception.
socket.send() raised exception.
    await self._send_server_request(request)
  File "/zhome/ea/6/187439/computational-tools-project/.venv/lib/python3.12/site-packages/wandb/sdk/lib/service/service_client.py", line 64, in _send_server_request
socket.send() raised exception.
socket.send() raised exception.
    await self._writer.drain()
  File "/appl9/python/3.12.11/lib/python3.12/asyncio/streams.py", line 380, in drain
socket.send() raised exception.
socket.send() raised exception.
    raise excsocket.send() raised exception.
socket.send() raised exception.

  File "/zhome/ea/6/187439/computational-tools-project/.venv/lib/python3.12/site-packages/wandb/sdk/lib/asyncio_manager.py", line 181, in fn_wrap_exceptions
socket.send() raised exception.
    socket.send() raised exception.
await fn()
  File "/zhome/ea/6/187439/computational-tools-project/.venv/lib/python3.12/site-packages/wandb/sdk/lib/service/service_client.py", line 38, in publish
    await self._send_server_request(request)socket.send() raised exception.
socket.send() raised exception.

  File "/zhome/ea/6/187439/computational-tools-project/.venv/lib/python3.12/site-packages/wandb/sdk/lib/service/service_client.py", line 64, in _send_server_request
socket.send() raised exception.
socket.send() raised exception.
    await self._writer.drain()
  File "/appl9/python/3.12.11/lib/python3.12/asyncio/streams.py", line 380, in drain
socket.send() raised exception.
socket.send() raised exception.
    raise exc
socket.send() raised exception.
socket.send() raised exception.
  File "/zhome/ea/6/187439/computational-tools-project/.venv/lib/python3.12/site-packages/wandb/sdk/lib/asyncio_manager.py", line 181, in fn_wrap_exceptions
socket.send() raised exception.
    await fn()
socket.send() raised exception.
  File "/zhome/ea/6/187439/computational-tools-project/.venv/lib/python3.12/site-packages/wandb/sdk/lib/service/service_client.py", line 38, in publish
socket.send() raised exception.
    await self._send_server_request(request)
socket.send() raised exception.
  File "/zhome/ea/6/187439/computational-tools-project/.venv/lib/python3.12/site-packages/wandb/sdk/lib/service/service_client.py", line 64, in _send_server_request
socket.send() raised exception.
socket.send() raised exception.
    await self._writer.drain()
  File "/appl9/python/3.12.11/lib/python3.12/asyncio/streams.py", line 380, in drain
socket.send() raised exception.
socket.send() raised exception.
    raise excsocket.send() raised exception.
socket.send() raised exception.

  File "/zhome/ea/6/187439/computational-tools-project/.venv/lib/python3.12/site-packages/wandb/sdk/lib/asyncio_manager.py", line 181, in fn_wrap_exceptions
socket.send() raised exception.
socket.send() raised exception.
    await fn()
  File "/zhome/ea/6/187439/computational-tools-project/.venv/lib/python3.12/site-packages/wandb/sdk/lib/service/service_client.py", line 38, in publish
socket.send() raised exception.
    await self._send_server_request(request)
socket.send() raised exception.
  File "/zhome/ea/6/187439/computational-tools-project/.venv/lib/python3.12/site-packages/wandb/sdk/lib/service/service_client.py", line 64, in _send_server_request
socket.send() raised exception.
    await self._writer.drain()
socket.send() raised exception.
  File "/appl9/python/3.12.11/lib/python3.12/asyncio/streams.py", line 380, in drain
socket.send() raised exception.
socket.send() raised exception.
    raise exc
  File "/zhome/ea/6/187439/computational-tools-project/.venv/lib/python3.12/site-packages/wandb/sdk/lib/asyncio_manager.py", line 181, in fn_wrap_exceptions
socket.send() raised exception.
socket.send() raised exception.
    await fn()
  File "/zhome/ea/6/187439/computational-tools-project/.venv/lib/python3.12/site-packages/wandb/sdk/lib/service/service_client.py", line 38, in publish
socket.send() raised exception.
socket.send() raised exception.
    await self._send_server_request(request)socket.send() raised exception.
socket.send() raised exception.

  File "/zhome/ea/6/187439/computational-tools-project/.venv/lib/python3.12/site-packages/wandb/sdk/lib/service/service_client.py", line 64, in _send_server_request
socket.send() raised exception.
socket.send() raised exception.
    await self._writer.drain()
  File "/appl9/python/3.12.11/lib/python3.12/asyncio/streams.py", line 380, in drain
socket.send() raised exception.
socket.send() raised exception.
    raise exc
  File "/zhome/ea/6/187439/computational-tools-project/.venv/lib/python3.12/site-packages/wandb/sdk/lib/asyncio_manager.py", line 181, in fn_wrap_exceptions
socket.send() raised exception.
socket.send() raised exception.
    await fn()
  File "/zhome/ea/6/187439/computational-tools-project/.venv/lib/python3.12/site-packages/wandb/sdk/lib/service/service_client.py", line 38, in publish
socket.send() raised exception.
    await self._send_server_request(request)
socket.send() raised exception.
  File "/zhome/ea/6/187439/computational-tools-project/.venv/lib/python3.12/site-packages/wandb/sdk/lib/service/service_client.py", line 64, in _send_server_request
socket.send() raised exception.
socket.send() raised exception.
    await self._writer.drain()
  File "/appl9/python/3.12.11/lib/python3.12/asyncio/streams.py", line 380, in drain
socket.send() raised exception.
socket.send() raised exception.
    raise exc
socket.send() raised exception.
socket.send() raised exception.
  File "/zhome/ea/6/187439/computational-tools-project/.venv/lib/python3.12/site-packages/wandb/sdk/lib/asyncio_manager.py", line 181, in fn_wrap_exceptions
socket.send() raised exception.
socket.send() raised exception.
    await fn()
  File "/zhome/ea/6/187439/computational-tools-project/.venv/lib/python3.12/site-packages/wandb/sdk/lib/service/service_client.py", line 38, in publish
socket.send() raised exception.
socket.send() raised exception.
    await self._send_server_request(request)
  File "/zhome/ea/6/187439/computational-tools-project/.venv/lib/python3.12/site-packages/wandb/sdk/lib/service/service_client.py", line 64, in _send_server_request
socket.send() raised exception.
socket.send() raised exception.
    await self._writer.drain()
  File "/appl9/python/3.12.11/lib/python3.12/asyncio/streams.py", line 380, in drain
socket.send() raised exception.
socket.send() raised exception.
    raise exc
  File "/zhome/ea/6/187439/computational-tools-project/.venv/lib/python3.12/site-packages/wandb/sdk/lib/asyncio_manager.py", line 181, in fn_wrap_exceptions
socket.send() raised exception.
    await fn()
socket.send() raised exception.
  File "/zhome/ea/6/187439/computational-tools-project/.venv/lib/python3.12/site-packages/wandb/sdk/lib/service/service_client.py", line 38, in publish
socket.send() raised exception.
socket.send() raised exception.
    await self._send_server_request(request)
  File "/zhome/ea/6/187439/computational-tools-project/.venv/lib/python3.12/site-packages/wandb/sdk/lib/service/service_client.py", line 64, in _send_server_request
socket.send() raised exception.
    await self._writer.drain()
socket.send() raised exception.
  File "/appl9/python/3.12.11/lib/python3.12/asyncio/streams.py", line 380, in drain
socket.send() raised exception.
socket.send() raised exception.
    raise exc
  File "/zhome/ea/6/187439/computational-tools-project/.venv/lib/python3.12/site-packages/wandb/sdk/lib/asyncio_manager.py", line 181, in fn_wrap_exceptions
socket.send() raised exception.
socket.send() raised exception.
    await fn()
  File "/zhome/ea/6/187439/computational-tools-project/.venv/lib/python3.12/site-packages/wandb/sdk/lib/service/service_client.py", line 38, in publish
socket.send() raised exception.
socket.send() raised exception.
    await self._send_server_request(request)
  File "/zhome/ea/6/187439/computational-tools-project/.venv/lib/python3.12/site-packages/wandb/sdk/lib/service/service_client.py", line 64, in _send_server_request
socket.send() raised exception.
socket.send() raised exception.
    await self._writer.drain()
socket.send() raised exception.
socket.send() raised exception.
  File "/appl9/python/3.12.11/lib/python3.12/asyncio/streams.py", line 380, in drain
socket.send() raised exception.
socket.send() raised exception.
    raise exc
socket.send() raised exception.
socket.send() raised exception.
  File "/zhome/ea/6/187439/computational-tools-project/.venv/lib/python3.12/site-packages/wandb/sdk/lib/asyncio_manager.py", line 181, in fn_wrap_exceptions
    socket.send() raised exception.
socket.send() raised exception.
await fn()
  File "/zhome/ea/6/187439/computational-tools-project/.venv/lib/python3.12/site-packages/wandb/sdk/lib/service/service_client.py", line 38, in publish
socket.send() raised exception.
    await self._send_server_request(request)
socket.send() raised exception.
  File "/zhome/ea/6/187439/computational-tools-project/.venv/lib/python3.12/site-packages/wandb/sdk/lib/service/service_client.py", line 64, in _send_server_request
socket.send() raised exception.
socket.send() raised exception.
    await self._writer.drain()
  File "/appl9/python/3.12.11/lib/python3.12/asyncio/streams.py", line 380, in drain
socket.send() raised exception.
socket.send() raised exception.
    raise exc
socket.send() raised exception.
socket.send() raised exception.
  File "/zhome/ea/6/187439/computational-tools-project/.venv/lib/python3.12/site-packages/wandb/sdk/lib/asyncio_manager.py", line 181, in fn_wrap_exceptions
socket.send() raised exception.
socket.send() raised exception.
    await fn()
  File "/zhome/ea/6/187439/computational-tools-project/.venv/lib/python3.12/site-packages/wandb/sdk/lib/service/service_client.py", line 38, in publish
socket.send() raised exception.
socket.send() raised exception.
    await self._send_server_request(request)
  File "/zhome/ea/6/187439/computational-tools-project/.venv/lib/python3.12/site-packages/wandb/sdk/lib/service/service_client.py", line 64, in _send_server_request
socket.send() raised exception.
socket.send() raised exception.
    await self._writer.drain()
socket.send() raised exception.
socket.send() raised exception.
  File "/appl9/python/3.12.11/lib/python3.12/asyncio/streams.py", line 380, in drain
socket.send() raised exception.
socket.send() raised exception.
    raise exc
socket.send() raised exception.
socket.send() raised exception.
  File "/zhome/ea/6/187439/computational-tools-project/.venv/lib/python3.12/site-packages/wandb/sdk/lib/asyncio_manager.py", line 181, in fn_wrap_exceptions
socket.send() raised exception.
socket.send() raised exception.
    await fn()
  File "/zhome/ea/6/187439/computational-tools-project/.venv/lib/python3.12/site-packages/wandb/sdk/lib/service/service_client.py", line 38, in publish
socket.send() raised exception.
    await self._send_server_request(request)
socket.send() raised exception.
  File "/zhome/ea/6/187439/computational-tools-project/.venv/lib/python3.12/site-packages/wandb/sdk/lib/service/service_client.py", line 64, in _send_server_request
socket.send() raised exception.
socket.send() raised exception.
    await self._writer.drain()
  File "/appl9/python/3.12.11/lib/python3.12/asyncio/streams.py", line 380, in drain
socket.send() raised exception.
socket.send() raised exception.
    raise exc
  File "/zhome/ea/6/187439/computational-tools-project/.venv/lib/python3.12/site-packages/wandb/sdk/lib/asyncio_manager.py", line 181, in fn_wrap_exceptions
socket.send() raised exception.
socket.send() raised exception.
    await fn()
  File "/zhome/ea/6/187439/computational-tools-project/.venv/lib/python3.12/site-packages/wandb/sdk/lib/service/service_client.py", line 38, in publish
socket.send() raised exception.
socket.send() raised exception.
    await self._send_server_request(request)
  File "/zhome/ea/6/187439/computational-tools-project/.venv/lib/python3.12/site-packages/wandb/sdk/lib/service/service_client.py", line 64, in _send_server_request
socket.send() raised exception.
socket.send() raised exception.
    await self._writer.drain()
  File "/appl9/python/3.12.11/lib/python3.12/asyncio/streams.py", line 380, in drain
socket.send() raised exception.
socket.send() raised exception.
    raise exc
  File "/zhome/ea/6/187439/computational-tools-project/.venv/lib/python3.12/site-packages/wandb/sdk/lib/asyncio_manager.py", line 181, in fn_wrap_exceptions
socket.send() raised exception.
socket.send() raised exception.
    await fn()
  File "/zhome/ea/6/187439/computational-tools-project/.venv/lib/python3.12/site-packages/wandb/sdk/lib/service/service_client.py", line 38, in publish
socket.send() raised exception.
    await self._send_server_request(request)
socket.send() raised exception.
  File "/zhome/ea/6/187439/computational-tools-project/.venv/lib/python3.12/site-packages/wandb/sdk/lib/service/service_client.py", line 64, in _send_server_request
socket.send() raised exception.
socket.send() raised exception.
    await self._writer.drain()
  File "/appl9/python/3.12.11/lib/python3.12/asyncio/streams.py", line 380, in drain
socket.send() raised exception.
socket.send() raised exception.
    raise exc
  File "/zhome/ea/6/187439/computational-tools-project/.venv/lib/python3.12/site-packages/wandb/sdk/lib/asyncio_manager.py", line 181, in fn_wrap_exceptions
socket.send() raised exception.
socket.send() raised exception.
    await fn()
  File "/zhome/ea/6/187439/computational-tools-project/.venv/lib/python3.12/site-packages/wandb/sdk/lib/service/service_client.py", line 38, in publish
socket.send() raised exception.
socket.send() raised exception.
    await self._send_server_request(request)
  File "/zhome/ea/6/187439/computational-tools-project/.venv/lib/python3.12/site-packages/wandb/sdk/lib/service/service_client.py", line 64, in _send_server_request
socket.send() raised exception.
    await self._writer.drain()
socket.send() raised exception.
  File "/appl9/python/3.12.11/lib/python3.12/asyncio/streams.py", line 380, in drain
socket.send() raised exception.
socket.send() raised exception.
    raise exc
  File "/zhome/ea/6/187439/computational-tools-project/.venv/lib/python3.12/site-packages/wandb/sdk/lib/asyncio_manager.py", line 181, in fn_wrap_exceptions
socket.send() raised exception.
socket.send() raised exception.
    await fn()
  File "/zhome/ea/6/187439/computational-tools-project/.venv/lib/python3.12/site-packages/wandb/sdk/lib/service/service_client.py", line 38, in publish
socket.send() raised exception.
socket.send() raised exception.
    await self._send_server_request(request)
  File "/zhome/ea/6/187439/computational-tools-project/.venv/lib/python3.12/site-packages/wandb/sdk/lib/service/service_client.py", line 64, in _send_server_request
socket.send() raised exception.
socket.send() raised exception.
    await self._writer.drain()
  File "/appl9/python/3.12.11/lib/python3.12/asyncio/streams.py", line 380, in drain
socket.send() raised exception.
socket.send() raised exception.
    raise exc
  File "/zhome/ea/6/187439/computational-tools-project/.venv/lib/python3.12/site-packages/wandb/sdk/lib/asyncio_manager.py", line 181, in fn_wrap_exceptions
socket.send() raised exception.
    await fn()
socket.send() raised exception.
  File "/zhome/ea/6/187439/computational-tools-project/.venv/lib/python3.12/site-packages/wandb/sdk/lib/service/service_client.py", line 38, in publish
socket.send() raised exception.
    await self._send_server_request(request)
socket.send() raised exception.
  File "/zhome/ea/6/187439/computational-tools-project/.venv/lib/python3.12/site-packages/wandb/sdk/lib/service/service_client.py", line 64, in _send_server_request
socket.send() raised exception.
socket.send() raised exception.
    await self._writer.drain()
  File "/appl9/python/3.12.11/lib/python3.12/asyncio/streams.py", line 380, in drain
socket.send() raised exception.
socket.send() raised exception.
    raise exc
  File "/zhome/ea/6/187439/computational-tools-project/.venv/lib/python3.12/site-packages/wandb/sdk/lib/asyncio_manager.py", line 181, in fn_wrap_exceptions
socket.send() raised exception.
    await fn()
socket.send() raised exception.
  File "/zhome/ea/6/187439/computational-tools-project/.venv/lib/python3.12/site-packages/wandb/sdk/lib/service/service_client.py", line 38, in publish
    socket.send() raised exception.
socket.send() raised exception.
await self._send_server_request(request)
  File "/zhome/ea/6/187439/computational-tools-project/.venv/lib/python3.12/site-packages/wandb/sdk/lib/service/service_client.py", line 64, in _send_server_request
socket.send() raised exception.
    await self._writer.drain()
socket.send() raised exception.
  File "/appl9/python/3.12.11/lib/python3.12/asyncio/streams.py", line 380, in drain
socket.send() raised exception.
socket.send() raised exception.
    raise exc
  File "/zhome/ea/6/187439/computational-tools-project/.venv/lib/python3.12/site-packages/wandb/sdk/lib/asyncio_manager.py", line 219, in _wrap
socket.send() raised exception.
    return await fn()
socket.send() raised exception.
         socket.send() raised exception.
socket.send() raised exception.
  ^^^^^^^^^^
socket.send() raised exception.
  File "/zhome/ea/6/187439/computational-tools-project/.venv/lib/python3.12/site-packages/wandb/sdk/lib/service/service_connection.py", line 227, in publish_teardown_and_close
socket.send() raised exception.
    await self._client.publish(
  File "/zhome/ea/6/187439/computational-tools-project/.venv/lib/python3.12/site-packages/wandb/sdk/lib/service/service_client.py", line 38, in publish
socket.send() raised exception.
socket.send() raised exception.
    await self._send_server_request(request)
socket.send() raised exception.
socket.send() raised exception.
  File "/zhome/ea/6/187439/computational-tools-project/.venv/lib/python3.12/site-packages/wandb/sdk/lib/service/service_client.py", line 64, in _send_server_request
socket.send() raised exception.
    await self._writer.drain()
socket.send() raised exception.
  File "/appl9/python/3.12.11/lib/python3.12/asyncio/streams.py", line 380, in drain
socket.send() raised exception.
socket.send() raised exception.
    raise exc
  File "/zhome/ea/6/187439/computational-tools-project/.venv/lib/python3.12/site-packages/wandb/sdk/lib/asyncio_manager.py", line 181, in fn_wrap_exceptions
socket.send() raised exception.
    await fn()
socket.send() raised exception.
  File "/zhome/ea/6/187439/computational-tools-project/.venv/lib/python3.12/site-packages/wandb/sdk/lib/service/service_client.py", line 38, in publish
    socket.send() raised exception.
socket.send() raised exception.
await self._send_server_request(request)
  File "/zhome/ea/6/187439/computational-tools-project/.venv/lib/python3.12/site-packages/wandb/sdk/lib/service/service_client.py", line 64, in _send_server_request
socket.send() raised exception.
    await self._writer.drain()
socket.send() raised exception.
  File "/appl9/python/3.12.11/lib/python3.12/asyncio/streams.py", line 380, in drain
socket.send() raised exception.
socket.send() raised exception.
    raise exc
  File "/zhome/ea/6/187439/computational-tools-project/.venv/lib/python3.12/site-packages/wandb/sdk/lib/asyncio_manager.py", line 181, in fn_wrap_exceptions
socket.send() raised exception.
    await fn()
socket.send() raised exception.
  File "/zhome/ea/6/187439/computational-tools-project/.venv/lib/python3.12/site-packages/wandb/sdk/lib/service/service_client.py", line 38, in publish
socket.send() raised exception.
    await self._send_server_request(request)
socket.send() raised exception.
  File "/zhome/ea/6/187439/computational-tools-project/.venv/lib/python3.12/site-packages/wandb/sdk/lib/service/service_client.py", line 64, in _send_server_request
socket.send() raised exception.
    await self._writer.drain()
socket.send() raised exception.
  File "/appl9/python/3.12.11/lib/python3.12/asyncio/streams.py", line 380, in drain
socket.send() raised exception.
socket.send() raised exception.
    raise exc
  File "/zhome/ea/6/187439/computational-tools-project/.venv/lib/python3.12/site-packages/wandb/sdk/lib/asyncio_manager.py", line 181, in fn_wrap_exceptions
    socket.send() raised exception.
await fn()
socket.send() raised exception.
  File "/zhome/ea/6/187439/computational-tools-project/.venv/lib/python3.12/site-packages/wandb/sdk/lib/service/service_client.py", line 38, in publish
socket.send() raised exception.
socket.send() raised exception.
    await self._send_server_request(request)
  File "/zhome/ea/6/187439/computational-tools-project/.venv/lib/python3.12/site-packages/wandb/sdk/lib/service/service_client.py", line 64, in _send_server_request
socket.send() raised exception.
socket.send() raised exception.
    await self._writer.drain()
  File "/appl9/python/3.12.11/lib/python3.12/asyncio/streams.py", line 380, in drain
socket.send() raised exception.
socket.send() raised exception.
    raise exc
  File "/zhome/ea/6/187439/computational-tools-project/.venv/lib/python3.12/site-packages/wandb/sdk/lib/asyncio_manager.py", line 181, in fn_wrap_exceptions
socket.send() raised exception.
socket.send() raised exception.
    await fn()
  File "/zhome/ea/6/187439/computational-tools-project/.venv/lib/python3.12/site-packages/wandb/sdk/lib/service/service_client.py", line 38, in publish
socket.send() raised exception.
    await self._send_server_request(request)
socket.send() raised exception.
  File "/zhome/ea/6/187439/computational-tools-project/.venv/lib/python3.12/site-packages/wandb/sdk/lib/service/service_client.py", line 64, in _send_server_request
socket.send() raised exception.
socket.send() raised exception.
    await self._writer.drain()
  File "/appl9/python/3.12.11/lib/python3.12/asyncio/streams.py", line 380, in drain
socket.send() raised exception.
socket.send() raised exception.
    raise exc
  File "/zhome/ea/6/187439/computational-tools-project/.venv/lib/python3.12/site-packages/wandb/sdk/lib/asyncio_manager.py", line 181, in fn_wrap_exceptions
socket.send() raised exception.
socket.send() raised exception.
    await fn()
  File "/zhome/ea/6/187439/computational-tools-project/.venv/lib/python3.12/site-packages/wandb/sdk/lib/service/service_client.py", line 38, in publish
socket.send() raised exception.
socket.send() raised exception.
    await self._send_server_request(request)
  File "/zhome/ea/6/187439/computational-tools-project/.venv/lib/python3.12/site-packages/wandb/sdk/lib/service/service_client.py", line 64, in _send_server_request
socket.send() raised exception.
    await self._writer.drain()
socket.send() raised exception.
  File "/appl9/python/3.12.11/lib/python3.12/asyncio/streams.py", line 380, in drain
socket.send() raised exception.
socket.send() raised exception.
    raise exc
  File "/zhome/ea/6/187439/computational-tools-project/.venv/lib/python3.12/site-packages/wandb/sdk/lib/asyncio_manager.py", line 181, in fn_wrap_exceptions
socket.send() raised exception.
socket.send() raised exception.
    await fn()
  File "/zhome/ea/6/187439/computational-tools-project/.venv/lib/python3.12/site-packages/wandb/sdk/lib/service/service_client.py", line 38, in publish
socket.send() raised exception.
socket.send() raised exception.
    await self._send_server_request(request)
  File "/zhome/ea/6/187439/computational-tools-project/.venv/lib/python3.12/site-packages/wandb/sdk/lib/service/service_client.py", line 64, in _send_server_request
socket.send() raised exception.
socket.send() raised exception.
    await self._writer.drain()
  File "/appl9/python/3.12.11/lib/python3.12/asyncio/streams.py", line 380, in drain
socket.send() raised exception.
socket.send() raised exception.
    raise exc
  File "/zhome/ea/6/187439/computational-tools-project/.venv/lib/python3.12/site-packages/wandb/sdk/lib/asyncio_manager.py", line 181, in fn_wrap_exceptions
socket.send() raised exception.
socket.send() raised exception.
    await fn()
  File "/zhome/ea/6/187439/computational-tools-project/.venv/lib/python3.12/site-packages/wandb/sdk/lib/service/service_client.py", line 38, in publish
socket.send() raised exception.
socket.send() raised exception.
    await self._send_server_request(request)
  File "/zhome/ea/6/187439/computational-tools-project/.venv/lib/python3.12/site-packages/wandb/sdk/lib/service/service_client.py", line 64, in _send_server_request
socket.send() raised exception.
socket.send() raised exception.
    await self._writer.drain()
socket.send() raised exception.
socket.send() raised exception.
  File "/appl9/python/3.12.11/lib/python3.12/asyncio/streams.py", line 380, in drain
socket.send() raised exception.
socket.send() raised exception.
    raise exc
  File "/zhome/ea/6/187439/computational-tools-project/.venv/lib/python3.12/site-packages/wandb/sdk/lib/asyncio_manager.py", line 181, in fn_wrap_exceptions
socket.send() raised exception.
    await fn()
socket.send() raised exception.
  File "/zhome/ea/6/187439/computational-tools-project/.venv/lib/python3.12/site-packages/wandb/sdk/lib/service/service_client.py", line 38, in publish
socket.send() raised exception.
    await self._send_server_request(request)
socket.send() raised exception.
  File "/zhome/ea/6/187439/computational-tools-project/.venv/lib/python3.12/site-packages/wandb/sdk/lib/service/service_client.py", line 64, in _send_server_request
socket.send() raised exception.
socket.send() raised exception.
    await self._writer.drain()
  File "/appl9/python/3.12.11/lib/python3.12/asyncio/streams.py", line 380, in drain
socket.send() raised exception.
socket.send() raised exception.
    raise exc
  File "/zhome/ea/6/187439/computational-tools-project/.venv/lib/python3.12/site-packages/wandb/sdk/lib/asyncio_manager.py", line 181, in fn_wrap_exceptions
socket.send() raised exception.
socket.send() raised exception.
    await fn()
  File "/zhome/ea/6/187439/computational-tools-project/.venv/lib/python3.12/site-packages/wandb/sdk/lib/service/service_client.py", line 38, in publish
    socket.send() raised exception.
socket.send() raised exception.
await self._send_server_request(request)
  File "/zhome/ea/6/187439/computational-tools-project/.venv/lib/python3.12/site-packages/wandb/sdk/lib/service/service_client.py", line 64, in _send_server_request
socket.send() raised exception.
socket.send() raised exception.
    await self._writer.drain()
  File "/appl9/python/3.12.11/lib/python3.12/asyncio/streams.py", line 380, in drain
    raise exc
  File "/zhome/ea/6/187439/computational-tools-project/.venv/lib/python3.12/site-packages/wandb/sdk/lib/asyncio_manager.py", line 181, in fn_wrap_exceptions
    await fn()socket.send() raised exception.
socket.send() raised exception.

  File "/zhome/ea/6/187439/computational-tools-project/.venv/lib/python3.12/site-packages/wandb/sdk/lib/service/service_client.py", line 38, in publish
    socket.send() raised exception.
socket.send() raised exception.
await self._send_server_request(request)
  File "/zhome/ea/6/187439/computational-tools-project/.venv/lib/python3.12/site-packages/wandb/sdk/lib/service/service_client.py", line 64, in _send_server_request
socket.send() raised exception.
socket.send() raised exception.
    await self._writer.drain()
  File "/appl9/python/3.12.11/lib/python3.12/asyncio/streams.py", line 380, in drain
socket.send() raised exception.
socket.send() raised exception.
    raise exc
  File "/zhome/ea/6/187439/computational-tools-project/.venv/lib/python3.12/site-packages/wandb/sdk/lib/asyncio_manager.py", line 181, in fn_wrap_exceptions
socket.send() raised exception.
socket.send() raised exception.
    await fn()
  File "/zhome/ea/6/187439/computational-tools-project/.venv/lib/python3.12/site-packages/wandb/sdk/lib/service/service_client.py", line 38, in publish
socket.send() raised exception.
socket.send() raised exception.
    await self._send_server_request(request)
  File "/zhome/ea/6/187439/computational-tools-project/.venv/lib/python3.12/site-packages/wandb/sdk/lib/service/service_client.py", line 64, in _send_server_request
socket.send() raised exception.
socket.send() raised exception.
    await self._writer.drain()
  File "/appl9/python/3.12.11/lib/python3.12/asyncio/streams.py", line 380, in drain
    raise exc
  File "/zhome/ea/6/187439/computational-tools-project/.venv/lib/python3.12/site-packages/wandb/sdk/lib/asyncio_manager.py", line 181, in fn_wrap_exceptions
socket.send() raised exception.
socket.send() raised exception.
    await fn()
  File "/zhome/ea/6/187439/computational-tools-project/.venv/lib/python3.12/site-packages/wandb/sdk/lib/service/service_client.py", line 38, in publish
socket.send() raised exception.
socket.send() raised exception.
    await self._send_server_request(request)
socket.send() raised exception.
socket.send() raised exception.
  File "/zhome/ea/6/187439/computational-tools-project/.venv/lib/python3.12/site-packages/wandb/sdk/lib/service/service_client.py", line 64, in _send_server_request
socket.send() raised exception.
socket.send() raised exception.
    await self._writer.drain()
  File "/appl9/python/3.12.11/lib/python3.12/asyncio/streams.py", line 380, in drain
socket.send() raised exception.
socket.send() raised exception.
    raise exc
  File "/zhome/ea/6/187439/computational-tools-project/.venv/lib/python3.12/site-packages/wandb/sdk/lib/asyncio_manager.py", line 181, in fn_wrap_exceptions
socket.send() raised exception.
socket.send() raised exception.
    await fn()
  File "/zhome/ea/6/187439/computational-tools-project/.venv/lib/python3.12/site-packages/wandb/sdk/lib/service/service_client.py", line 38, in publish
socket.send() raised exception.
socket.send() raised exception.
    await self._send_server_request(request)
  File "/zhome/ea/6/187439/computational-tools-project/.venv/lib/python3.12/site-packages/wandb/sdk/lib/service/service_client.py", line 64, in _send_server_request
socket.send() raised exception.
socket.send() raised exception.
    await self._writer.drain()
  File "/appl9/python/3.12.11/lib/python3.12/asyncio/streams.py", line 380, in drain
socket.send() raised exception.
socket.send() raised exception.
    raise exc
  File "/zhome/ea/6/187439/computational-tools-project/.venv/lib/python3.12/site-packages/wandb/sdk/lib/asyncio_manager.py", line 181, in fn_wrap_exceptions
socket.send() raised exception.
socket.send() raised exception.
    await fn()
  File "/zhome/ea/6/187439/computational-tools-project/.venv/lib/python3.12/site-packages/wandb/sdk/lib/service/service_client.py", line 38, in publish
socket.send() raised exception.
socket.send() raised exception.
    await self._send_server_request(request)
  File "/zhome/ea/6/187439/computational-tools-project/.venv/lib/python3.12/site-packages/wandb/sdk/lib/service/service_client.py", line 64, in _send_server_request
    socket.send() raised exception.
socket.send() raised exception.
await self._writer.drain()
  File "/appl9/python/3.12.11/lib/python3.12/asyncio/streams.py", line 380, in drain
socket.send() raised exception.
socket.send() raised exception.
    raise exc
  File "/zhome/ea/6/187439/computational-tools-project/.venv/lib/python3.12/site-packages/wandb/sdk/lib/asyncio_manager.py", line 181, in fn_wrap_exceptions
socket.send() raised exception.
socket.send() raised exception.
    await fn()
  File "/zhome/ea/6/187439/computational-tools-project/.venv/lib/python3.12/site-packages/wandb/sdk/lib/service/service_client.py", line 38, in publish
    socket.send() raised exception.
socket.send() raised exception.
await self._send_server_request(request)
  File "/zhome/ea/6/187439/computational-tools-project/.venv/lib/python3.12/site-packages/wandb/sdk/lib/service/service_client.py", line 64, in _send_server_request
socket.send() raised exception.
    await self._writer.drain()
socket.send() raised exception.
  File "/appl9/python/3.12.11/lib/python3.12/asyncio/streams.py", line 380, in drain
socket.send() raised exception.
socket.send() raised exception.
    raise exc
  File "/zhome/ea/6/187439/computational-tools-project/.venv/lib/python3.12/site-packages/wandb/sdk/lib/asyncio_manager.py", line 181, in fn_wrap_exceptions
socket.send() raised exception.
socket.send() raised exception.
    await fn()
  File "/zhome/ea/6/187439/computational-tools-project/.venv/lib/python3.12/site-packages/wandb/sdk/lib/service/service_client.py", line 38, in publish
    await self._send_server_request(request)socket.send() raised exception.
socket.send() raised exception.

  File "/zhome/ea/6/187439/computational-tools-project/.venv/lib/python3.12/site-packages/wandb/sdk/lib/service/service_client.py", line 64, in _send_server_request
socket.send() raised exception.
socket.send() raised exception.
    await self._writer.drain()
  File "/appl9/python/3.12.11/lib/python3.12/asyncio/streams.py", line 380, in drain
socket.send() raised exception.
socket.send() raised exception.
    raise exc
  File "/zhome/ea/6/187439/computational-tools-project/.venv/lib/python3.12/site-packages/wandb/sdk/lib/asyncio_manager.py", line 181, in fn_wrap_exceptions
socket.send() raised exception.
socket.send() raised exception.
    await fn()
  File "/zhome/ea/6/187439/computational-tools-project/.venv/lib/python3.12/site-packages/wandb/sdk/lib/service/service_client.py", line 38, in publish
    socket.send() raised exception.
socket.send() raised exception.
await self._send_server_request(request)
  File "/zhome/ea/6/187439/computational-tools-project/.venv/lib/python3.12/site-packages/wandb/sdk/lib/service/service_client.py", line 64, in _send_server_request
    socket.send() raised exception.
socket.send() raised exception.
await self._writer.drain()
  File "/appl9/python/3.12.11/lib/python3.12/asyncio/streams.py", line 380, in drain
socket.send() raised exception.
socket.send() raised exception.
    raise exc
  File "/zhome/ea/6/187439/computational-tools-project/.venv/lib/python3.12/site-packages/wandb/sdk/lib/asyncio_manager.py", line 181, in fn_wrap_exceptions
socket.send() raised exception.
socket.send() raised exception.
    await fn()
  File "/zhome/ea/6/187439/computational-tools-project/.venv/lib/python3.12/site-packages/wandb/sdk/lib/service/service_client.py", line 38, in publish
socket.send() raised exception.
    await self._send_server_request(request)
socket.send() raised exception.
  File "/zhome/ea/6/187439/computational-tools-project/.venv/lib/python3.12/site-packages/wandb/sdk/lib/service/service_client.py", line 64, in _send_server_request
    socket.send() raised exception.
socket.send() raised exception.
await self._writer.drain()
  File "/appl9/python/3.12.11/lib/python3.12/asyncio/streams.py", line 380, in drain
socket.send() raised exception.
socket.send() raised exception.
    raise exc
  File "/zhome/ea/6/187439/computational-tools-project/.venv/lib/python3.12/site-packages/wandb/sdk/lib/asyncio_manager.py", line 181, in fn_wrap_exceptions
socket.send() raised exception.
    await fn()
socket.send() raised exception.
  File "/zhome/ea/6/187439/computational-tools-project/.venv/lib/python3.12/site-packages/wandb/sdk/lib/service/service_client.py", line 38, in publish
    socket.send() raised exception.
socket.send() raised exception.
await self._send_server_request(request)
  File "/zhome/ea/6/187439/computational-tools-project/.venv/lib/python3.12/site-packages/wandb/sdk/lib/service/service_client.py", line 64, in _send_server_request
    socket.send() raised exception.
socket.send() raised exception.
await self._writer.drain()
  File "/appl9/python/3.12.11/lib/python3.12/asyncio/streams.py", line 380, in drain
socket.send() raised exception.
    raise exc
socket.send() raised exception.
  File "/zhome/ea/6/187439/computational-tools-project/.venv/lib/python3.12/site-packages/wandb/sdk/lib/asyncio_manager.py", line 181, in fn_wrap_exceptions
    socket.send() raised exception.
socket.send() raised exception.
await fn()
  File "/zhome/ea/6/187439/computational-tools-project/.venv/lib/python3.12/site-packages/wandb/sdk/lib/service/service_client.py", line 38, in publish
    socket.send() raised exception.
socket.send() raised exception.
await self._send_server_request(request)
  File "/zhome/ea/6/187439/computational-tools-project/.venv/lib/python3.12/site-packages/wandb/sdk/lib/service/service_client.py", line 64, in _send_server_request
socket.send() raised exception.
    await self._writer.drain()
socket.send() raised exception.
  File "/appl9/python/3.12.11/lib/python3.12/asyncio/streams.py", line 380, in drain
    raise exc
  File "/zhome/ea/6/187439/computational-tools-project/.venv/lib/python3.12/site-packages/wandb/sdk/lib/asyncio_manager.py", line 181, in fn_wrap_exceptions
socket.send() raised exception.
    await fn()
socket.send() raised exception.
  File "/zhome/ea/6/187439/computational-tools-project/.venv/lib/python3.12/site-packages/wandb/sdk/lib/service/service_client.py", line 38, in publish
    socket.send() raised exception.
socket.send() raised exception.
await self._send_server_request(request)
  File "/zhome/ea/6/187439/computational-tools-project/.venv/lib/python3.12/site-packages/wandb/sdk/lib/service/service_client.py", line 64, in _send_server_request
    socket.send() raised exception.
socket.send() raised exception.
await self._writer.drain()
  File "/appl9/python/3.12.11/lib/python3.12/asyncio/streams.py", line 380, in drain
Terminated
