wandb: Currently logged in as: bertram-hage (bertram-hage-danmarks-tekniske-universitet-dtu) to https://api.wandb.ai. Use `wandb login --relogin` to force relogin
wandb: setting up run h57qxr6o
wandb: Tracking run with wandb version 0.23.0
wandb: Run data is saved locally in /zhome/ea/6/187439/computational-tools-project/wandb/run-20251126_213447-h57qxr6o
wandb: Run `wandb offline` to turn off syncing.
wandb: Syncing run tune_cure_coarse
wandb: ⭐️ View project at https://wandb.ai/bertram-hage-danmarks-tekniske-universitet-dtu/Computational-Tools
wandb: 🚀 View run at https://wandb.ai/bertram-hage-danmarks-tekniske-universitet-dtu/Computational-Tools/runs/h57qxr6o
Traceback (most recent call last):
  File "<frozen runpy>", line 198, in _run_module_as_main
  File "<frozen runpy>", line 88, in _run_code
  File "/zhome/ea/6/187439/computational-tools-project/src/clustering/hierarchical.py", line 716, in <module>
    labels = cure.predict(embeddings, n_clusters=n_clusters, assignment_threshold=threshold)
             ^^^^^^^^^^^^^^^^^^^^^^^^^^^^^^^^^^^^^^^^^^^^^^^^^^^^^^^^^^^^^^^^^^^^^^^^^^^^^^^
  File "/zhome/ea/6/187439/computational-tools-project/src/clustering/hierarchical.py", line 592, in predict
    dist = self._euclidean_distance(point, r)
           ^^^^^^^^^^^^^^^^^^^^^^^^^^^^^^^^^^
  File "/zhome/ea/6/187439/computational-tools-project/src/clustering/hierarchical.py", line 378, in _euclidean_distance
    return np.linalg.norm(a - b)
           ^^^^^^^^^^^^^^^^^^^^^
  File "/zhome/ea/6/187439/computational-tools-project/.venv/lib/python3.12/site-packages/numpy/linalg/_linalg.py", line 2792, in norm
    sqnorm = x.dot(x)
             ^^^^^^^^
KeyboardInterrupt
