2025-11-15 15:36:45,004 - INFO - Output directory for final results: /dtu/blackhole/10/178320/preprocessed_2024/final/
2025-11-15 15:36:45,309 - INFO - Starting reduce phase on 38026 MMSI folders
Memory usage before processing MMSI 219000873: 148.57 MB
Loading segments for MMSI 219000873 from /dtu/blackhole/10/178320/preprocessed_2024/final/temp_map_reduce/219000873
Found 366 segment files for MMSI 219000873
Full track shape for MMSI 219000873: (2673818, 9)
Memory usage after loading segments for MMSI 219000873: 517.74 MB
Processing full track for MMSI 219000873
Memory usage after filtering: 700.25 MB
Memory usage after voyage splitting: 700.25 MB
Memory usage after removing short voyages: 700.25 MB
Memory usage after removing outliers: 702.09 MB
Memory usage after sampling: 706.28 MB
Memory usage after re-splitting: 706.28 MB
Memory usage after removing low speed tracks: 706.28 MB
Memory usage after processing MMSI 219000873: 321.82 MB
Completed 1/38026 MMSIs.
Memory usage before processing MMSI 219016683: 321.82 MB
Loading segments for MMSI 219016683 from /dtu/blackhole/10/178320/preprocessed_2024/final/temp_map_reduce/219016683
Found 366 segment files for MMSI 219016683
Full track shape for MMSI 219016683: (5940993, 9)
Memory usage after loading segments for MMSI 219016683: 1139.20 MB
Processing full track for MMSI 219016683
Memory usage after filtering: 1547.13 MB
Memory usage after voyage splitting: 1547.13 MB
Memory usage after removing short voyages: 1547.13 MB
Memory usage after removing outliers: 1551.89 MB
Memory usage after sampling: 1551.89 MB
Memory usage after re-splitting: 1551.89 MB
Memory usage after removing low speed tracks: 1551.89 MB
Memory usage after processing MMSI 219016683: 716.12 MB
Completed 2/38026 MMSIs.
Memory usage before processing MMSI 219000615: 716.12 MB
Loading segments for MMSI 219000615 from /dtu/blackhole/10/178320/preprocessed_2024/final/temp_map_reduce/219000615
Found 353 segment files for MMSI 219000615
Full track shape for MMSI 219000615: (8083228, 9)
Memory usage after loading segments for MMSI 219000615: 1437.87 MB
Processing full track for MMSI 219000615
Memory usage after filtering: 1877.53 MB
Memory usage after voyage splitting: 1877.53 MB
Memory usage after removing short voyages: 1877.53 MB
