2025-11-26 21:34:49,159 - INFO - Loading embeddings...
2025-11-26 21:34:53,244 - INFO - Loaded 362986 samples with dimension 256 from /zhome/ea/6/187439/computational-tools-project/data/embeddings.npz

2025-11-26 21:34:53,244 - INFO - Fitting CURE hierarchical clustering...
2025-11-26 21:36:16,190 - INFO - Fitted CURE model.

2025-11-26 21:36:16,192 - INFO - Saving linkage matrix and sample data to /zhome/ea/6/187439/computational-tools-project/locals/test_cure_1...
2025-11-26 21:36:16,220 - INFO - Saving dendrogram plot...
2025-11-26 21:36:19,969 - INFO - Saving interactive dendrogram plot...
Saving interactive plot to /zhome/ea/6/187439/computational-tools-project/locals/test_cure_1/interactive_dendrogram.html...
2025-11-26 21:36:50,000 - WARNING -  - 2 clusters: Skipped (Not enough valid clusters found after noise removal)
2025-11-26 21:37:18,038 - WARNING -  - 2 clusters: Skipped (Not enough valid clusters found after noise removal)
2025-11-26 21:37:46,113 - WARNING -  - 2 clusters: Skipped (Not enough valid clusters found after noise removal)
2025-11-26 21:38:14,224 - WARNING -  - 2 clusters: Skipped (Not enough valid clusters found after noise removal)
2025-11-26 21:38:42,439 - WARNING -  - 2 clusters: Skipped (Not enough valid clusters found after noise removal)
2025-11-26 21:39:10,576 - WARNING -  - 2 clusters: Skipped (Not enough valid clusters found after noise removal)
2025-11-26 21:39:38,652 - WARNING -  - 2 clusters: Skipped (Not enough valid clusters found after noise removal)
2025-11-26 21:40:06,948 - WARNING -  - 2 clusters: Skipped (Not enough valid clusters found after noise removal)
2025-11-26 21:40:34,998 - WARNING -  - 2 clusters: Skipped (Not enough valid clusters found after noise removal)
2025-11-26 21:41:03,153 - WARNING -  - 2 clusters: Skipped (Not enough valid clusters found after noise removal)
2025-11-26 21:41:31,384 - WARNING -  - 5 clusters: Skipped (Not enough valid clusters found after noise removal)
2025-11-26 21:41:59,684 - WARNING -  - 5 clusters: Skipped (Not enough valid clusters found after noise removal)
2025-11-26 21:42:27,653 - WARNING -  - 5 clusters: Skipped (Not enough valid clusters found after noise removal)
2025-11-26 21:42:55,764 - WARNING -  - 5 clusters: Skipped (Not enough valid clusters found after noise removal)
2025-11-26 21:43:23,831 - WARNING -  - 5 clusters: Skipped (Not enough valid clusters found after noise removal)
2025-11-26 21:43:52,328 - WARNING -  - 5 clusters: Skipped (Not enough valid clusters found after noise removal)
2025-11-26 21:44:20,438 - WARNING -  - 5 clusters: Skipped (Not enough valid clusters found after noise removal)
2025-11-26 21:44:48,561 - WARNING -  - 5 clusters: Skipped (Not enough valid clusters found after noise removal)
2025-11-26 21:45:16,841 - WARNING -  - 5 clusters: Skipped (Not enough valid clusters found after noise removal)
2025-11-26 21:45:45,105 - WARNING -  - 5 clusters: Skipped (Not enough valid clusters found after noise removal)

------------------------------------------------------------
Sender: LSF System <lsfadmin@hpc.dtu.dk>
Subject: Job 27188183: <tune_cure_coarse_1> in cluster <dcc> Exited

Job <tune_cure_coarse_1> was submitted from host <hpclogin1> by user <s224918> in cluster <dcc> at Wed Nov 26 21:34:36 2025
Job was executed on host(s) <2*n-62-30-23>, in queue <hpc>, as user <s224918> in cluster <dcc> at Wed Nov 26 21:34:37 2025
</zhome/ea/6/187439> was used as the home directory.
</zhome/ea/6/187439/computational-tools-project> was used as the working directory.
Started at Wed Nov 26 21:34:37 2025
Terminated at Wed Nov 26 21:59:19 2025
Results reported at Wed Nov 26 21:59:19 2025

Your job looked like:

------------------------------------------------------------
# LSBATCH: User input
#!/bin/sh
#BSUB -J tune_cure_coarse_1
#BSUB -q hpc
#BSUB -n 2
#BSUB -R "rusage[mem=2GB]"
#BSUB -W 0:30
#BSUB -o hpc_jobs/logs/Output_%J.out
#BSUB -e hpc_jobs/logs/Output_%J.err

cd ~/computational-tools-project
. .venv/bin/activate

### [0.05, 0.15, 0.25] pruning_trigger
### [0.2, 0.4, 0.6] compression

python -m src.clustering.hierarchical \
    --data_path /zhome/ea/6/187439/computational-tools-project/data/embeddings.npz \
    --output_path /zhome/ea/6/187439/computational-tools-project/locals/test_cure_1 \
    --compression 0.2 --pruning_trigger 0.05 --assignment_threshold 0.15

python -m src.clustering.hierarchical \
    --data_path /zhome/ea/6/187439/computational-tools-project/data/embeddings.npz \
    --output_path /zhome/ea/6/187439/computational-tools-project/locals/test_cure_1 \
    --compression 0.2 --pruning_trigger 0.15 --assignment_threshold 0.15

python -m src.clustering.hierarchical \
    --data_path /zhome/ea/6/187439/computational-tools-project/data/embeddings.npz \
    --output_path /zhome/ea/6/187439/computational-tools-project/locals/test_cure_1 \
    --compression 0.2 --pruning_trigger 0.25 --assignment_threshold 0.15
------------------------------------------------------------

TERM_OWNER: job killed by owner.
Exited with exit code 130.

Resource usage summary:

    CPU time :                                   1483.42 sec.
    Max Memory :                                 1525 MB
    Average Memory :                             1148.09 MB
    Total Requested Memory :                     4096.00 MB
    Delta Memory :                               2571.00 MB
    Max Swap :                                   -
    Max Processes :                              6
    Max Threads :                                20
    Run time :                                   1514 sec.
    Turnaround time :                            1483 sec.

The output (if any) is above this job summary.



PS:

Read file <hpc_jobs/logs/Output_27188183.err> for stderr output of this job.

