WandB init failed, proceeding without WandB logging.
2025-11-15 19:09:23,911 - INFO - Config - input_dir: /dtu/blackhole/10/178320/preprocessed_2024/pickle/
2025-11-15 19:09:23,911 - INFO - Config - output_dir: /dtu/blackhole/10/178320/preprocessed_2024/final/
2025-11-15 19:09:23,911 - INFO - Config - temp_dir: /dtu/blackhole/10/178320/preprocessed_2024/final/temp_map_reduce
2025-11-15 19:09:23,911 - INFO - Config - num_workers: 128
2025-11-15 19:09:24,264 - INFO - Output directory for final results: /dtu/blackhole/10/178320/preprocessed_2024/final/
2025-11-15 19:09:24,638 - INFO - Starting reduce phase on 38026 MMSI folders
2025-11-15 19:34:47,320 - INFO - Metric - reduce_avg_time: 1.5221938059329987
2025-11-15 19:34:47,329 - INFO - Metric - errors: 0
2025-11-15 19:34:47,329 - INFO - Metric - pct_done: 2.6297796244674694
2025-11-15 19:41:51,151 - INFO - Metric - reduce_avg_time: 0.21191097819805146
2025-11-15 19:41:51,152 - INFO - Metric - errors: 0
2025-11-15 19:41:51,152 - INFO - Metric - pct_done: 5.259559248934939
2025-11-15 19:45:37,363 - INFO - Metric - reduce_avg_time: 0.07540367674827576
2025-11-15 19:45:37,364 - INFO - Metric - errors: 0
2025-11-15 19:45:37,365 - INFO - Metric - pct_done: 7.889338873402409
2025-11-15 19:48:11,680 - INFO - Metric - reduce_avg_time: 0.03857881152629852
2025-11-15 19:48:11,681 - INFO - Metric - errors: 0
2025-11-15 19:48:11,681 - INFO - Metric - pct_done: 10.519118497869878
2025-11-15 19:50:22,834 - INFO - Metric - reduce_avg_time: 0.02623051142692566
2025-11-15 19:50:22,835 - INFO - Metric - errors: 0
2025-11-15 19:50:22,835 - INFO - Metric - pct_done: 13.14889812233735
2025-11-15 19:51:54,132 - INFO - Metric - reduce_avg_time: 0.0152161865234375
2025-11-15 19:51:54,134 - INFO - Metric - errors: 0
2025-11-15 19:51:54,134 - INFO - Metric - pct_done: 15.778677746804817
2025-11-15 19:53:02,357 - INFO - Metric - reduce_avg_time: 0.009746231930596488
2025-11-15 19:53:02,359 - INFO - Metric - errors: 0
2025-11-15 19:53:02,359 - INFO - Metric - pct_done: 18.408457371272288
2025-11-15 19:54:03,568 - INFO - Metric - reduce_avg_time: 0.007651042938232422
2025-11-15 19:54:03,568 - INFO - Metric - errors: 0
2025-11-15 19:54:03,568 - INFO - Metric - pct_done: 21.038236995739755
2025-11-15 19:55:23,126 - INFO - Metric - reduce_avg_time: 0.008839717388153076
2025-11-15 19:55:23,127 - INFO - Metric - errors: 0
2025-11-15 19:55:23,127 - INFO - Metric - pct_done: 23.668016620207226
2025-11-15 19:56:25,296 - INFO - Metric - reduce_avg_time: 0.006216801786422729
2025-11-15 19:56:25,297 - INFO - Metric - errors: 0
2025-11-15 19:56:25,297 - INFO - Metric - pct_done: 26.2977962446747
2025-11-15 19:57:04,935 - INFO - Metric - reduce_avg_time: 0.0036034259796142577
2025-11-15 19:57:04,936 - INFO - Metric - errors: 0
2025-11-15 19:57:04,936 - INFO - Metric - pct_done: 28.927575869142164
2025-11-15 19:57:33,717 - INFO - Metric - reduce_avg_time: 0.0023984228372573853
2025-11-15 19:57:33,718 - INFO - Metric - errors: 0
2025-11-15 19:57:33,718 - INFO - Metric - pct_done: 31.557355493609634
2025-11-15 19:57:53,315 - INFO - Metric - reduce_avg_time: 0.0015074655826275165
2025-11-15 19:57:53,316 - INFO - Metric - errors: 0
2025-11-15 19:57:53,316 - INFO - Metric - pct_done: 34.18713511807711
2025-11-15 19:58:10,233 - INFO - Metric - reduce_avg_time: 0.0012083263908113753
2025-11-15 19:58:10,234 - INFO - Metric - errors: 0
2025-11-15 19:58:10,234 - INFO - Metric - pct_done: 36.816914742544576
2025-11-15 19:58:31,933 - INFO - Metric - reduce_avg_time: 0.0014466185569763184
2025-11-15 19:58:31,934 - INFO - Metric - errors: 0
2025-11-15 19:58:31,934 - INFO - Metric - pct_done: 39.44669436701204
2025-11-15 19:58:55,355 - INFO - Metric - reduce_avg_time: 0.0014638098180294037
2025-11-15 19:58:55,357 - INFO - Metric - errors: 0
2025-11-15 19:58:55,357 - INFO - Metric - pct_done: 42.07647399147951
2025-11-15 19:59:12,689 - INFO - Metric - reduce_avg_time: 0.001019510731977575
2025-11-15 19:59:12,690 - INFO - Metric - errors: 0
2025-11-15 19:59:12,690 - INFO - Metric - pct_done: 44.706253615946984
2025-11-15 19:59:27,339 - INFO - Metric - reduce_avg_time: 0.0008138721121682061
2025-11-15 19:59:27,340 - INFO - Metric - errors: 0
2025-11-15 19:59:27,340 - INFO - Metric - pct_done: 47.33603324041445
2025-11-15 19:59:45,967 - INFO - Metric - reduce_avg_time: 0.0009803541334051835
2025-11-15 19:59:45,968 - INFO - Metric - errors: 0
2025-11-15 19:59:45,968 - INFO - Metric - pct_done: 49.965812864881926
2025-11-15 20:00:04,678 - INFO - Metric - reduce_avg_time: 0.0009354629158973694
2025-11-15 20:00:04,679 - INFO - Metric - errors: 0
2025-11-15 20:00:04,679 - INFO - Metric - pct_done: 52.5955924893494
2025-11-15 20:00:23,480 - INFO - Metric - reduce_avg_time: 0.0008953009673527309
2025-11-15 20:00:23,481 - INFO - Metric - errors: 0
2025-11-15 20:00:23,481 - INFO - Metric - pct_done: 55.22537211381686
2025-11-15 20:00:40,993 - INFO - Metric - reduce_avg_time: 0.00079600144516338
2025-11-15 20:00:40,994 - INFO - Metric - errors: 0
2025-11-15 20:00:40,995 - INFO - Metric - pct_done: 57.85515173828433
2025-11-15 20:01:00,776 - INFO - Metric - reduce_avg_time: 0.0008600658230159593
2025-11-15 20:01:00,777 - INFO - Metric - errors: 0
2025-11-15 20:01:00,777 - INFO - Metric - pct_done: 60.4849313627518
2025-11-15 20:01:18,940 - INFO - Metric - reduce_avg_time: 0.0007567841907342275
2025-11-15 20:01:18,941 - INFO - Metric - errors: 0
2025-11-15 20:01:18,941 - INFO - Metric - pct_done: 63.11471098721927
2025-11-15 20:01:32,473 - INFO - Metric - reduce_avg_time: 0.0005412811470031739
2025-11-15 20:01:32,473 - INFO - Metric - errors: 0
2025-11-15 20:01:32,473 - INFO - Metric - pct_done: 65.74449061168674
2025-11-15 20:01:45,394 - INFO - Metric - reduce_avg_time: 0.000496950938151433
2025-11-15 20:01:45,395 - INFO - Metric - errors: 0
2025-11-15 20:01:45,395 - INFO - Metric - pct_done: 68.37427023615422
2025-11-15 20:02:02,922 - INFO - Metric - reduce_avg_time: 0.0006491515459837736
2025-11-15 20:02:02,923 - INFO - Metric - errors: 0
2025-11-15 20:02:02,923 - INFO - Metric - pct_done: 71.00404986062168
2025-11-15 20:02:16,449 - INFO - Metric - reduce_avg_time: 0.0004830713953290667
2025-11-15 20:02:16,450 - INFO - Metric - errors: 0
2025-11-15 20:02:16,450 - INFO - Metric - pct_done: 73.63382948508915
2025-11-15 20:02:25,827 - INFO - Metric - reduce_avg_time: 0.00032333371557038406
2025-11-15 20:02:25,828 - INFO - Metric - errors: 0
2025-11-15 20:02:25,828 - INFO - Metric - pct_done: 76.26360910955661
2025-11-15 20:02:37,179 - INFO - Metric - reduce_avg_time: 0.0003783681551615397
2025-11-15 20:02:37,181 - INFO - Metric - errors: 0
2025-11-15 20:02:37,181 - INFO - Metric - pct_done: 78.89338873402409
2025-11-15 20:02:47,612 - INFO - Metric - reduce_avg_time: 0.0003364936613267468
2025-11-15 20:02:47,613 - INFO - Metric - errors: 0
2025-11-15 20:02:47,613 - INFO - Metric - pct_done: 81.52316835849156
2025-11-15 20:02:59,847 - INFO - Metric - reduce_avg_time: 0.00038230786472558977
2025-11-15 20:02:59,848 - INFO - Metric - errors: 0
2025-11-15 20:02:59,848 - INFO - Metric - pct_done: 84.15294798295902
2025-11-15 20:03:13,342 - INFO - Metric - reduce_avg_time: 0.0004088904568643281
2025-11-15 20:03:13,343 - INFO - Metric - errors: 0
2025-11-15 20:03:13,343 - INFO - Metric - pct_done: 86.78272760742651
2025-11-15 20:03:30,589 - INFO - Metric - reduce_avg_time: 0.0005072299943250768
2025-11-15 20:03:30,591 - INFO - Metric - errors: 0
2025-11-15 20:03:30,591 - INFO - Metric - pct_done: 89.41250723189397
2025-11-15 20:03:44,747 - INFO - Metric - reduce_avg_time: 0.00040444976261683874
2025-11-15 20:03:44,748 - INFO - Metric - errors: 0
2025-11-15 20:03:44,748 - INFO - Metric - pct_done: 92.04228685636143
2025-11-15 20:04:02,749 - INFO - Metric - reduce_avg_time: 0.000500004510084788
2025-11-15 20:04:02,749 - INFO - Metric - errors: 0
2025-11-15 20:04:02,749 - INFO - Metric - pct_done: 94.6720664808289
2025-11-15 20:04:24,561 - INFO - Metric - reduce_avg_time: 0.0005895043837057577
2025-11-15 20:04:24,563 - INFO - Metric - errors: 0
2025-11-15 20:04:24,564 - INFO - Metric - pct_done: 97.30184610529638
2025-11-15 20:25:45,555 - INFO - Metric - reduce_avg_time: 0.03371029851311132
2025-11-15 20:25:45,556 - INFO - Metric - errors: 0
2025-11-15 20:25:45,556 - INFO - Metric - pct_done: 99.93162572976385
2025-11-15 20:28:31,441 - INFO - Summary - num_segments: 1314799
2025-11-15 20:28:31,442 - INFO - Summary - num_messages: 5383009610
2025-11-15 20:28:31,442 - INFO - Summary - num_discarded_filtered: 0
2025-11-15 20:28:31,442 - INFO - Summary - num_initial_voyages: 1342406
2025-11-15 20:28:31,442 - INFO - Summary - num_voyages_after_duration_filter: 726935
2025-11-15 20:28:31,442 - INFO - Summary - num_voyages_after_outlier_removal: 726935
2025-11-15 20:28:31,442 - INFO - Summary - num_outlier_removal_errors: 0
2025-11-15 20:28:31,442 - INFO - Summary - num_voyages_after_sampling: 726733
2025-11-15 20:28:31,442 - INFO - Summary - num_sampling_errors: 202
2025-11-15 20:28:31,442 - INFO - Summary - num_final_voyages: 453712
2025-11-15 20:28:31,442 - INFO - Summary - error_code_0: 0
2025-11-15 20:28:31,442 - INFO - Summary - error_code_1: 0
2025-11-15 20:28:31,442 - INFO - Summary - error_code_2: 0
2025-11-15 20:28:31,452 - INFO - Combining vessel type information from all chunks...
2025-11-15 20:28:32,880 - INFO - Combined vessel type map saved to /dtu/blackhole/10/178320/preprocessed_2024/final/vessel_types.pkl