wandb: Currently logged in as: bertram-hage (bertram-hage-danmarks-tekniske-universitet-dtu) to https://api.wandb.ai. Use `wandb login --relogin` to force relogin
wandb: setting up run qc6wdi7f
wandb: Tracking run with wandb version 0.23.0
wandb: Run data is saved locally in /zhome/ea/6/187439/computational-tools-project/wandb/run-20251126_165305-qc6wdi7f
wandb: Run `wandb offline` to turn off syncing.
wandb: Syncing run run_cure
wandb: ⭐️ View project at https://wandb.ai/bertram-hage-danmarks-tekniske-universitet-dtu/Computational-Tools
wandb: 🚀 View run at https://wandb.ai/bertram-hage-danmarks-tekniske-universitet-dtu/Computational-Tools/runs/qc6wdi7f
Traceback (most recent call last):
  File "<frozen runpy>", line 198, in _run_module_as_main
  File "<frozen runpy>", line 88, in _run_code
  File "/zhome/ea/6/187439/computational-tools-project/src/clustering/hierarchical.py", line 472, in <module>
    cure.fit(embeddings)
  File "/zhome/ea/6/187439/computational-tools-project/src/clustering/hierarchical.py", line 267, in fit
    self.agg_.fit(self.X_sample_)
  File "/zhome/ea/6/187439/computational-tools-project/src/clustering/hierarchical.py", line 97, in fit
    dist = self._compute_distance(current_clusters[id1], current_clusters[id2], X)
           ^^^^^^^^^^^^^^^^^^^^^^^^^^^^^^^^^^^^^^^^^^^^^^^^^^^^^^^^^^^^^^^^^^^^^^^
  File "/zhome/ea/6/187439/computational-tools-project/src/clustering/hierarchical.py", line 43, in _compute_distance
    dist = self._euclidean_distance(p1, p2)
           ^^^^^^^^^^^^^^^^^^^^^^^^^^^^^^^^
  File "/zhome/ea/6/187439/computational-tools-project/src/clustering/hierarchical.py", line 27, in _euclidean_distance
    def _euclidean_distance(self, a, b):
    
KeyboardInterrupt
