2025-11-26 23:00:21,597 - INFO - Loading embeddings...
2025-11-26 23:00:26,879 - INFO - Loaded 362986 samples with dimension 256 from /zhome/ea/6/187439/computational-tools-project/data/embeddings.npz

2025-11-26 23:00:26,880 - INFO - Fitting CURE hierarchical clustering...

------------------------------------------------------------
Sender: LSF System <lsfadmin@hpc.dtu.dk>
Subject: Job 27188813: <tune_cure_fine> in cluster <dcc> Exited

Job <tune_cure_fine> was submitted from host <hpclogin1> by user <s224918> in cluster <dcc> at Wed Nov 26 22:59:47 2025
Job was executed on host(s) <4*n-62-21-15>, in queue <hpc>, as user <s224918> in cluster <dcc> at Wed Nov 26 22:59:49 2025
</zhome/ea/6/187439> was used as the home directory.
</zhome/ea/6/187439/computational-tools-project> was used as the working directory.
Started at Wed Nov 26 22:59:49 2025
Terminated at Wed Nov 26 23:01:25 2025
Results reported at Wed Nov 26 23:01:25 2025

Your job looked like:

------------------------------------------------------------
# LSBATCH: User input
#!/bin/sh
#BSUB -J tune_cure_fine
#BSUB -q hpc
#BSUB -n 4
#BSUB -R "rusage[mem=4GB]"
#BSUB -W 16:00
#BSUB -B
#BSUB -o hpc_jobs/logs/Output_%J.out
#BSUB -e hpc_jobs/logs/Output_%J.err

cd ~/computational-tools-project
. .venv/bin/activate

python -m src.clustering.hierarchical \
    --data_path /zhome/ea/6/187439/computational-tools-project/data/embeddings.npz \
    --output_path /zhome/ea/6/187439/computational-tools-project/locals/test_cure \
    --compression 0.4 --pruning_trigger 0.05 --assignment_threshold 0.20

python -m src.clustering.hierarchical \
    --data_path /zhome/ea/6/187439/computational-tools-project/data/embeddings.npz \
    --output_path /zhome/ea/6/187439/computational-tools-project/locals/test_cure \
    --compression 0.4 --pruning_trigger 0.05 --assignment_threshold 0.22

python -m src.clustering.hierarchical \
    --data_path /zhome/ea/6/187439/computational-tools-project/data/embeddings.npz \
    --output_path /zhome/ea/6/187439/computational-tools-project/locals/test_cure \
    --compression 0.4 --pruning_trigger 0.05 --assignment_threshold 0.24

python -m src.clustering.hierarchical \
    --data_path /zhome/ea/6/187439/computational-tools-project/data/embeddings.npz \
    --output_path /zhome/ea/6/187439/computational-tools-project/locals/test_cure \
    --compression 0.4 --pruning_trigger 0.05 --assignment_threshold 0.26

python -m src.clustering.hierarchical \
    --data_path /zhome/ea/6/187439/computational-tools-project/data/embeddings.npz \
    --output_path /zhome/ea/6/187439/computational-tools-project/locals/test_cure \
    --compression 0.4 --pruning_trigger 0.05 --assignment_threshold 0.28

python -m src.clustering.hierarchical \
    --data_path /zhome/ea/6/187439/computational-tools-project/data/embeddings.npz \
    --output_path /zhome/ea/6/187439/computational-tools-project/locals/test_cure \
    --compression 0.4 --pruning_trigger 0.05 --assignment_threshold 0.30

# Try no phase 1 pruning
python -m src.clustering.hierarchical \
    --data_path /zhome/ea/6/187439/computational-tools-project/data/embeddings.npz \
    --output_path /zhome/ea/6/187439/computational-tools-project/locals/test_cure \
    --compression 0.4 --pruning_trigger 0.00 --assignment_threshold 0.26

# No phase 2 pruning

(... more ...)
------------------------------------------------------------

TERM_OWNER: job killed by owner.
Exited with exit code 130.

Resource usage summary:

    CPU time :                                   68.10 sec.
    Max Memory :                                 1122 MB
    Average Memory :                             784.67 MB
    Total Requested Memory :                     16384.00 MB
    Delta Memory :                               15262.00 MB
    Max Swap :                                   -
    Max Processes :                              6
    Max Threads :                                24
    Run time :                                   138 sec.
    Turnaround time :                            98 sec.

The output (if any) is above this job summary.



PS:

Read file <hpc_jobs/logs/Output_27188813.err> for stderr output of this job.

