2025-11-26 15:19:38,749 - INFO - Extracted embeddings shape: (10000, 256)
2025-11-26 15:19:38,750 - INFO - 
--- Starting Grid Search (Small Sample) ---
2025-11-26 15:19:38,751 - INFO - Sample   | Reps  | Comp.  | DB Index (Lower is better) | Time (s)  
2025-11-26 15:19:38,752 - INFO - -----------------------------------------------------------------
2025-11-26 15:19:41,585 - INFO - 75       | 5     | 0.2    | 1.6450 (min of [2, 5, 10]: 1.8240, 1.7616, 1.6450) | 2.83      
2025-11-26 15:19:45,246 - INFO - 75       | 5     | 0.5    | 1.4460 (min of [2, 5, 10]: 1.4710, 1.6120, 1.4460) | 3.66      
2025-11-26 15:19:50,395 - INFO - 75       | 10    | 0.2    | 1.6811 (min of [2, 5, 10]: 1.7564, 1.6900, 1.6811) | 5.15      
2025-11-26 15:19:53,724 - INFO - 75       | 10    | 0.5    | 1.2876 (min of [2, 5, 10]: 1.2876, 1.3161, 1.4625) | 3.33      
2025-11-26 15:19:59,523 - INFO - 75       | 20    | 0.2    | 0.9726 (min of [2, 5, 10]: 0.9726, 1.3309, 1.5032) | 5.80      
2025-11-26 15:20:05,775 - INFO - 75       | 20    | 0.5    | 1.4174 (min of [2, 5, 10]: 1.4174, 1.4397, 1.5896) | 6.25      
2025-11-26 15:20:20,951 - INFO - 150      | 5     | 0.2    | 1.2952 (min of [2, 5, 10]: 1.2952, 1.4812, 1.6421) | 15.17     
2025-11-26 15:20:38,144 - INFO - 150      | 5     | 0.5    | 1.4309 (min of [2, 5, 10]: 1.8162, 1.4309, 1.5757) | 17.19     
2025-11-26 15:20:56,791 - INFO - 150      | 10    | 0.2    | 1.5108 (min of [2, 5, 10]: 1.5108, 1.7230, 1.8203) | 18.64     
2025-11-26 15:21:10,733 - INFO - 150      | 10    | 0.5    | 1.1468 (min of [2, 5, 10]: 1.1468, 1.5065, 1.7962) | 13.94     
2025-11-26 15:21:25,788 - INFO - 150      | 20    | 0.2    | 1.0257 (min of [2, 5, 10]: 1.0257, 1.2771, 1.4061) | 15.05     
2025-11-26 15:21:40,272 - INFO - 150      | 20    | 0.5    | 1.2541 (min of [2, 5, 10]: 1.3286, 1.2541, 1.4319) | 14.48     
2025-11-26 15:23:43,990 - INFO - 300      | 5     | 0.2    | 1.7596 (min of [2, 5, 10]: 1.8029, 1.8093, 1.7596) | 123.72    
2025-11-26 15:25:30,485 - INFO - 300      | 5     | 0.5    | 1.4612 (min of [2, 5, 10]: 1.5183, 1.4612, 1.5281) | 106.49    
2025-11-26 15:27:17,493 - INFO - 300      | 10    | 0.2    | 1.0763 (min of [2, 5, 10]: 1.0763, 1.6428, 1.5879) | 107.01    
2025-11-26 15:28:53,420 - INFO - 300      | 10    | 0.5    | 1.2988 (min of [2, 5, 10]: 1.2988, 1.4456, 1.4058) | 95.92     
2025-11-26 15:30:36,992 - INFO - 300      | 20    | 0.2    | 0.7734 (min of [2, 5, 10]: 0.7734, 1.0967, 1.2771) | 103.57    
2025-11-26 15:32:13,192 - INFO - 300      | 20    | 0.5    | 1.4004 (min of [2, 5, 10]: 1.4004, 1.5176, 1.4738) | 96.20     
2025-11-26 16:32:50,486 - INFO - 1000     | 5     | 0.2    | 1.5650 (min of [2, 5, 10]: 2.0987, 1.5650, 1.8644) | 3637.29   
