wandb: Currently logged in as: bertram-hage (bertram-hage-danmarks-tekniske-universitet-dtu) to https://api.wandb.ai. Use `wandb login --relogin` to force relogin
wandb: setting up run rp08x4cs
wandb: Tracking run with wandb version 0.23.0
wandb: Run data is saved locally in /zhome/ea/6/187439/computational-tools-project/wandb/run-20251115_153643-rp08x4cs
wandb: Run `wandb offline` to turn off syncing.
wandb: Syncing run pipeline_2024_map_reduce
wandb: ⭐️ View project at https://wandb.ai/bertram-hage-danmarks-tekniske-universitet-dtu/Computational-Tools
wandb: 🚀 View run at https://wandb.ai/bertram-hage-danmarks-tekniske-universitet-dtu/Computational-Tools/runs/rp08x4cs
Traceback (most recent call last):
  File "<frozen runpy>", line 198, in _run_module_as_main
  File "<frozen runpy>", line 88, in _run_code
  File "/zhome/ea/6/187439/computational-tools-project/src/preprocessing/map_reduce_no_parallel.py", line 188, in <module>
    reduce(final_dir=args.output_dir, temp_dir=temp_dir, logger=logger)
  File "/zhome/ea/6/187439/computational-tools-project/src/preprocessing/map_reduce_no_parallel.py", line 124, in reduce
    result = process_single_mmsi(task)
             ^^^^^^^^^^^^^^^^^^^^^^^^^
  File "/zhome/ea/6/187439/computational-tools-project/src/preprocessing/map_reduce_no_parallel.py", line 75, in process_single_mmsi
    processed_data, preprocessing_results = preprocess_mmsi_track(full_track)
                                            ^^^^^^^^^^^^^^^^^^^^^^^^^^^^^^^^^
  File "/zhome/ea/6/187439/computational-tools-project/src/preprocessing/preprocessing.py", line 85, in preprocess_mmsi_track
    o_report, o_calcul = utils.detectOutlier(track, speed_max = SPEED_MAX)
                         ^^^^^^^^^^^^^^^^^^^^^^^^^^^^^^^^^^^^^^^^^^^^^^^^^
  File "/zhome/ea/6/187439/computational-tools-project/src/preprocessing/utils.py", line 142, in detectOutlier
    o_calcul = trackOutlier(A)
               ^^^^^^^^^^^^^^^
  File "/zhome/ea/6/187439/computational-tools-project/src/preprocessing/utils.py", line 86, in trackOutlier
    assert (A.transpose() == A).all(), "A must be a symatric matrix"
           ^^^^^^^^^^^^^^^^^^^^^^^^^^
  File "/zhome/ea/6/187439/computational-tools-project/.venv/lib/python3.11/site-packages/numpy/_core/_methods.py", line 66, in _all
    def _all(a, axis=None, dtype=None, out=None, keepdims=False, *, where=True):
    
KeyboardInterrupt
socket.send() raised exception.
socket.send() raised exception.
socket.send() raised exception.
socket.send() raised exception.
socket.send() raised exception.
socket.send() raised exception.
socket.send() raised exception.
socket.send() raised exception.
socket.send() raised exception.
socket.send() raised exception.
socket.send() raised exception.
socket.send() raised exception.
socket.send() raised exception.
socket.send() raised exception.
socket.send() raised exception.
socket.send() raised exception.
socket.send() raised exception.
socket.send() raised exception.
socket.send() raised exception.
socket.send() raised exception.
socket.send() raised exception.
socket.send() raised exception.
socket.send() raised exception.
socket.send() raised exception.
socket.send() raised exception.
socket.send() raised exception.
socket.send() raised exception.
socket.send() raised exception.
socket.send() raised exception.
socket.send() raised exception.
socket.send() raised exception.
socket.send() raised exception.
socket.send() raised exception.
socket.send() raised exception.
socket.send() raised exception.
socket.send() raised exception.
socket.send() raised exception.
socket.send() raised exception.
socket.send() raised exception.
socket.send() raised exception.
socket.send() raised exception.
socket.send() raised exception.
socket.send() raised exception.
socket.send() raised exception.
socket.send() raised exception.
socket.send() raised exception.
socket.send() raised exception.
socket.send() raised exception.
socket.send() raised exception.
socket.send() raised exception.
socket.send() raised exception.
socket.send() raised exception.
socket.send() raised exception.
socket.send() raised exception.
socket.send() raised exception.
socket.send() raised exception.
socket.send() raised exception.
socket.send() raised exception.
socket.send() raised exception.
socket.send() raised exception.
socket.send() raised exception.
socket.send() raised exception.
socket.send() raised exception.
socket.send() raised exception.
socket.send() raised exception.
socket.send() raised exception.
socket.send() raised exception.
socket.send() raised exception.
socket.send() raised exception.
socket.send() raised exception.
socket.send() raised exception.
socket.send() raised exception.
socket.send() raised exception.
socket.send() raised exception.
socket.send() raised exception.
socket.send() raised exception.
socket.send() raised exception.
socket.send() raised exception.
socket.send() raised exception.
socket.send() raised exception.
socket.send() raised exception.
socket.send() raised exception.
socket.send() raised exception.
socket.send() raised exception.
socket.send() raised exception.
socket.send() raised exception.
socket.send() raised exception.
socket.send() raised exception.
socket.send() raised exception.
socket.send() raised exception.
socket.send() raised exception.
socket.send() raised exception.
socket.send() raised exception.
socket.send() raised exception.
socket.send() raised exception.
socket.send() raised exception.
socket.send() raised exception.
socket.send() raised exception.
socket.send() raised exception.
socket.send() raised exception.
socket.send() raised exception.
socket.send() raised exception.
socket.send() raised exception.
socket.send() raised exception.
socket.send() raised exception.
socket.send() raised exception.
socket.send() raised exception.
socket.send() raised exception.
socket.send() raised exception.
socket.send() raised exception.
socket.send() raised exception.
socket.send() raised exception.
socket.send() raised exception.
socket.send() raised exception.
socket.send() raised exception.
socket.send() raised exception.
socket.send() raised exception.
socket.send() raised exception.
socket.send() raised exception.
socket.send() raised exception.
socket.send() raised exception.
socket.send() raised exception.
socket.send() raised exception.
Exception ignored in atexit callbacksocket.send() raised exception.
socket.send() raised exception.
: socket.send() raised exception.
socket.send() raised exception.
<function _start_and_connect_service.<locals>.teardown_atexit at 0x7f4858ac25c0>
socket.send() raised exception.
socket.send() raised exception.
Traceback (most recent call last):
  File "/zhome/ea/6/187439/computational-tools-project/.venv/lib/python3.11/site-packages/wandb/sdk/lib/service/service_connection.py", line 61, in teardown_atexit
socket.send() raised exception.
socket.send() raised exception.
socket.send() raised exception.
socket.send() raised exception.
socket.send() raised exception.
socket.send() raised exception.
socket.send() raised exception.
socket.send() raised exception.
socket.send() raised exception.
socket.send() raised exception.
    conn.teardown(hooks.exit_code)socket.send() raised exception.
socket.send() raised exception.

  File "/zhome/ea/6/187439/computational-tools-project/.venv/lib/python3.11/site-packages/wandb/sdk/lib/service/service_connection.py", line 236, in teardown
socket.send() raised exception.
socket.send() raised exception.
socket.send() raised exception.
socket.send() raised exception.
    self._asyncer.run(publish_teardown_and_close)
socket.send() raised exception.
  File "/zhome/ea/6/187439/computational-tools-project/.venv/lib/python3.11/site-packages/wandb/sdk/lib/asyncio_manager.py", line 136, in run
socket.send() raised exception.
socket.send() raised exception.
socket.send() raised exception.
    socket.send() raised exception.
socket.send() raised exception.
return future.result()
 socket.send() raised exception.
socket.send() raised exception.
   socket.send() raised exception.
socket.send() raised exception.
socket.send() raised exception.
socket.send() raised exception.
socket.send() raised exception.
socket.send() raised exception.
 socket.send() raised exception.
socket.send() raised exception.
   socket.send() raised exception.
socket.send() raised exception.
  socket.send() raised exception.
socket.send() raised exception.
 ^^socket.send() raised exception.
socket.send() raised exception.
^^^^socket.send() raised exception.
socket.send() raised exception.
socket.send() raised exception.
socket.send() raised exception.
socket.send() raised exception.
socket.send() raised exception.
^^^^^socket.send() raised exception.
socket.send() raised exception.
socket.send() raised exception.
socket.send() raised exception.
^^^socket.send() raised exception.
socket.send() raised exception.
^socket.send() raised exception.
socket.send() raised exception.
socket.send() raised exception.
socket.send() raised exception.
socket.send() raised exception.
socket.send() raised exception.
socket.send() raised exception.
socket.send() raised exception.

  File "/appl9/python/3.11.9/lib/python3.11/concurrent/futures/_base.py", line 456, in result
socket.send() raised exception.
socket.send() raised exception.
socket.send() raised exception.
socket.send() raised exception.
socket.send() raised exception.
socket.send() raised exception.
    socket.send() raised exception.
socket.send() raised exception.
return self.__get_result()
socket.send() raised exception.
socket.send() raised exception.
     socket.send() raised exception.
socket.send() raised exception.
socket.send() raised exception.
socket.send() raised exception.
socket.send() raised exception.
socket.send() raised exception.
 socket.send() raised exception.
socket.send() raised exception.
socket.send() raised exception.
socket.send() raised exception.
socket.send() raised exception.
socket.send() raised exception.
   socket.send() raised exception.
socket.send() raised exception.
socket.send() raised exception.
socket.send() raised exception.
  ^^socket.send() raised exception.
socket.send() raised exception.
^^^^^socket.send() raised exception.
socket.send() raised exception.
^^socket.send() raised exception.
socket.send() raised exception.
^^socket.send() raised exception.
socket.send() raised exception.
^^socket.send() raised exception.
socket.send() raised exception.
^^socket.send() raised exception.
socket.send() raised exception.
^^^^
socket.send() raised exception.
socket.send() raised exception.
  File "/appl9/python/3.11.9/lib/python3.11/concurrent/futures/_base.py", line 401, in __get_result
socket.send() raised exception.
socket.send() raised exception.
socket.send() raised exception.
socket.send() raised exception.
    socket.send() raised exception.
socket.send() raised exception.
raise self._exception
  File "/zhome/ea/6/187439/computational-tools-project/.venv/lib/python3.11/site-packages/wandb/sdk/lib/asyncio_manager.py", line 219, in _wrap
socket.send() raised exception.
socket.send() raised exception.
socket.send() raised exception.
socket.send() raised exception.
    return await fn()
 socket.send() raised exception.
socket.send() raised exception.
  socket.send() raised exception.
socket.send() raised exception.
  socket.send() raised exception.
socket.send() raised exception.
  socket.send() raised exception.
socket.send() raised exception.
  socket.send() raised exception.
socket.send() raised exception.
  socket.send() raised exception.
socket.send() raised exception.
^^socket.send() raised exception.
socket.send() raised exception.
^^socket.send() raised exception.
socket.send() raised exception.
^^socket.send() raised exception.
socket.send() raised exception.
^^socket.send() raised exception.
socket.send() raised exception.
^^
  File "/zhome/ea/6/187439/computational-tools-project/.venv/lib/python3.11/site-packages/wandb/sdk/lib/service/service_connection.py", line 227, in publish_teardown_and_close
socket.send() raised exception.
socket.send() raised exception.
socket.send() raised exception.
socket.send() raised exception.
    await self._client.publish(
  File "/zhome/ea/6/187439/computational-tools-project/.venv/lib/python3.11/site-packages/wandb/sdk/lib/service/service_client.py", line 38, in publish
socket.send() raised exception.
socket.send() raised exception.
socket.send() raised exception.
    await self._send_server_request(request)
socket.send() raised exception.
  File "/zhome/ea/6/187439/computational-tools-project/.venv/lib/python3.11/site-packages/wandb/sdk/lib/service/service_client.py", line 64, in _send_server_request
socket.send() raised exception.
    await self._writer.drain()
socket.send() raised exception.
  File "/appl9/python/3.11.9/lib/python3.11/asyncio/streams.py", line 392, in drain
socket.send() raised exception.
socket.send() raised exception.
    await self._protocol._drain_helper()
  File "/appl9/python/3.11.9/lib/python3.11/asyncio/streams.py", line 166, in _drain_helper
socket.send() raised exception.
socket.send() raised exception.
socket.send() raised exception.
socket.send() raised exception.
    raise ConnectionResetError('Connection lost')socket.send() raised exception.
socket.send() raised exception.

socket.send() raised exception.
socket.send() raised exception.
ConnectionResetError: socket.send() raised exception.
socket.send() raised exception.
Connection lost
socket.send() raised exception.
socket.send() raised exception.
socket.send() raised exception.
socket.send() raised exception.
socket.send() raised exception.
socket.send() raised exception.
socket.send() raised exception.
socket.send() raised exception.
socket.send() raised exception.
socket.send() raised exception.
