2025-11-27 10:57:02,804 - INFO - Loading embeddings...
2025-11-27 10:57:02,850 - INFO - Loaded 4026 samples with dimension 256 from /zhome/ea/6/187439/computational-tools-project/data/embeddings_small.npz

2025-11-27 10:57:02,851 - INFO - Fitting CURE hierarchical clustering...
2025-11-27 10:59:30,810 - INFO - Fitted CURE model.

2025-11-27 10:59:30,812 - INFO - Saving linkage matrix and sample data to /zhome/ea/6/187439/computational-tools-project/locals/test_cure_5...
2025-11-27 10:59:32,545 - INFO - Saving dendrogram plot...
2025-11-27 10:59:48,162 - INFO - Davies-Bouldin Index scores for different cluster counts:
2025-11-27 10:59:48,163 - INFO -  - 2 clusters: DBI = 1.4448, Noise% = 27.84%
2025-11-27 10:59:48,845 - INFO -  - 5 clusters: DBI = 1.4188, Noise% = 11.85%
2025-11-27 10:59:48,846 - INFO -  - 10 clusters: DBI = 1.3984, Noise% = 6.23%
2025-11-27 10:59:48,847 - INFO -  - 20 clusters: DBI = 1.4856, Noise% = 4.17%
2025-11-27 10:59:48,848 - INFO - Done.
[1;34mwandb[0m: 
[1;34mwandb[0m: 🚀 View run [33mtune_cure_coarse_5[0m at: [34m[0m
[1;34mwandb[0m: Find logs at: [1;35mwandb/run-20251127_105701-4acrk8r2/logs[0m
2025-11-27 11:00:00,284 - INFO - Loading embeddings...
2025-11-27 11:00:00,326 - INFO - Loaded 4026 samples with dimension 256 from /zhome/ea/6/187439/computational-tools-project/data/embeddings_small.npz

2025-11-27 11:00:00,326 - INFO - Fitting CURE hierarchical clustering...
2025-11-27 11:02:28,133 - INFO - Fitted CURE model.

2025-11-27 11:02:28,134 - INFO - Saving linkage matrix and sample data to /zhome/ea/6/187439/computational-tools-project/locals/test_cure_5...
2025-11-27 11:02:29,815 - INFO - Saving dendrogram plot...
2025-11-27 11:02:45,316 - INFO - Davies-Bouldin Index scores for different cluster counts:
2025-11-27 11:02:45,317 - INFO -  - 2 clusters: DBI = 1.5536, Noise% = 5.86%
2025-11-27 11:02:45,740 - INFO -  - 5 clusters: DBI = 1.4905, Noise% = 2.16%
2025-11-27 11:02:45,741 - INFO -  - 10 clusters: DBI = 1.4381, Noise% = 1.66%
2025-11-27 11:02:45,741 - INFO -  - 20 clusters: DBI = 1.5085, Noise% = 1.19%
2025-11-27 11:02:45,742 - INFO - Done.
[1;34mwandb[0m: 
[1;34mwandb[0m: 🚀 View run [33mtune_cure_coarse_5[0m at: [34m[0m
[1;34mwandb[0m: Find logs at: [1;35mwandb/run-20251127_105959-ps3coip8/logs[0m
2025-11-27 11:02:56,193 - INFO - Loading embeddings...
2025-11-27 11:02:56,234 - INFO - Loaded 4026 samples with dimension 256 from /zhome/ea/6/187439/computational-tools-project/data/embeddings_small.npz

2025-11-27 11:02:56,234 - INFO - Fitting CURE hierarchical clustering...
2025-11-27 11:05:25,167 - INFO - Fitted CURE model.

2025-11-27 11:05:25,168 - INFO - Saving linkage matrix and sample data to /zhome/ea/6/187439/computational-tools-project/locals/test_cure_5...
2025-11-27 11:05:26,827 - INFO - Saving dendrogram plot...
2025-11-27 11:05:42,359 - INFO - Davies-Bouldin Index scores for different cluster counts:
2025-11-27 11:05:42,360 - INFO -  - 2 clusters: DBI = 1.5747, Noise% = 1.29%
2025-11-27 11:05:42,719 - INFO -  - 5 clusters: DBI = 1.5026, Noise% = 0.62%
2025-11-27 11:05:42,720 - INFO -  - 10 clusters: DBI = 1.4542, Noise% = 0.50%
2025-11-27 11:05:42,720 - INFO -  - 20 clusters: DBI = 1.5219, Noise% = 0.37%
2025-11-27 11:05:42,721 - INFO - Done.
[1;34mwandb[0m: 
[1;34mwandb[0m: 🚀 View run [33mtune_cure_coarse_5[0m at: [34m[0m
[1;34mwandb[0m: Find logs at: [1;35mwandb/run-20251127_110254-1gjv5uy4/logs[0m
2025-11-27 11:05:52,752 - INFO - Loading embeddings...
2025-11-27 11:05:52,791 - INFO - Loaded 4026 samples with dimension 256 from /zhome/ea/6/187439/computational-tools-project/data/embeddings_small.npz

2025-11-27 11:05:52,791 - INFO - Fitting CURE hierarchical clustering...
2025-11-27 11:08:17,467 - INFO - Fitted CURE model.

2025-11-27 11:08:17,468 - INFO - Saving linkage matrix and sample data to /zhome/ea/6/187439/computational-tools-project/locals/test_cure_5...
2025-11-27 11:08:19,130 - INFO - Saving dendrogram plot...
2025-11-27 11:08:34,437 - INFO - Davies-Bouldin Index scores for different cluster counts:
2025-11-27 11:08:34,438 - INFO -  - 2 clusters: DBI = 1.4448, Noise% = 27.84%
2025-11-27 11:08:34,801 - INFO -  - 5 clusters: DBI = 1.4188, Noise% = 11.85%
2025-11-27 11:08:34,802 - INFO -  - 10 clusters: DBI = 1.3984, Noise% = 6.23%
2025-11-27 11:08:34,803 - INFO -  - 20 clusters: DBI = 1.4856, Noise% = 4.17%
2025-11-27 11:08:34,804 - INFO - Done.
[1;34mwandb[0m: 
[1;34mwandb[0m: 🚀 View run [33mtune_cure_coarse_5[0m at: [34m[0m
[1;34mwandb[0m: Find logs at: [1;35mwandb/run-20251127_110551-jydtk4yh/logs[0m
2025-11-27 11:08:44,815 - INFO - Loading embeddings...
2025-11-27 11:08:44,853 - INFO - Loaded 4026 samples with dimension 256 from /zhome/ea/6/187439/computational-tools-project/data/embeddings_small.npz

2025-11-27 11:08:44,853 - INFO - Fitting CURE hierarchical clustering...
2025-11-27 11:11:13,379 - INFO - Fitted CURE model.

2025-11-27 11:11:13,381 - INFO - Saving linkage matrix and sample data to /zhome/ea/6/187439/computational-tools-project/locals/test_cure_5...
2025-11-27 11:11:15,048 - INFO - Saving dendrogram plot...
2025-11-27 11:11:30,794 - INFO - Davies-Bouldin Index scores for different cluster counts:
2025-11-27 11:11:30,794 - INFO -  - 2 clusters: DBI = 1.5536, Noise% = 5.86%
2025-11-27 11:11:31,155 - INFO -  - 5 clusters: DBI = 1.4905, Noise% = 2.16%
2025-11-27 11:11:31,156 - INFO -  - 10 clusters: DBI = 1.4381, Noise% = 1.66%
2025-11-27 11:11:31,157 - INFO -  - 20 clusters: DBI = 1.5085, Noise% = 1.19%
2025-11-27 11:11:31,158 - INFO - Done.
[1;34mwandb[0m: 
[1;34mwandb[0m: 🚀 View run [33mtune_cure_coarse_5[0m at: [34m[0m
[1;34mwandb[0m: Find logs at: [1;35mwandb/run-20251127_110843-m9hd66na/logs[0m
2025-11-27 11:11:41,136 - INFO - Loading embeddings...
2025-11-27 11:11:41,174 - INFO - Loaded 4026 samples with dimension 256 from /zhome/ea/6/187439/computational-tools-project/data/embeddings_small.npz

2025-11-27 11:11:41,175 - INFO - Fitting CURE hierarchical clustering...
2025-11-27 11:14:07,725 - INFO - Fitted CURE model.

2025-11-27 11:14:07,727 - INFO - Saving linkage matrix and sample data to /zhome/ea/6/187439/computational-tools-project/locals/test_cure_5...
2025-11-27 11:14:09,389 - INFO - Saving dendrogram plot...
2025-11-27 11:14:24,650 - INFO - Davies-Bouldin Index scores for different cluster counts:
2025-11-27 11:14:24,651 - INFO -  - 2 clusters: DBI = 1.5747, Noise% = 1.29%
2025-11-27 11:14:25,017 - INFO -  - 5 clusters: DBI = 1.5026, Noise% = 0.62%
2025-11-27 11:14:25,018 - INFO -  - 10 clusters: DBI = 1.4542, Noise% = 0.50%
2025-11-27 11:14:25,019 - INFO -  - 20 clusters: DBI = 1.5219, Noise% = 0.37%
2025-11-27 11:14:25,019 - INFO - Done.
[1;34mwandb[0m: 
[1;34mwandb[0m: 🚀 View run [33mtune_cure_coarse_5[0m at: [34m[0m
[1;34mwandb[0m: Find logs at: [1;35mwandb/run-20251127_111139-8ufrcrna/logs[0m
2025-11-27 11:14:35,244 - INFO - Loading embeddings...
2025-11-27 11:14:35,278 - INFO - Loaded 4026 samples with dimension 256 from /zhome/ea/6/187439/computational-tools-project/data/embeddings_small.npz

2025-11-27 11:14:35,278 - INFO - Fitting CURE hierarchical clustering...
2025-11-27 11:17:39,100 - INFO - Fitted CURE model.

2025-11-27 11:17:39,102 - INFO - Saving linkage matrix and sample data to /zhome/ea/6/187439/computational-tools-project/locals/test_cure_5...
2025-11-27 11:17:40,861 - INFO - Saving dendrogram plot...
2025-11-27 11:17:55,998 - INFO - Davies-Bouldin Index scores for different cluster counts:
2025-11-27 11:17:55,999 - INFO -  - 2 clusters: DBI = 1.3428, Noise% = 26.65%
2025-11-27 11:17:56,363 - INFO -  - 5 clusters: DBI = 1.2572, Noise% = 15.72%
2025-11-27 11:17:56,364 - INFO -  - 10 clusters: DBI = 1.3387, Noise% = 7.48%
2025-11-27 11:17:56,365 - INFO -  - 20 clusters: DBI = 1.3767, Noise% = 4.62%
2025-11-27 11:17:56,365 - INFO - Done.
[1;34mwandb[0m: 
[1;34mwandb[0m: 🚀 View run [33mtune_cure_coarse_5[0m at: [34m[0m
[1;34mwandb[0m: Find logs at: [1;35mwandb/run-20251127_111433-w9vt1jx3/logs[0m
2025-11-27 11:18:06,692 - INFO - Loading embeddings...
2025-11-27 11:18:06,733 - INFO - Loaded 4026 samples with dimension 256 from /zhome/ea/6/187439/computational-tools-project/data/embeddings_small.npz

2025-11-27 11:18:06,734 - INFO - Fitting CURE hierarchical clustering...
2025-11-27 11:21:02,567 - INFO - Fitted CURE model.

2025-11-27 11:21:02,568 - INFO - Saving linkage matrix and sample data to /zhome/ea/6/187439/computational-tools-project/locals/test_cure_5...
2025-11-27 11:21:04,190 - INFO - Saving dendrogram plot...
2025-11-27 11:21:18,040 - INFO - Davies-Bouldin Index scores for different cluster counts:
2025-11-27 11:21:18,041 - INFO -  - 2 clusters: DBI = 1.4433, Noise% = 6.28%
2025-11-27 11:21:18,407 - INFO -  - 5 clusters: DBI = 1.3340, Noise% = 3.40%
2025-11-27 11:21:18,408 - INFO -  - 10 clusters: DBI = 1.3884, Noise% = 2.04%
2025-11-27 11:21:18,409 - INFO -  - 20 clusters: DBI = 1.4035, Noise% = 1.44%
2025-11-27 11:21:18,410 - INFO - Done.
[1;34mwandb[0m: 
[1;34mwandb[0m: 🚀 View run [33mtune_cure_coarse_5[0m at: [34m[0m
[1;34mwandb[0m: Find logs at: [1;35mwandb/run-20251127_111805-zn72bbuz/logs[0m
2025-11-27 11:21:28,496 - INFO - Loading embeddings...
2025-11-27 11:21:28,535 - INFO - Loaded 4026 samples with dimension 256 from /zhome/ea/6/187439/computational-tools-project/data/embeddings_small.npz

2025-11-27 11:21:28,535 - INFO - Fitting CURE hierarchical clustering...
2025-11-27 11:24:18,013 - INFO - Fitted CURE model.

2025-11-27 11:24:18,015 - INFO - Saving linkage matrix and sample data to /zhome/ea/6/187439/computational-tools-project/locals/test_cure_5...
2025-11-27 11:24:19,667 - INFO - Saving dendrogram plot...
2025-11-27 11:24:33,156 - INFO - Davies-Bouldin Index scores for different cluster counts:
2025-11-27 11:24:33,157 - INFO -  - 2 clusters: DBI = 1.4911, Noise% = 1.34%
2025-11-27 11:24:33,520 - INFO -  - 5 clusters: DBI = 1.3637, Noise% = 0.87%
2025-11-27 11:24:33,521 - INFO -  - 10 clusters: DBI = 1.4072, Noise% = 0.67%
2025-11-27 11:24:33,522 - INFO -  - 20 clusters: DBI = 1.4242, Noise% = 0.45%
2025-11-27 11:24:33,523 - INFO - Done.
[1;34mwandb[0m: 
[1;34mwandb[0m: 🚀 View run [33mtune_cure_coarse_5[0m at: [34m[0m
[1;34mwandb[0m: Find logs at: [1;35mwandb/run-20251127_112127-nohj1azn/logs[0m
2025-11-27 11:24:43,526 - INFO - Loading embeddings...
2025-11-27 11:24:43,560 - INFO - Loaded 4026 samples with dimension 256 from /zhome/ea/6/187439/computational-tools-project/data/embeddings_small.npz

2025-11-27 11:24:43,561 - INFO - Fitting CURE hierarchical clustering...
2025-11-27 11:27:34,217 - INFO - Fitted CURE model.

2025-11-27 11:27:34,218 - INFO - Saving linkage matrix and sample data to /zhome/ea/6/187439/computational-tools-project/locals/test_cure_5...
2025-11-27 11:27:35,863 - INFO - Saving dendrogram plot...
2025-11-27 11:27:49,494 - INFO - Davies-Bouldin Index scores for different cluster counts:
2025-11-27 11:27:49,495 - INFO -  - 2 clusters: DBI = 1.3428, Noise% = 26.65%
2025-11-27 11:27:49,847 - INFO -  - 5 clusters: DBI = 1.2572, Noise% = 15.72%
2025-11-27 11:27:49,848 - INFO -  - 10 clusters: DBI = 1.3387, Noise% = 7.48%
2025-11-27 11:27:49,849 - INFO -  - 20 clusters: DBI = 1.3767, Noise% = 4.62%
2025-11-27 11:27:49,849 - INFO - Done.
[1;34mwandb[0m: 
[1;34mwandb[0m: 🚀 View run [33mtune_cure_coarse_5[0m at: [34m[0m
[1;34mwandb[0m: Find logs at: [1;35mwandb/run-20251127_112442-d3mp177t/logs[0m
2025-11-27 11:27:59,927 - INFO - Loading embeddings...
2025-11-27 11:27:59,963 - INFO - Loaded 4026 samples with dimension 256 from /zhome/ea/6/187439/computational-tools-project/data/embeddings_small.npz

2025-11-27 11:27:59,963 - INFO - Fitting CURE hierarchical clustering...
2025-11-27 11:30:47,919 - INFO - Fitted CURE model.

2025-11-27 11:30:47,920 - INFO - Saving linkage matrix and sample data to /zhome/ea/6/187439/computational-tools-project/locals/test_cure_5...
2025-11-27 11:30:49,583 - INFO - Saving dendrogram plot...
2025-11-27 11:31:03,162 - INFO - Davies-Bouldin Index scores for different cluster counts:
2025-11-27 11:31:03,162 - INFO -  - 2 clusters: DBI = 1.4433, Noise% = 6.28%
2025-11-27 11:31:03,515 - INFO -  - 5 clusters: DBI = 1.3340, Noise% = 3.40%
2025-11-27 11:31:03,516 - INFO -  - 10 clusters: DBI = 1.3884, Noise% = 2.04%
2025-11-27 11:31:03,517 - INFO -  - 20 clusters: DBI = 1.4035, Noise% = 1.44%
2025-11-27 11:31:03,518 - INFO - Done.
[1;34mwandb[0m: 
[1;34mwandb[0m: 🚀 View run [33mtune_cure_coarse_5[0m at: [34m[0m
[1;34mwandb[0m: Find logs at: [1;35mwandb/run-20251127_112758-ynw0zjaj/logs[0m
2025-11-27 11:31:13,491 - INFO - Loading embeddings...
2025-11-27 11:31:13,527 - INFO - Loaded 4026 samples with dimension 256 from /zhome/ea/6/187439/computational-tools-project/data/embeddings_small.npz

2025-11-27 11:31:13,527 - INFO - Fitting CURE hierarchical clustering...
2025-11-27 11:34:06,978 - INFO - Fitted CURE model.

2025-11-27 11:34:06,979 - INFO - Saving linkage matrix and sample data to /zhome/ea/6/187439/computational-tools-project/locals/test_cure_5...
2025-11-27 11:34:08,638 - INFO - Saving dendrogram plot...
2025-11-27 11:34:22,541 - INFO - Davies-Bouldin Index scores for different cluster counts:
2025-11-27 11:34:22,541 - INFO -  - 2 clusters: DBI = 1.4911, Noise% = 1.34%
2025-11-27 11:34:22,904 - INFO -  - 5 clusters: DBI = 1.3637, Noise% = 0.87%
2025-11-27 11:34:22,905 - INFO -  - 10 clusters: DBI = 1.4072, Noise% = 0.67%
2025-11-27 11:34:22,906 - INFO -  - 20 clusters: DBI = 1.4242, Noise% = 0.45%
2025-11-27 11:34:22,907 - INFO - Done.
[1;34mwandb[0m: 
[1;34mwandb[0m: 🚀 View run [33mtune_cure_coarse_5[0m at: [34m[0m
[1;34mwandb[0m: Find logs at: [1;35mwandb/run-20251127_113112-zj2rt3eb/logs[0m
