wandb: Currently logged in as: bertram-hage (bertram-hage-danmarks-tekniske-universitet-dtu) to https://api.wandb.ai. Use `wandb login --relogin` to force relogin
wandb: setting up run 21iur4es
wandb: Tracking run with wandb version 0.23.0
wandb: Run data is saved locally in /zhome/ea/6/187439/computational-tools-project/wandb/run-20251126_230205-21iur4es
wandb: Run `wandb offline` to turn off syncing.
wandb: Syncing run tune_cure_fine
wandb: ⭐️ View project at https://wandb.ai/bertram-hage-danmarks-tekniske-universitet-dtu/Computational-Tools
wandb: 🚀 View run at https://wandb.ai/bertram-hage-danmarks-tekniske-universitet-dtu/Computational-Tools/runs/21iur4es
Traceback (most recent call last):
  File "<frozen runpy>", line 198, in _run_module_as_main
  File "<frozen runpy>", line 88, in _run_code
  File "/zhome/ea/6/187439/computational-tools-project/src/clustering/hierarchical.py", line 669, in <module>
    cure.fit(embeddings)
  File "/zhome/ea/6/187439/computational-tools-project/src/clustering/hierarchical.py", line 404, in fit
    self.agg_.fit(self.X_sample_)
  File "/zhome/ea/6/187439/computational-tools-project/src/clustering/hierarchical.py", line 126, in fit
    dist = self._compute_distance(current_clusters[id1], current_clusters[id2], X)
           ^^^^^^^^^^^^^^^^^^^^^^^^^^^^^^^^^^^^^^^^^^^^^^^^^^^^^^^^^^^^^^^^^^^^^^^
  File "/zhome/ea/6/187439/computational-tools-project/src/clustering/hierarchical.py", line 48, in _compute_distance
    for p2 in points2:
              ^^^^^^^
KeyboardInterrupt
socket.send() raised exception.
socket.send() raised exception.
socket.send() raised exception.
socket.send() raised exception.
socket.send() raised exception.
socket.send() raised exception.
socket.send() raised exception.
socket.send() raised exception.
socket.send() raised exception.
socket.send() raised exception.
socket.send() raised exception.
socket.send() raised exception.
socket.send() raised exception.
socket.send() raised exception.
socket.send() raised exception.
socket.send() raised exception.
socket.send() raised exception.
socket.send() raised exception.
socket.send() raised exception.
socket.send() raised exception.
socket.send() raised exception.
socket.send() raised exception.
socket.send() raised exception.
socket.send() raised exception.
socket.send() raised exception.
socket.send() raised exception.
socket.send() raised exception.
socket.send() raised exception.
Exception ignored in atexit callback: socket.send() raised exception.
socket.send() raised exception.
<function _start_and_connect_service.<locals>.teardown_atexit at 0x7f339954d940>
Traceback (most recent call last):
  File "/zhome/ea/6/187439/computational-tools-project/.venv/lib/python3.12/site-packages/wandb/sdk/lib/service/service_connection.py", line 61, in teardown_atexit
    conn.teardown(hooks.exit_code)
  File "/zhome/ea/6/187439/computational-tools-project/.venv/lib/python3.12/site-packages/wandb/sdk/lib/service/service_connection.py", line 236, in teardown
    self._asyncer.run(publish_teardown_and_close)
  File "/zhome/ea/6/187439/computational-tools-project/.venv/lib/python3.12/site-packages/wandb/sdk/lib/asyncio_manager.py", line 136, in run
socket.send() raised exception.
    return future.result()
socket.send() raised exception.
         socket.send() raised exception.
  socket.send() raised exception.
^^^^^^^^^^socket.send() raised exception.
socket.send() raised exception.
^^^^^
  File "/appl9/python/3.12.11/lib/python3.12/concurrent/futures/_base.py", line 456, in result
socket.send() raised exception.
socket.send() raised exception.
    return self.__get_result()socket.send() raised exception.
socket.send() raised exception.

       socket.send() raised exception.
  socket.send() raised exception.
  ^^^^^^^^^socket.send() raised exception.
^^socket.send() raised exception.
^^^^^^^^
socket.send() raised exception.
  File "/appl9/python/3.12.11/lib/python3.12/concurrent/futures/_base.py", line 401, in __get_result
socket.send() raised exception.
    raise self._exceptionsocket.send() raised exception.
socket.send() raised exception.

  File "/zhome/ea/6/187439/computational-tools-project/.venv/lib/python3.12/site-packages/wandb/sdk/lib/asyncio_manager.py", line 181, in fn_wrap_exceptions
socket.send() raised exception.
    await fn()
socket.send() raised exception.
  File "/zhome/ea/6/187439/computational-tools-project/.venv/lib/python3.12/site-packages/wandb/sdk/lib/service/service_client.py", line 38, in publish
socket.send() raised exception.
    await self._send_server_request(request)
  File "/zhome/ea/6/187439/computational-tools-project/.venv/lib/python3.12/site-packages/wandb/sdk/lib/service/service_client.py", line 64, in _send_server_request
socket.send() raised exception.
    await self._writer.drain()
  File "/appl9/python/3.12.11/lib/python3.12/asyncio/streams.py", line 380, in drain
socket.send() raised exception.
socket.send() raised exception.
    raise excsocket.send() raised exception.
socket.send() raised exception.

  File "/zhome/ea/6/187439/computational-tools-project/.venv/lib/python3.12/site-packages/wandb/sdk/lib/asyncio_manager.py", line 181, in fn_wrap_exceptions
socket.send() raised exception.
    await fn()socket.send() raised exception.

  File "/zhome/ea/6/187439/computational-tools-project/.venv/lib/python3.12/site-packages/wandb/sdk/lib/service/service_client.py", line 38, in publish
socket.send() raised exception.
    await self._send_server_request(request)socket.send() raised exception.

  File "/zhome/ea/6/187439/computational-tools-project/.venv/lib/python3.12/site-packages/wandb/sdk/lib/service/service_client.py", line 64, in _send_server_request
socket.send() raised exception.
    await self._writer.drain()socket.send() raised exception.

  File "/appl9/python/3.12.11/lib/python3.12/asyncio/streams.py", line 380, in drain
socket.send() raised exception.
    raise exc
  File "/zhome/ea/6/187439/computational-tools-project/.venv/lib/python3.12/site-packages/wandb/sdk/lib/asyncio_manager.py", line 219, in _wrap
socket.send() raised exception.
    return await fn()
   socket.send() raised exception.
socket.send() raised exception.
        ^socket.send() raised exception.
^^socket.send() raised exception.
^^^^^^^
  File "/zhome/ea/6/187439/computational-tools-project/.venv/lib/python3.12/site-packages/wandb/sdk/lib/service/service_connection.py", line 227, in publish_teardown_and_close
socket.send() raised exception.
socket.send() raised exception.
    await self._client.publish(
socket.send() raised exception.
  File "/zhome/ea/6/187439/computational-tools-project/.venv/lib/python3.12/site-packages/wandb/sdk/lib/service/service_client.py", line 38, in publish
socket.send() raised exception.
    await self._send_server_request(request)
  File "/zhome/ea/6/187439/computational-tools-project/.venv/lib/python3.12/site-packages/wandb/sdk/lib/service/service_client.py", line 64, in _send_server_request
socket.send() raised exception.
socket.send() raised exception.
    await self._writer.drain()
  File "/appl9/python/3.12.11/lib/python3.12/asyncio/streams.py", line 380, in drain
socket.send() raised exception.
socket.send() raised exception.
    raise excsocket.send() raised exception.

socket.send() raised exception.
  File "/zhome/ea/6/187439/computational-tools-project/.venv/lib/python3.12/site-packages/wandb/sdk/lib/asyncio_manager.py", line 181, in fn_wrap_exceptions
socket.send() raised exception.
    socket.send() raised exception.
await fn()
  File "/zhome/ea/6/187439/computational-tools-project/.venv/lib/python3.12/site-packages/wandb/sdk/lib/service/service_client.py", line 38, in publish
socket.send() raised exception.
    socket.send() raised exception.
await self._send_server_request(request)
  File "/zhome/ea/6/187439/computational-tools-project/.venv/lib/python3.12/site-packages/wandb/sdk/lib/service/service_client.py", line 64, in _send_server_request
socket.send() raised exception.
    socket.send() raised exception.
await self._writer.drain()
  File "/appl9/python/3.12.11/lib/python3.12/asyncio/streams.py", line 380, in drain
socket.send() raised exception.
    raise excsocket.send() raised exception.

  File "/zhome/ea/6/187439/computational-tools-project/.venv/lib/python3.12/site-packages/wandb/sdk/lib/asyncio_manager.py", line 181, in fn_wrap_exceptions
socket.send() raised exception.
    await fn()socket.send() raised exception.

  File "/zhome/ea/6/187439/computational-tools-project/.venv/lib/python3.12/site-packages/wandb/sdk/lib/service/service_client.py", line 38, in publish
socket.send() raised exception.
    await self._send_server_request(request)socket.send() raised exception.

  File "/zhome/ea/6/187439/computational-tools-project/.venv/lib/python3.12/site-packages/wandb/sdk/lib/service/service_client.py", line 64, in _send_server_request
socket.send() raised exception.
    socket.send() raised exception.
await self._writer.drain()
  File "/appl9/python/3.12.11/lib/python3.12/asyncio/streams.py", line 380, in drain
socket.send() raised exception.
socket.send() raised exception.
    raise exc
  File "/zhome/ea/6/187439/computational-tools-project/.venv/lib/python3.12/site-packages/wandb/sdk/lib/asyncio_manager.py", line 181, in fn_wrap_exceptions
socket.send() raised exception.
    socket.send() raised exception.
await fn()
  File "/zhome/ea/6/187439/computational-tools-project/.venv/lib/python3.12/site-packages/wandb/sdk/lib/service/service_client.py", line 38, in publish
socket.send() raised exception.
    await self._send_server_request(request)socket.send() raised exception.

  File "/zhome/ea/6/187439/computational-tools-project/.venv/lib/python3.12/site-packages/wandb/sdk/lib/service/service_client.py", line 64, in _send_server_request
socket.send() raised exception.
    await self._writer.drain()socket.send() raised exception.

  File "/appl9/python/3.12.11/lib/python3.12/asyncio/streams.py", line 380, in drain
socket.send() raised exception.
    raise exc
  File "/zhome/ea/6/187439/computational-tools-project/.venv/lib/python3.12/site-packages/wandb/sdk/lib/asyncio_manager.py", line 181, in fn_wrap_exceptions
socket.send() raised exception.
    await fn()
  File "/zhome/ea/6/187439/computational-tools-project/.venv/lib/python3.12/site-packages/wandb/sdk/lib/service/service_client.py", line 38, in publish
socket.send() raised exception.
socket.send() raised exception.
    await self._send_server_request(request)
socket.send() raised exception.
  File "/zhome/ea/6/187439/computational-tools-project/.venv/lib/python3.12/site-packages/wandb/sdk/lib/service/service_client.py", line 64, in _send_server_request
socket.send() raised exception.
    await self._writer.drain()
  File "/appl9/python/3.12.11/lib/python3.12/asyncio/streams.py", line 380, in drain
socket.send() raised exception.
socket.send() raised exception.
    raise excsocket.send() raised exception.
socket.send() raised exception.

  File "/zhome/ea/6/187439/computational-tools-project/.venv/lib/python3.12/site-packages/wandb/sdk/lib/asyncio_manager.py", line 181, in fn_wrap_exceptions
socket.send() raised exception.
    await fn()socket.send() raised exception.

  File "/zhome/ea/6/187439/computational-tools-project/.venv/lib/python3.12/site-packages/wandb/sdk/lib/service/service_client.py", line 38, in publish
socket.send() raised exception.
    await self._send_server_request(request)socket.send() raised exception.

  File "/zhome/ea/6/187439/computational-tools-project/.venv/lib/python3.12/site-packages/wandb/sdk/lib/service/service_client.py", line 64, in _send_server_request
socket.send() raised exception.
    await self._writer.drain()socket.send() raised exception.

  File "/appl9/python/3.12.11/lib/python3.12/asyncio/streams.py", line 380, in drain
socket.send() raised exception.
    raise exc
  File "/zhome/ea/6/187439/computational-tools-project/.venv/lib/python3.12/site-packages/wandb/sdk/lib/asyncio_manager.py", line 181, in fn_wrap_exceptions
socket.send() raised exception.
    await fn()
  File "/zhome/ea/6/187439/computational-tools-project/.venv/lib/python3.12/site-packages/wandb/sdk/lib/service/service_client.py", line 38, in publish
socket.send() raised exception.
socket.send() raised exception.
    await self._send_server_request(request)
  File "/zhome/ea/6/187439/computational-tools-project/.venv/lib/python3.12/site-packages/wandb/sdk/lib/service/service_client.py", line 64, in _send_server_request
socket.send() raised exception.
socket.send() raised exception.
    await self._writer.drain()
  File "/appl9/python/3.12.11/lib/python3.12/asyncio/streams.py", line 380, in drain
socket.send() raised exception.
socket.send() raised exception.
    raise excsocket.send() raised exception.
socket.send() raised exception.

  File "/zhome/ea/6/187439/computational-tools-project/.venv/lib/python3.12/site-packages/wandb/sdk/lib/asyncio_manager.py", line 181, in fn_wrap_exceptions
socket.send() raised exception.
    await fn()socket.send() raised exception.

  File "/zhome/ea/6/187439/computational-tools-project/.venv/lib/python3.12/site-packages/wandb/sdk/lib/service/service_client.py", line 38, in publish
socket.send() raised exception.
    socket.send() raised exception.
await self._send_server_request(request)
  File "/zhome/ea/6/187439/computational-tools-project/.venv/lib/python3.12/site-packages/wandb/sdk/lib/service/service_client.py", line 64, in _send_server_request
socket.send() raised exception.
    await self._writer.drain()
  File "/appl9/python/3.12.11/lib/python3.12/asyncio/streams.py", line 380, in drain
socket.send() raised exception.
    raise excsocket.send() raised exception.
socket.send() raised exception.

  File "/zhome/ea/6/187439/computational-tools-project/.venv/lib/python3.12/site-packages/wandb/sdk/lib/asyncio_manager.py", line 181, in fn_wrap_exceptions
socket.send() raised exception.
    socket.send() raised exception.
await fn()
  File "/zhome/ea/6/187439/computational-tools-project/.venv/lib/python3.12/site-packages/wandb/sdk/lib/service/service_client.py", line 38, in publish
    socket.send() raised exception.
socket.send() raised exception.
await self._send_server_request(request)
  File "/zhome/ea/6/187439/computational-tools-project/.venv/lib/python3.12/site-packages/wandb/sdk/lib/service/service_client.py", line 64, in _send_server_request
socket.send() raised exception.
    socket.send() raised exception.
await self._writer.drain()
  File "/appl9/python/3.12.11/lib/python3.12/asyncio/streams.py", line 380, in drain
socket.send() raised exception.
    raise exc
  File "/zhome/ea/6/187439/computational-tools-project/.venv/lib/python3.12/site-packages/wandb/sdk/lib/asyncio_manager.py", line 181, in fn_wrap_exceptions
socket.send() raised exception.
    await fn()
  File "/zhome/ea/6/187439/computational-tools-project/.venv/lib/python3.12/site-packages/wandb/sdk/lib/service/service_client.py", line 38, in publish
socket.send() raised exception.
socket.send() raised exception.
    await self._send_server_request(request)
  File "/zhome/ea/6/187439/computational-tools-project/.venv/lib/python3.12/site-packages/wandb/sdk/lib/service/service_client.py", line 64, in _send_server_request
socket.send() raised exception.
socket.send() raised exception.
    await self._writer.drain()
  File "/appl9/python/3.12.11/lib/python3.12/asyncio/streams.py", line 380, in drain
socket.send() raised exception.
    raise exc
  File "/zhome/ea/6/187439/computational-tools-project/.venv/lib/python3.12/site-packages/wandb/sdk/lib/asyncio_manager.py", line 181, in fn_wrap_exceptions
socket.send() raised exception.
    await fn()
  File "/zhome/ea/6/187439/computational-tools-project/.venv/lib/python3.12/site-packages/wandb/sdk/lib/service/service_client.py", line 38, in publish
socket.send() raised exception.
socket.send() raised exception.
    await self._send_server_request(request)
  File "/zhome/ea/6/187439/computational-tools-project/.venv/lib/python3.12/site-packages/wandb/sdk/lib/service/service_client.py", line 64, in _send_server_request
socket.send() raised exception.
socket.send() raised exception.
    await self._writer.drain()
  File "/appl9/python/3.12.11/lib/python3.12/asyncio/streams.py", line 380, in drain
socket.send() raised exception.
socket.send() raised exception.
    raise exc
socket.send() raised exception.
  File "/zhome/ea/6/187439/computational-tools-project/.venv/lib/python3.12/site-packages/wandb/sdk/lib/service/service_client.py", line 73, in _forward_responses
socket.send() raised exception.
    while response := await self._read_server_response():
 socket.send() raised exception.
socket.send() raised exception.
           socket.send() raised exception.
socket.send() raised exception.
         socket.send() raised exception.
 ^socket.send() raised exception.
^^^^^^^^^^socket.send() raised exception.
socket.send() raised exception.
^^^^^^^^^socket.send() raised exception.
socket.send() raised exception.
^^^^^^^^^socket.send() raised exception.
socket.send() raised exception.
^^^^^
  File "/zhome/ea/6/187439/computational-tools-project/.venv/lib/python3.12/site-packages/wandb/sdk/lib/service/service_client.py", line 87, in _read_server_response
socket.send() raised exception.
socket.send() raised exception.
    header = await self._reader.readexactly(_HEADER_BYTE_INT_LEN)
  socket.send() raised exception.
socket.send() raised exception.
           socket.send() raised exception.
socket.send() raised exception.
^^^^^^^^^socket.send() raised exception.
socket.send() raised exception.
^^^^^^^^^socket.send() raised exception.
socket.send() raised exception.
^^^^^^^^socket.send() raised exception.
socket.send() raised exception.
^^^^^^^^socket.send() raised exception.
socket.send() raised exception.
^^^^^^^^^^socket.send() raised exception.
socket.send() raised exception.
^^^^^^^^
socket.send() raised exception.
  File "/appl9/python/3.12.11/lib/python3.12/asyncio/streams.py", line 752, in readexactly
socket.send() raised exception.
    await self._wait_for_data('readexactly')
socket.send() raised exception.
  File "/appl9/python/3.12.11/lib/python3.12/asyncio/streams.py", line 545, in _wait_for_data
socket.send() raised exception.
    await self._waiter
socket.send() raised exception.
  File "/appl9/python/3.12.11/lib/python3.12/asyncio/selector_events.py", line 1075, in write
socket.send() raised exception.
    n = self._sock.send(data)
socket.send() raised exception.
 socket.send() raised exception.
       ^^^^socket.send() raised exception.
socket.send() raised exception.
^^^^^^^^^socket.send() raised exception.
socket.send() raised exception.
^^^^^^^^socket.send() raised exception.
socket.send() raised exception.

BrokenPipeError: [Errno 32] Broken pipe
socket.send() raised exception.
socket.send() raised exception.
socket.send() raised exception.
socket.send() raised exception.
