2025-11-27 13:49:43,830 - INFO - Loading embeddings...
2025-11-27 13:49:47,220 - INFO - Loaded 362986 samples with dimension 256 from /zhome/ea/6/187439/computational-tools-project/data/embeddings.npz

2025-11-27 13:49:47,220 - INFO - Fitting CURE hierarchical clustering...
2025-11-27 15:08:51,843 - INFO - Fitted CURE model.

2025-11-27 15:08:51,845 - INFO - Saving linkage matrix and sample data to /zhome/ea/6/187439/computational-tools-project/locals/train_cure...
2025-11-27 15:08:53,457 - INFO - Saving dendrogram plot...
2025-11-27 15:21:55,600 - INFO - Davies-Bouldin Index scores for different cluster counts:
2025-11-27 15:21:55,601 - INFO -  - 2 clusters: DBI = 0.9090, Noise% = 24.33%
2025-11-27 15:22:04,984 - INFO -  - 5 clusters: DBI = 1.2359, Noise% = 3.68%
2025-11-27 15:22:04,986 - INFO -  - 10 clusters: DBI = 1.4283, Noise% = 1.33%
2025-11-27 15:22:04,987 - INFO -  - 20 clusters: DBI = 1.3479, Noise% = 0.51%
2025-11-27 15:22:04,988 - INFO - Done.
[1;34mwandb[0m: 
[1;34mwandb[0m: 🚀 View run [33mtrain_cure_final[0m at: [34m[0m
[1;34mwandb[0m: Find logs at: [1;35mwandb/run-20251127_134941-fmtmwutl/logs[0m
2025-11-27 15:22:37,109 - INFO - Loading embeddings...
2025-11-27 15:22:39,167 - INFO - Loaded 362986 samples with dimension 256 from /zhome/ea/6/187439/computational-tools-project/data/embeddings.npz

2025-11-27 15:22:39,168 - INFO - Fitting CURE hierarchical clustering...
2025-11-27 16:47:47,765 - INFO - Fitted CURE model.

2025-11-27 16:47:47,766 - INFO - Saving linkage matrix and sample data to /zhome/ea/6/187439/computational-tools-project/locals/train_cure...
2025-11-27 16:47:49,670 - INFO - Saving dendrogram plot...
2025-11-27 17:01:45,089 - INFO - Davies-Bouldin Index scores for different cluster counts:
2025-11-27 17:01:45,090 - INFO -  - 2 clusters: DBI = 1.0900, Noise% = 29.76%
2025-11-27 17:01:46,180 - INFO -  - 5 clusters: DBI = 1.2530, Noise% = 4.15%
2025-11-27 17:01:46,181 - INFO -  - 10 clusters: DBI = 1.4236, Noise% = 1.14%
2025-11-27 17:01:46,183 - INFO -  - 20 clusters: DBI = 1.3556, Noise% = 0.29%
2025-11-27 17:01:46,184 - INFO - Done.
[1;34mwandb[0m: 
[1;34mwandb[0m: 🚀 View run [33mtrain_cure_final[0m at: [34m[0m
[1;34mwandb[0m: Find logs at: [1;35mwandb/run-20251127_152235-c40u0l8v/logs[0m
